[2024-10-11T15:00:02.141+0000] {local_task_job_runner.py:120} INFO - ::group::Pre task execution logs
[2024-10-11T15:00:02.164+0000] {taskinstance.py:2076} INFO - Dependencies all met for dep_context=non-requeueable deps ti=<TaskInstance: user_behaviour.extract_user_purchase_data scheduled__2024-10-01T00:00:00+00:00 [queued]>
[2024-10-11T15:00:02.173+0000] {taskinstance.py:2076} INFO - Dependencies all met for dep_context=requeueable deps ti=<TaskInstance: user_behaviour.extract_user_purchase_data scheduled__2024-10-01T00:00:00+00:00 [queued]>
[2024-10-11T15:00:02.174+0000] {taskinstance.py:2306} INFO - Starting attempt 1 of 3
[2024-10-11T15:00:02.188+0000] {taskinstance.py:2330} INFO - Executing <Task(PostgresOperator): extract_user_purchase_data> on 2024-10-01 00:00:00+00:00
[2024-10-11T15:00:02.195+0000] {warnings.py:112} WARNING - /home/***/.local/lib/python3.12/site-packages/***/task/task_runner/standard_task_runner.py:61: DeprecationWarning: This process (pid=117) is multi-threaded, use of fork() may lead to deadlocks in the child.
  pid = os.fork()

[2024-10-11T15:00:02.197+0000] {standard_task_runner.py:63} INFO - Started process 119 to run task
[2024-10-11T15:00:02.196+0000] {standard_task_runner.py:90} INFO - Running: ['***', 'tasks', 'run', 'user_behaviour', 'extract_user_purchase_data', 'scheduled__2024-10-01T00:00:00+00:00', '--job-id', '3', '--raw', '--subdir', 'DAGS_FOLDER/user_behaviour.py', '--cfg-path', '/tmp/tmpbre277pp']
[2024-10-11T15:00:02.199+0000] {standard_task_runner.py:91} INFO - Job 3: Subtask extract_user_purchase_data
[2024-10-11T15:00:02.252+0000] {task_command.py:426} INFO - Running <TaskInstance: user_behaviour.extract_user_purchase_data scheduled__2024-10-01T00:00:00+00:00 [running]> on host 40ee99ca9dd7
[2024-10-11T15:00:02.342+0000] {taskinstance.py:2648} INFO - Exporting env vars: AIRFLOW_CTX_DAG_OWNER='***' AIRFLOW_CTX_DAG_ID='user_behaviour' AIRFLOW_CTX_TASK_ID='extract_user_purchase_data' AIRFLOW_CTX_EXECUTION_DATE='2024-10-01T00:00:00+00:00' AIRFLOW_CTX_TRY_NUMBER='1' AIRFLOW_CTX_DAG_RUN_ID='scheduled__2024-10-01T00:00:00+00:00'
[2024-10-11T15:00:02.344+0000] {taskinstance.py:430} INFO - ::endgroup::
[2024-10-11T15:00:02.369+0000] {sql.py:276} INFO - Executing: COPY (
       select invoice_number,
              stock_code,
              detail,
              quantity,
              invoice_date,
              unit_price,
              customer_id,
              country
       from retail.user_purchase -- we should have a date filter here to pull only required data
) TO '/temp/user_purchase.csv' WITH (FORMAT CSV, HEADER);
[2024-10-11T15:00:02.370+0000] {crypto.py:82} WARNING - empty cryptography key - values will not be stored encrypted.
[2024-10-11T15:00:02.371+0000] {base.py:84} INFO - Using connection ID 'postgres_default' for task execution.
[2024-10-11T15:00:02.376+0000] {base.py:84} INFO - Using connection ID 'postgres_default' for task execution.
[2024-10-11T15:00:02.380+0000] {sql.py:487} INFO - Running statement: COPY (
       select invoice_number,
              stock_code,
              detail,
              quantity,
              invoice_date,
              unit_price,
              customer_id,
              country
       from retail.user_purchase -- we should have a date filter here to pull only required data
) TO '/temp/user_purchase.csv' WITH (FORMAT CSV, HEADER);, parameters: None
[2024-10-11T15:00:03.289+0000] {sql.py:496} INFO - Rows affected: 541908
[2024-10-11T15:00:03.291+0000] {taskinstance.py:441} INFO - ::group::Post task execution logs
[2024-10-11T15:00:03.305+0000] {taskinstance.py:1206} INFO - Marking task as SUCCESS. dag_id=user_behaviour, task_id=extract_user_purchase_data, run_id=scheduled__2024-10-01T00:00:00+00:00, execution_date=20241001T000000, start_date=20241011T150002, end_date=20241011T150003
[2024-10-11T15:00:03.347+0000] {local_task_job_runner.py:240} INFO - Task exited with return code 0
[2024-10-11T15:00:03.360+0000] {warnings.py:112} WARNING - /home/***/.local/lib/python3.12/site-packages/***/models/baseoperator.py:1297: AirflowProviderDeprecationWarning: Call to deprecated class PostgresOperator. (Please use `***.providers.common.sql.operators.sql.SQLExecuteQueryOperator`.Also, you can provide `hook_params={'schema': <database>}`.)
  result = cls.__new__(cls)

[2024-10-11T15:00:03.373+0000] {taskinstance.py:3503} INFO - 0 downstream tasks scheduled from follow-on schedule check
[2024-10-11T15:00:03.375+0000] {local_task_job_runner.py:222} INFO - ::endgroup::
[2024-10-11T15:06:22.066+0000] {local_task_job_runner.py:120} INFO - ::group::Pre task execution logs
[2024-10-11T15:06:22.097+0000] {taskinstance.py:2076} INFO - Dependencies all met for dep_context=non-requeueable deps ti=<TaskInstance: user_behaviour.extract_user_purchase_data scheduled__2024-10-01T00:00:00+00:00 [queued]>
[2024-10-11T15:06:22.110+0000] {taskinstance.py:2076} INFO - Dependencies all met for dep_context=requeueable deps ti=<TaskInstance: user_behaviour.extract_user_purchase_data scheduled__2024-10-01T00:00:00+00:00 [queued]>
[2024-10-11T15:06:22.110+0000] {taskinstance.py:2306} INFO - Starting attempt 1 of 3
[2024-10-11T15:06:22.128+0000] {taskinstance.py:2330} INFO - Executing <Task(PostgresOperator): extract_user_purchase_data> on 2024-10-01 00:00:00+00:00
[2024-10-11T15:06:22.139+0000] {warnings.py:112} WARNING - /home/***/.local/lib/python3.12/site-packages/***/task/task_runner/standard_task_runner.py:61: DeprecationWarning: This process (pid=367) is multi-threaded, use of fork() may lead to deadlocks in the child.
  pid = os.fork()

[2024-10-11T15:06:22.138+0000] {standard_task_runner.py:90} INFO - Running: ['***', 'tasks', 'run', 'user_behaviour', 'extract_user_purchase_data', 'scheduled__2024-10-01T00:00:00+00:00', '--job-id', '16', '--raw', '--subdir', 'DAGS_FOLDER/user_behaviour.py', '--cfg-path', '/tmp/tmp22857hqe']
[2024-10-11T15:06:22.141+0000] {standard_task_runner.py:91} INFO - Job 16: Subtask extract_user_purchase_data
[2024-10-11T15:06:22.141+0000] {standard_task_runner.py:63} INFO - Started process 369 to run task
[2024-10-11T15:06:22.250+0000] {task_command.py:426} INFO - Running <TaskInstance: user_behaviour.extract_user_purchase_data scheduled__2024-10-01T00:00:00+00:00 [running]> on host 40ee99ca9dd7
[2024-10-11T15:06:22.397+0000] {taskinstance.py:2648} INFO - Exporting env vars: AIRFLOW_CTX_DAG_OWNER='***' AIRFLOW_CTX_DAG_ID='user_behaviour' AIRFLOW_CTX_TASK_ID='extract_user_purchase_data' AIRFLOW_CTX_EXECUTION_DATE='2024-10-01T00:00:00+00:00' AIRFLOW_CTX_TRY_NUMBER='1' AIRFLOW_CTX_DAG_RUN_ID='scheduled__2024-10-01T00:00:00+00:00'
[2024-10-11T15:06:22.401+0000] {taskinstance.py:430} INFO - ::endgroup::
[2024-10-11T15:06:22.431+0000] {sql.py:276} INFO - Executing: COPY (
       select invoice_number,
              stock_code,
              detail,
              quantity,
              invoice_date,
              unit_price,
              customer_id,
              country
       from retail.user_purchase -- we should have a date filter here to pull only required data
) TO '/temp/user_purchase.csv' WITH (FORMAT CSV, HEADER);
[2024-10-11T15:06:22.433+0000] {crypto.py:82} WARNING - empty cryptography key - values will not be stored encrypted.
[2024-10-11T15:06:22.434+0000] {base.py:84} INFO - Using connection ID 'postgres_default' for task execution.
[2024-10-11T15:06:22.437+0000] {base.py:84} INFO - Using connection ID 'postgres_default' for task execution.
[2024-10-11T15:06:22.441+0000] {sql.py:487} INFO - Running statement: COPY (
       select invoice_number,
              stock_code,
              detail,
              quantity,
              invoice_date,
              unit_price,
              customer_id,
              country
       from retail.user_purchase -- we should have a date filter here to pull only required data
) TO '/temp/user_purchase.csv' WITH (FORMAT CSV, HEADER);, parameters: None
[2024-10-11T15:06:23.482+0000] {sql.py:496} INFO - Rows affected: 541908
[2024-10-11T15:06:23.483+0000] {taskinstance.py:441} INFO - ::group::Post task execution logs
[2024-10-11T15:06:23.506+0000] {taskinstance.py:1206} INFO - Marking task as SUCCESS. dag_id=user_behaviour, task_id=extract_user_purchase_data, run_id=scheduled__2024-10-01T00:00:00+00:00, execution_date=20241001T000000, start_date=20241011T150622, end_date=20241011T150623
[2024-10-11T15:06:23.536+0000] {local_task_job_runner.py:240} INFO - Task exited with return code 0
[2024-10-11T15:06:23.547+0000] {warnings.py:112} WARNING - /home/***/.local/lib/python3.12/site-packages/***/models/baseoperator.py:1297: AirflowProviderDeprecationWarning: Call to deprecated class SnowflakeOperator. (This class is deprecated. Please use `***.providers.common.sql.operators.sql.SQLExecuteQueryOperator`. Also, you can provide `hook_params={'warehouse': <warehouse>, 'database': <database>, 'role': <role>, 'schema': <schema>, 'authenticator': <authenticator>,'session_parameters': <session_parameters>}`.)
  result = cls.__new__(cls)

[2024-10-11T15:06:23.548+0000] {warnings.py:112} WARNING - /home/***/.local/lib/python3.12/site-packages/***/models/baseoperator.py:1297: AirflowProviderDeprecationWarning: Call to deprecated class PostgresOperator. (Please use `***.providers.common.sql.operators.sql.SQLExecuteQueryOperator`.Also, you can provide `hook_params={'schema': <database>}`.)
  result = cls.__new__(cls)

[2024-10-11T15:06:23.572+0000] {taskinstance.py:3503} INFO - 1 downstream tasks scheduled from follow-on schedule check
[2024-10-11T15:06:23.575+0000] {local_task_job_runner.py:222} INFO - ::endgroup::
