[2024-10-10T04:30:24.230+0000] {local_task_job_runner.py:120} INFO - ::group::Pre task execution logs
[2024-10-10T04:30:24.277+0000] {taskinstance.py:2076} INFO - Dependencies all met for dep_context=non-requeueable deps ti=<TaskInstance: user_behaviour.extract_user_purchase_data scheduled__2024-10-09T00:00:00+00:00 [queued]>
[2024-10-10T04:30:24.302+0000] {taskinstance.py:2076} INFO - Dependencies all met for dep_context=requeueable deps ti=<TaskInstance: user_behaviour.extract_user_purchase_data scheduled__2024-10-09T00:00:00+00:00 [queued]>
[2024-10-10T04:30:24.302+0000] {taskinstance.py:2306} INFO - Starting attempt 1 of 3
[2024-10-10T04:30:24.330+0000] {taskinstance.py:2330} INFO - Executing <Task(PostgresOperator): extract_user_purchase_data> on 2024-10-09 00:00:00+00:00
[2024-10-10T04:30:24.339+0000] {warnings.py:112} WARNING - /home/***/.local/lib/python3.12/site-packages/***/task/task_runner/standard_task_runner.py:61: DeprecationWarning: This process (pid=81) is multi-threaded, use of fork() may lead to deadlocks in the child.
  pid = os.fork()

[2024-10-10T04:30:24.341+0000] {standard_task_runner.py:63} INFO - Started process 89 to run task
[2024-10-10T04:30:24.341+0000] {standard_task_runner.py:90} INFO - Running: ['***', 'tasks', 'run', 'user_behaviour', 'extract_user_purchase_data', 'scheduled__2024-10-09T00:00:00+00:00', '--job-id', '3', '--raw', '--subdir', 'DAGS_FOLDER/user_behaviour.py', '--cfg-path', '/tmp/tmp4m1tx0pk']
[2024-10-10T04:30:24.343+0000] {standard_task_runner.py:91} INFO - Job 3: Subtask extract_user_purchase_data
[2024-10-10T04:30:24.410+0000] {task_command.py:426} INFO - Running <TaskInstance: user_behaviour.extract_user_purchase_data scheduled__2024-10-09T00:00:00+00:00 [running]> on host 10fc3afc5804
[2024-10-10T04:30:24.541+0000] {taskinstance.py:2648} INFO - Exporting env vars: AIRFLOW_CTX_DAG_EMAIL='***@***.com' AIRFLOW_CTX_DAG_OWNER='***' AIRFLOW_CTX_DAG_ID='user_behaviour' AIRFLOW_CTX_TASK_ID='extract_user_purchase_data' AIRFLOW_CTX_EXECUTION_DATE='2024-10-09T00:00:00+00:00' AIRFLOW_CTX_TRY_NUMBER='1' AIRFLOW_CTX_DAG_RUN_ID='scheduled__2024-10-09T00:00:00+00:00'
[2024-10-10T04:30:24.542+0000] {taskinstance.py:430} INFO - ::endgroup::
[2024-10-10T04:30:24.585+0000] {sql.py:276} INFO - Executing: COPY (
       select invoice_number,
              stock_code,
              detail,
              quantity,
              invoice_date,
              unit_price,
              customer_id,
              country
       from retail.user_purchase -- we should have a date filter here to pull only required data
) TO '/temp/user_purchase.csv' WITH (FORMAT CSV, HEADER);
[2024-10-10T04:30:24.586+0000] {crypto.py:82} WARNING - empty cryptography key - values will not be stored encrypted.
[2024-10-10T04:30:24.587+0000] {base.py:84} INFO - Using connection ID 'postgres_default' for task execution.
[2024-10-10T04:30:24.598+0000] {base.py:84} INFO - Using connection ID 'postgres_default' for task execution.
[2024-10-10T04:30:24.603+0000] {sql.py:487} INFO - Running statement: COPY (
       select invoice_number,
              stock_code,
              detail,
              quantity,
              invoice_date,
              unit_price,
              customer_id,
              country
       from retail.user_purchase -- we should have a date filter here to pull only required data
) TO '/temp/user_purchase.csv' WITH (FORMAT CSV, HEADER);, parameters: None
[2024-10-10T04:30:24.605+0000] {sql.py:496} INFO - Rows affected: 0
[2024-10-10T04:30:24.606+0000] {taskinstance.py:441} INFO - ::group::Post task execution logs
[2024-10-10T04:30:24.619+0000] {taskinstance.py:1206} INFO - Marking task as SUCCESS. dag_id=user_behaviour, task_id=extract_user_purchase_data, run_id=scheduled__2024-10-09T00:00:00+00:00, execution_date=20241009T000000, start_date=20241010T043024, end_date=20241010T043024
[2024-10-10T04:30:24.677+0000] {local_task_job_runner.py:240} INFO - Task exited with return code 0
[2024-10-10T04:30:24.689+0000] {warnings.py:112} WARNING - /home/***/.local/lib/python3.12/site-packages/***/models/baseoperator.py:1297: AirflowProviderDeprecationWarning: Call to deprecated class PostgresOperator. (Please use `***.providers.common.sql.operators.sql.SQLExecuteQueryOperator`.Also, you can provide `hook_params={'schema': <database>}`.)
  result = cls.__new__(cls)

[2024-10-10T04:30:24.715+0000] {taskinstance.py:3503} INFO - 1 downstream tasks scheduled from follow-on schedule check
[2024-10-10T04:30:24.718+0000] {local_task_job_runner.py:222} INFO - ::endgroup::
[2024-10-11T13:57:36.259+0000] {local_task_job_runner.py:120} INFO - ::group::Pre task execution logs
[2024-10-11T13:57:36.287+0000] {taskinstance.py:2076} INFO - Dependencies all met for dep_context=non-requeueable deps ti=<TaskInstance: user_behaviour.extract_user_purchase_data scheduled__2024-10-09T00:00:00+00:00 [queued]>
[2024-10-11T13:57:36.300+0000] {taskinstance.py:2076} INFO - Dependencies all met for dep_context=requeueable deps ti=<TaskInstance: user_behaviour.extract_user_purchase_data scheduled__2024-10-09T00:00:00+00:00 [queued]>
[2024-10-11T13:57:36.301+0000] {taskinstance.py:2306} INFO - Starting attempt 1 of 3
[2024-10-11T13:57:36.319+0000] {taskinstance.py:2330} INFO - Executing <Task(PostgresOperator): extract_user_purchase_data> on 2024-10-09 00:00:00+00:00
[2024-10-11T13:57:36.330+0000] {warnings.py:112} WARNING - /home/***/.local/lib/python3.12/site-packages/***/task/task_runner/standard_task_runner.py:61: DeprecationWarning: This process (pid=399) is multi-threaded, use of fork() may lead to deadlocks in the child.
  pid = os.fork()

[2024-10-11T13:57:36.333+0000] {standard_task_runner.py:63} INFO - Started process 413 to run task
[2024-10-11T13:57:36.333+0000] {standard_task_runner.py:90} INFO - Running: ['***', 'tasks', 'run', 'user_behaviour', 'extract_user_purchase_data', 'scheduled__2024-10-09T00:00:00+00:00', '--job-id', '5', '--raw', '--subdir', 'DAGS_FOLDER/user_behaviour.py', '--cfg-path', '/tmp/tmpjkzcasyr']
[2024-10-11T13:57:36.342+0000] {standard_task_runner.py:91} INFO - Job 5: Subtask extract_user_purchase_data
[2024-10-11T13:57:36.419+0000] {task_command.py:426} INFO - Running <TaskInstance: user_behaviour.extract_user_purchase_data scheduled__2024-10-09T00:00:00+00:00 [running]> on host 7326b1a9492c
[2024-10-11T13:57:36.577+0000] {taskinstance.py:2648} INFO - Exporting env vars: AIRFLOW_CTX_DAG_EMAIL='***@***.com' AIRFLOW_CTX_DAG_OWNER='***' AIRFLOW_CTX_DAG_ID='user_behaviour' AIRFLOW_CTX_TASK_ID='extract_user_purchase_data' AIRFLOW_CTX_EXECUTION_DATE='2024-10-09T00:00:00+00:00' AIRFLOW_CTX_TRY_NUMBER='1' AIRFLOW_CTX_DAG_RUN_ID='scheduled__2024-10-09T00:00:00+00:00'
[2024-10-11T13:57:36.579+0000] {taskinstance.py:430} INFO - ::endgroup::
[2024-10-11T13:57:36.603+0000] {sql.py:276} INFO - Executing: COPY (
       select invoice_number,
              stock_code,
              detail,
              quantity,
              invoice_date,
              unit_price,
              customer_id,
              country
       from retail.user_purchase -- we should have a date filter here to pull only required data
) TO '/temp/user_purchase.csv' WITH (FORMAT CSV, HEADER);
[2024-10-11T13:57:36.604+0000] {crypto.py:82} WARNING - empty cryptography key - values will not be stored encrypted.
[2024-10-11T13:57:36.605+0000] {base.py:84} INFO - Using connection ID 'postgres_default' for task execution.
[2024-10-11T13:57:36.616+0000] {base.py:84} INFO - Using connection ID 'postgres_default' for task execution.
[2024-10-11T13:57:36.624+0000] {sql.py:487} INFO - Running statement: COPY (
       select invoice_number,
              stock_code,
              detail,
              quantity,
              invoice_date,
              unit_price,
              customer_id,
              country
       from retail.user_purchase -- we should have a date filter here to pull only required data
) TO '/temp/user_purchase.csv' WITH (FORMAT CSV, HEADER);, parameters: None
[2024-10-11T13:57:37.834+0000] {sql.py:496} INFO - Rows affected: 541908
[2024-10-11T13:57:37.836+0000] {taskinstance.py:441} INFO - ::group::Post task execution logs
[2024-10-11T13:57:37.849+0000] {taskinstance.py:1206} INFO - Marking task as SUCCESS. dag_id=user_behaviour, task_id=extract_user_purchase_data, run_id=scheduled__2024-10-09T00:00:00+00:00, execution_date=20241009T000000, start_date=20241011T135736, end_date=20241011T135737
[2024-10-11T13:57:37.889+0000] {local_task_job_runner.py:240} INFO - Task exited with return code 0
[2024-10-11T13:57:37.911+0000] {taskinstance.py:3503} INFO - 0 downstream tasks scheduled from follow-on schedule check
[2024-10-11T13:57:37.915+0000] {local_task_job_runner.py:222} INFO - ::endgroup::
