[2024-10-11T15:08:11.077+0000] {local_task_job_runner.py:120} INFO - ::group::Pre task execution logs
[2024-10-11T15:08:11.103+0000] {taskinstance.py:2076} INFO - Dependencies all met for dep_context=non-requeueable deps ti=<TaskInstance: user_behaviour.load_s3_to_snowflake manual__2024-10-11T15:07:57.327473+00:00 [queued]>
[2024-10-11T15:08:11.114+0000] {taskinstance.py:2076} INFO - Dependencies all met for dep_context=requeueable deps ti=<TaskInstance: user_behaviour.load_s3_to_snowflake manual__2024-10-11T15:07:57.327473+00:00 [queued]>
[2024-10-11T15:08:11.115+0000] {taskinstance.py:2306} INFO - Starting attempt 1 of 3
[2024-10-11T15:08:11.128+0000] {taskinstance.py:2330} INFO - Executing <Task(SnowflakeOperator): load_s3_to_snowflake> on 2024-10-11 15:07:57.327473+00:00
[2024-10-11T15:08:11.134+0000] {warnings.py:112} WARNING - /home/***/.local/lib/python3.12/site-packages/***/task/task_runner/standard_task_runner.py:61: DeprecationWarning: This process (pid=474) is multi-threaded, use of fork() may lead to deadlocks in the child.
  pid = os.fork()

[2024-10-11T15:08:11.136+0000] {standard_task_runner.py:63} INFO - Started process 483 to run task
[2024-10-11T15:08:11.136+0000] {standard_task_runner.py:90} INFO - Running: ['***', 'tasks', 'run', 'user_behaviour', 'load_s3_to_snowflake', 'manual__2024-10-11T15:07:57.327473+00:00', '--job-id', '33', '--raw', '--subdir', 'DAGS_FOLDER/user_behaviour.py', '--cfg-path', '/tmp/tmpu_3ohnir']
[2024-10-11T15:08:11.139+0000] {standard_task_runner.py:91} INFO - Job 33: Subtask load_s3_to_snowflake
[2024-10-11T15:08:11.185+0000] {task_command.py:426} INFO - Running <TaskInstance: user_behaviour.load_s3_to_snowflake manual__2024-10-11T15:07:57.327473+00:00 [running]> on host 40ee99ca9dd7
[2024-10-11T15:08:11.274+0000] {taskinstance.py:2648} INFO - Exporting env vars: AIRFLOW_CTX_DAG_EMAIL='***@***.com' AIRFLOW_CTX_DAG_OWNER='***' AIRFLOW_CTX_DAG_ID='user_behaviour' AIRFLOW_CTX_TASK_ID='load_s3_to_snowflake' AIRFLOW_CTX_EXECUTION_DATE='2024-10-11T15:07:57.327473+00:00' AIRFLOW_CTX_TRY_NUMBER='1' AIRFLOW_CTX_DAG_RUN_ID='manual__2024-10-11T15:07:57.327473+00:00'
[2024-10-11T15:08:11.276+0000] {taskinstance.py:430} INFO - ::endgroup::
[2024-10-11T15:08:11.287+0000] {sql.py:276} INFO - Executing:  
        COPY INTO DBT_DB.DBT_SCHEMA_RAW_LAYER.customers 
        FROM '@DBT_DB.DBT_SCHEMA_RAW_LAYER.staging_csv_files/customers/customers.csv'
        FILE_FORMAT = (TYPE = 'CSV' FIELD_OPTIONALLY_ENCLOSED_BY = '"' SKIP_HEADER = 1);
        
[2024-10-11T15:08:11.288+0000] {crypto.py:82} WARNING - empty cryptography key - values will not be stored encrypted.
[2024-10-11T15:08:11.289+0000] {base.py:84} INFO - Using connection ID 'snowflake_conn' for task execution.
[2024-10-11T15:08:11.293+0000] {base.py:84} INFO - Using connection ID 'snowflake_conn' for task execution.
[2024-10-11T15:08:11.293+0000] {connection.py:399} INFO - Snowflake Connector for Python Version: 3.10.1, Python Version: 3.12.4, Platform: Linux-5.15.153.1-microsoft-standard-WSL2-x86_64-with-glibc2.36
[2024-10-11T15:08:11.294+0000] {connection.py:1239} INFO - This connection is in OCSP Fail Open Mode. TLS Certificates would be checked for validity and revocation status. Any other Certificate Revocation related exceptions or OCSP Responder failures would be disregarded in favor of connectivity.
[2024-10-11T15:08:12.180+0000] {cursor.py:1149} INFO - Number of results in first chunk: 1
[2024-10-11T15:08:12.181+0000] {sql.py:487} INFO - Running statement: COPY INTO DBT_DB.DBT_SCHEMA_RAW_LAYER.customers 
        FROM '@DBT_DB.DBT_SCHEMA_RAW_LAYER.staging_csv_files/customers/customers.csv'
        FILE_FORMAT = (TYPE = 'CSV' FIELD_OPTIONALLY_ENCLOSED_BY = '"' SKIP_HEADER = 1);, parameters: None
[2024-10-11T15:08:12.884+0000] {cursor.py:1149} INFO - Number of results in first chunk: 1
[2024-10-11T15:08:12.885+0000] {sql.py:496} INFO - Rows affected: 1
[2024-10-11T15:08:12.885+0000] {snowflake.py:410} INFO - Rows affected: 1
[2024-10-11T15:08:12.885+0000] {snowflake.py:411} INFO - Snowflake query id: 01b79eec-3203-2446-0001-f7b600069012
[2024-10-11T15:08:13.027+0000] {cursor.py:1149} INFO - Number of results in first chunk: 1
[2024-10-11T15:08:13.028+0000] {connection.py:762} INFO - closed
[2024-10-11T15:08:13.098+0000] {connection.py:768} INFO - No async queries seem to be running, deleting session
[2024-10-11T15:08:13.172+0000] {taskinstance.py:441} INFO - ::group::Post task execution logs
[2024-10-11T15:08:13.199+0000] {taskinstance.py:1206} INFO - Marking task as SUCCESS. dag_id=user_behaviour, task_id=load_s3_to_snowflake, run_id=manual__2024-10-11T15:07:57.327473+00:00, execution_date=20241011T150757, start_date=20241011T150811, end_date=20241011T150813
[2024-10-11T15:08:13.262+0000] {local_task_job_runner.py:240} INFO - Task exited with return code 0
[2024-10-11T15:08:13.274+0000] {warnings.py:112} WARNING - /home/***/.local/lib/python3.12/site-packages/***/models/baseoperator.py:1297: AirflowProviderDeprecationWarning: Call to deprecated class SnowflakeOperator. (This class is deprecated. Please use `***.providers.common.sql.operators.sql.SQLExecuteQueryOperator`. Also, you can provide `hook_params={'warehouse': <warehouse>, 'database': <database>, 'role': <role>, 'schema': <schema>, 'authenticator': <authenticator>,'session_parameters': <session_parameters>}`.)
  result = cls.__new__(cls)

[2024-10-11T15:08:13.288+0000] {taskinstance.py:3503} INFO - 0 downstream tasks scheduled from follow-on schedule check
[2024-10-11T15:08:13.291+0000] {local_task_job_runner.py:222} INFO - ::endgroup::
