[2024-10-11T15:00:05.105+0000] {local_task_job_runner.py:120} INFO - ::group::Pre task execution logs
[2024-10-11T15:00:05.131+0000] {taskinstance.py:2076} INFO - Dependencies all met for dep_context=non-requeueable deps ti=<TaskInstance: user_behaviour.extract_user_purchase_data manual__2024-10-11T14:59:57.950587+00:00 [queued]>
[2024-10-11T15:00:05.143+0000] {taskinstance.py:2076} INFO - Dependencies all met for dep_context=requeueable deps ti=<TaskInstance: user_behaviour.extract_user_purchase_data manual__2024-10-11T14:59:57.950587+00:00 [queued]>
[2024-10-11T15:00:05.143+0000] {taskinstance.py:2306} INFO - Starting attempt 1 of 3
[2024-10-11T15:00:05.157+0000] {taskinstance.py:2330} INFO - Executing <Task(PostgresOperator): extract_user_purchase_data> on 2024-10-11 14:59:57.950587+00:00
[2024-10-11T15:00:05.163+0000] {warnings.py:112} WARNING - /home/***/.local/lib/python3.12/site-packages/***/task/task_runner/standard_task_runner.py:61: DeprecationWarning: This process (pid=120) is multi-threaded, use of fork() may lead to deadlocks in the child.
  pid = os.fork()

[2024-10-11T15:00:05.164+0000] {standard_task_runner.py:63} INFO - Started process 122 to run task
[2024-10-11T15:00:05.165+0000] {standard_task_runner.py:90} INFO - Running: ['***', 'tasks', 'run', 'user_behaviour', 'extract_user_purchase_data', 'manual__2024-10-11T14:59:57.950587+00:00', '--job-id', '4', '--raw', '--subdir', 'DAGS_FOLDER/user_behaviour.py', '--cfg-path', '/tmp/tmp47f8_6td']
[2024-10-11T15:00:05.167+0000] {standard_task_runner.py:91} INFO - Job 4: Subtask extract_user_purchase_data
[2024-10-11T15:00:05.212+0000] {task_command.py:426} INFO - Running <TaskInstance: user_behaviour.extract_user_purchase_data manual__2024-10-11T14:59:57.950587+00:00 [running]> on host 40ee99ca9dd7
[2024-10-11T15:00:05.314+0000] {taskinstance.py:2648} INFO - Exporting env vars: AIRFLOW_CTX_DAG_OWNER='***' AIRFLOW_CTX_DAG_ID='user_behaviour' AIRFLOW_CTX_TASK_ID='extract_user_purchase_data' AIRFLOW_CTX_EXECUTION_DATE='2024-10-11T14:59:57.950587+00:00' AIRFLOW_CTX_TRY_NUMBER='1' AIRFLOW_CTX_DAG_RUN_ID='manual__2024-10-11T14:59:57.950587+00:00'
[2024-10-11T15:00:05.315+0000] {taskinstance.py:430} INFO - ::endgroup::
[2024-10-11T15:00:05.329+0000] {sql.py:276} INFO - Executing: COPY (
       select invoice_number,
              stock_code,
              detail,
              quantity,
              invoice_date,
              unit_price,
              customer_id,
              country
       from retail.user_purchase -- we should have a date filter here to pull only required data
) TO '/temp/user_purchase.csv' WITH (FORMAT CSV, HEADER);
[2024-10-11T15:00:05.330+0000] {crypto.py:82} WARNING - empty cryptography key - values will not be stored encrypted.
[2024-10-11T15:00:05.330+0000] {base.py:84} INFO - Using connection ID 'postgres_default' for task execution.
[2024-10-11T15:00:05.333+0000] {base.py:84} INFO - Using connection ID 'postgres_default' for task execution.
[2024-10-11T15:00:05.337+0000] {sql.py:487} INFO - Running statement: COPY (
       select invoice_number,
              stock_code,
              detail,
              quantity,
              invoice_date,
              unit_price,
              customer_id,
              country
       from retail.user_purchase -- we should have a date filter here to pull only required data
) TO '/temp/user_purchase.csv' WITH (FORMAT CSV, HEADER);, parameters: None
[2024-10-11T15:00:06.035+0000] {sql.py:496} INFO - Rows affected: 541908
[2024-10-11T15:00:06.037+0000] {taskinstance.py:441} INFO - ::group::Post task execution logs
[2024-10-11T15:00:06.046+0000] {taskinstance.py:1206} INFO - Marking task as SUCCESS. dag_id=user_behaviour, task_id=extract_user_purchase_data, run_id=manual__2024-10-11T14:59:57.950587+00:00, execution_date=20241011T145957, start_date=20241011T150005, end_date=20241011T150006
[2024-10-11T15:00:06.116+0000] {local_task_job_runner.py:240} INFO - Task exited with return code 0
[2024-10-11T15:00:06.128+0000] {warnings.py:112} WARNING - /home/***/.local/lib/python3.12/site-packages/***/models/baseoperator.py:1297: AirflowProviderDeprecationWarning: Call to deprecated class PostgresOperator. (Please use `***.providers.common.sql.operators.sql.SQLExecuteQueryOperator`.Also, you can provide `hook_params={'schema': <database>}`.)
  result = cls.__new__(cls)

[2024-10-11T15:00:06.143+0000] {taskinstance.py:3503} INFO - 0 downstream tasks scheduled from follow-on schedule check
[2024-10-11T15:00:06.146+0000] {local_task_job_runner.py:222} INFO - ::endgroup::
