[2024-10-09 17:20:18,355] {taskinstance.py:1159} INFO - Dependencies all met for <TaskInstance: user_behaviour.extract_user_purchase_data manual__2024-10-09T17:16:14.125988+00:00 [queued]>
[2024-10-09 17:20:18,367] {taskinstance.py:1159} INFO - Dependencies all met for <TaskInstance: user_behaviour.extract_user_purchase_data manual__2024-10-09T17:16:14.125988+00:00 [queued]>
[2024-10-09 17:20:18,367] {taskinstance.py:1356} INFO - 
--------------------------------------------------------------------------------
[2024-10-09 17:20:18,367] {taskinstance.py:1357} INFO - Starting attempt 1 of 3
[2024-10-09 17:20:18,367] {taskinstance.py:1358} INFO - 
--------------------------------------------------------------------------------
[2024-10-09 17:20:18,383] {taskinstance.py:1377} INFO - Executing <Task(PostgresOperator): extract_user_purchase_data> on 2024-10-09 17:16:14.125988+00:00
[2024-10-09 17:20:18,387] {standard_task_runner.py:52} INFO - Started process 985 to run task
[2024-10-09 17:20:18,390] {standard_task_runner.py:79} INFO - Running: ['***', 'tasks', 'run', 'user_behaviour', 'extract_user_purchase_data', 'manual__2024-10-09T17:16:14.125988+00:00', '--job-id', '12', '--raw', '--subdir', 'DAGS_FOLDER/user_behaviour.py', '--cfg-path', '/tmp/tmpxc_nfdq1', '--error-file', '/tmp/tmps9868elb']
[2024-10-09 17:20:18,390] {standard_task_runner.py:80} INFO - Job 12: Subtask extract_user_purchase_data
[2024-10-09 17:20:18,451] {task_command.py:370} INFO - Running <TaskInstance: user_behaviour.extract_user_purchase_data manual__2024-10-09T17:16:14.125988+00:00 [running]> on host acfcc9bdc161
[2024-10-09 17:20:18,530] {taskinstance.py:1571} INFO - Exporting the following env vars:
AIRFLOW_CTX_DAG_EMAIL=***@***.com
AIRFLOW_CTX_DAG_OWNER=***
AIRFLOW_CTX_DAG_ID=user_behaviour
AIRFLOW_CTX_TASK_ID=extract_user_purchase_data
AIRFLOW_CTX_EXECUTION_DATE=2024-10-09T17:16:14.125988+00:00
AIRFLOW_CTX_TRY_NUMBER=1
AIRFLOW_CTX_DAG_RUN_ID=manual__2024-10-09T17:16:14.125988+00:00
[2024-10-09 17:20:18,531] {crypto.py:82} WARNING - empty cryptography key - values will not be stored encrypted.
[2024-10-09 17:20:18,531] {base.py:68} INFO - Using connection ID 'postgres_default' for task execution.
[2024-10-09 17:20:18,535] {dbapi.py:213} INFO - Running statement: COPY (
       select invoice_number,
              stock_code,
              detail,
              quantity,
              invoice_date,
              unit_price,
              customer_id,
              country
       from retail.user_purchase -- we should have a date filter here to pull only required data
) TO '/temp/user_purchase.csv' WITH (FORMAT CSV, HEADER);, parameters: None
[2024-10-09 17:20:19,253] {dbapi.py:221} INFO - Rows affected: 541908
[2024-10-09 17:20:19,280] {taskinstance.py:1400} INFO - Marking task as SUCCESS. dag_id=user_behaviour, task_id=extract_user_purchase_data, execution_date=20241009T171614, start_date=20241009T172018, end_date=20241009T172019
[2024-10-09 17:20:19,339] {local_task_job.py:156} INFO - Task exited with return code 0
[2024-10-09 17:20:19,399] {local_task_job.py:273} INFO - 1 downstream tasks scheduled from follow-on schedule check
