[2024-10-08 17:49:16,752] {taskinstance.py:1159} INFO - Dependencies all met for <TaskInstance: user_behaviour.extract_user_purchase_data scheduled__2024-10-07T00:00:00+00:00 [queued]>
[2024-10-08 17:49:16,766] {taskinstance.py:1159} INFO - Dependencies all met for <TaskInstance: user_behaviour.extract_user_purchase_data scheduled__2024-10-07T00:00:00+00:00 [queued]>
[2024-10-08 17:49:16,767] {taskinstance.py:1356} INFO - 
--------------------------------------------------------------------------------
[2024-10-08 17:49:16,767] {taskinstance.py:1357} INFO - Starting attempt 1 of 3
[2024-10-08 17:49:16,767] {taskinstance.py:1358} INFO - 
--------------------------------------------------------------------------------
[2024-10-08 17:49:16,788] {taskinstance.py:1377} INFO - Executing <Task(PostgresOperator): extract_user_purchase_data> on 2024-10-07 00:00:00+00:00
[2024-10-08 17:49:16,795] {standard_task_runner.py:52} INFO - Started process 221 to run task
[2024-10-08 17:49:16,802] {standard_task_runner.py:79} INFO - Running: ['***', 'tasks', 'run', 'user_behaviour', 'extract_user_purchase_data', 'scheduled__2024-10-07T00:00:00+00:00', '--job-id', '2', '--raw', '--subdir', 'DAGS_FOLDER/user_behaviour.py', '--cfg-path', '/tmp/tmpsf2o_3h0', '--error-file', '/tmp/tmpcvt8tfab']
[2024-10-08 17:49:16,804] {standard_task_runner.py:80} INFO - Job 2: Subtask extract_user_purchase_data
[2024-10-08 17:49:16,835] {logging_mixin.py:115} WARNING - /home/***/.local/lib/python3.7/site-packages/***/configuration.py:525 DeprecationWarning: The sql_alchemy_conn option in [core] has been moved to the sql_alchemy_conn option in [database] - the old setting has been used, but please update your config.
[2024-10-08 17:49:16,894] {task_command.py:370} INFO - Running <TaskInstance: user_behaviour.extract_user_purchase_data scheduled__2024-10-07T00:00:00+00:00 [running]> on host ffd6c1980b1c
[2024-10-08 17:49:16,998] {taskinstance.py:1571} INFO - Exporting the following env vars:
AIRFLOW_CTX_DAG_EMAIL=***@***.com
AIRFLOW_CTX_DAG_OWNER=***
AIRFLOW_CTX_DAG_ID=user_behaviour
AIRFLOW_CTX_TASK_ID=extract_user_purchase_data
AIRFLOW_CTX_EXECUTION_DATE=2024-10-07T00:00:00+00:00
AIRFLOW_CTX_TRY_NUMBER=1
AIRFLOW_CTX_DAG_RUN_ID=scheduled__2024-10-07T00:00:00+00:00
[2024-10-08 17:49:17,000] {crypto.py:82} WARNING - empty cryptography key - values will not be stored encrypted.
[2024-10-08 17:49:17,000] {base.py:68} INFO - Using connection ID 'postgres_default' for task execution.
[2024-10-08 17:49:17,004] {dbapi.py:213} INFO - Running statement: COPY (
       select invoice_number,
              stock_code,
              detail,
              quantity,
              invoice_date,
              unit_price,
              customer_id,
              country
       from retail.user_purchase -- we should have a date filter here to pull only required data
) TO '/temp/user_purchase.csv' WITH (FORMAT CSV, HEADER);, parameters: None
[2024-10-08 17:49:17,757] {dbapi.py:221} INFO - Rows affected: 541908
[2024-10-08 17:49:17,771] {taskinstance.py:1400} INFO - Marking task as SUCCESS. dag_id=user_behaviour, task_id=extract_user_purchase_data, execution_date=20241007T000000, start_date=20241008T174916, end_date=20241008T174917
[2024-10-08 17:49:17,816] {local_task_job.py:156} INFO - Task exited with return code 0
[2024-10-08 17:49:17,868] {local_task_job.py:273} INFO - 1 downstream tasks scheduled from follow-on schedule check
[2024-10-08 17:54:11,694] {taskinstance.py:1159} INFO - Dependencies all met for <TaskInstance: user_behaviour.extract_user_purchase_data scheduled__2024-10-07T00:00:00+00:00 [queued]>
[2024-10-08 17:54:11,706] {taskinstance.py:1159} INFO - Dependencies all met for <TaskInstance: user_behaviour.extract_user_purchase_data scheduled__2024-10-07T00:00:00+00:00 [queued]>
[2024-10-08 17:54:11,707] {taskinstance.py:1356} INFO - 
--------------------------------------------------------------------------------
[2024-10-08 17:54:11,707] {taskinstance.py:1357} INFO - Starting attempt 1 of 3
[2024-10-08 17:54:11,707] {taskinstance.py:1358} INFO - 
--------------------------------------------------------------------------------
[2024-10-08 17:54:11,723] {taskinstance.py:1377} INFO - Executing <Task(PostgresOperator): extract_user_purchase_data> on 2024-10-07 00:00:00+00:00
[2024-10-08 17:54:11,727] {standard_task_runner.py:52} INFO - Started process 318 to run task
[2024-10-08 17:54:11,730] {standard_task_runner.py:79} INFO - Running: ['***', 'tasks', 'run', 'user_behaviour', 'extract_user_purchase_data', 'scheduled__2024-10-07T00:00:00+00:00', '--job-id', '2', '--raw', '--subdir', 'DAGS_FOLDER/user_behaviour.py', '--cfg-path', '/tmp/tmpvg_8su16', '--error-file', '/tmp/tmp2thj0xi9']
[2024-10-08 17:54:11,731] {standard_task_runner.py:80} INFO - Job 2: Subtask extract_user_purchase_data
[2024-10-08 17:54:11,749] {logging_mixin.py:115} WARNING - /home/***/.local/lib/python3.7/site-packages/***/configuration.py:525 DeprecationWarning: The sql_alchemy_conn option in [core] has been moved to the sql_alchemy_conn option in [database] - the old setting has been used, but please update your config.
[2024-10-08 17:54:11,792] {task_command.py:370} INFO - Running <TaskInstance: user_behaviour.extract_user_purchase_data scheduled__2024-10-07T00:00:00+00:00 [running]> on host e289ee31b3ca
[2024-10-08 17:54:11,876] {taskinstance.py:1571} INFO - Exporting the following env vars:
AIRFLOW_CTX_DAG_EMAIL=***@***.com
AIRFLOW_CTX_DAG_OWNER=***
AIRFLOW_CTX_DAG_ID=user_behaviour
AIRFLOW_CTX_TASK_ID=extract_user_purchase_data
AIRFLOW_CTX_EXECUTION_DATE=2024-10-07T00:00:00+00:00
AIRFLOW_CTX_TRY_NUMBER=1
AIRFLOW_CTX_DAG_RUN_ID=scheduled__2024-10-07T00:00:00+00:00
[2024-10-08 17:54:11,877] {crypto.py:82} WARNING - empty cryptography key - values will not be stored encrypted.
[2024-10-08 17:54:11,877] {base.py:68} INFO - Using connection ID 'postgres_default' for task execution.
[2024-10-08 17:54:11,881] {dbapi.py:213} INFO - Running statement: COPY (
       select invoice_number,
              stock_code,
              detail,
              quantity,
              invoice_date,
              unit_price,
              customer_id,
              country
       from retail.user_purchase -- we should have a date filter here to pull only required data
) TO '/temp/user_purchase.csv' WITH (FORMAT CSV, HEADER);, parameters: None
[2024-10-08 17:54:12,582] {dbapi.py:221} INFO - Rows affected: 541908
[2024-10-08 17:54:12,596] {taskinstance.py:1400} INFO - Marking task as SUCCESS. dag_id=user_behaviour, task_id=extract_user_purchase_data, execution_date=20241007T000000, start_date=20241008T175411, end_date=20241008T175412
[2024-10-08 17:54:12,625] {local_task_job.py:156} INFO - Task exited with return code 0
[2024-10-08 17:54:12,677] {local_task_job.py:273} INFO - 1 downstream tasks scheduled from follow-on schedule check
[2024-10-09 05:50:04,770] {taskinstance.py:1159} INFO - Dependencies all met for <TaskInstance: user_behaviour.extract_user_purchase_data scheduled__2024-10-07T00:00:00+00:00 [queued]>
[2024-10-09 05:50:04,781] {taskinstance.py:1159} INFO - Dependencies all met for <TaskInstance: user_behaviour.extract_user_purchase_data scheduled__2024-10-07T00:00:00+00:00 [queued]>
[2024-10-09 05:50:04,782] {taskinstance.py:1356} INFO - 
--------------------------------------------------------------------------------
[2024-10-09 05:50:04,782] {taskinstance.py:1357} INFO - Starting attempt 1 of 3
[2024-10-09 05:50:04,782] {taskinstance.py:1358} INFO - 
--------------------------------------------------------------------------------
[2024-10-09 05:50:04,796] {taskinstance.py:1377} INFO - Executing <Task(PostgresOperator): extract_user_purchase_data> on 2024-10-07 00:00:00+00:00
[2024-10-09 05:50:04,800] {standard_task_runner.py:52} INFO - Started process 220 to run task
[2024-10-09 05:50:04,803] {standard_task_runner.py:79} INFO - Running: ['***', 'tasks', 'run', 'user_behaviour', 'extract_user_purchase_data', 'scheduled__2024-10-07T00:00:00+00:00', '--job-id', '6', '--raw', '--subdir', 'DAGS_FOLDER/user_behaviour.py', '--cfg-path', '/tmp/tmp4yg010fx', '--error-file', '/tmp/tmpqxk0zii2']
[2024-10-09 05:50:04,803] {standard_task_runner.py:80} INFO - Job 6: Subtask extract_user_purchase_data
[2024-10-09 05:50:04,856] {task_command.py:370} INFO - Running <TaskInstance: user_behaviour.extract_user_purchase_data scheduled__2024-10-07T00:00:00+00:00 [running]> on host 82b931b01445
[2024-10-09 05:50:04,931] {taskinstance.py:1571} INFO - Exporting the following env vars:
AIRFLOW_CTX_DAG_EMAIL=***@***.com
AIRFLOW_CTX_DAG_OWNER=***
AIRFLOW_CTX_DAG_ID=user_behaviour
AIRFLOW_CTX_TASK_ID=extract_user_purchase_data
AIRFLOW_CTX_EXECUTION_DATE=2024-10-07T00:00:00+00:00
AIRFLOW_CTX_TRY_NUMBER=1
AIRFLOW_CTX_DAG_RUN_ID=scheduled__2024-10-07T00:00:00+00:00
[2024-10-09 05:50:04,932] {crypto.py:82} WARNING - empty cryptography key - values will not be stored encrypted.
[2024-10-09 05:50:04,932] {base.py:68} INFO - Using connection ID 'postgres_default' for task execution.
[2024-10-09 05:50:04,936] {dbapi.py:213} INFO - Running statement: COPY (
       select invoice_number,
              stock_code,
              detail,
              quantity,
              invoice_date,
              unit_price,
              customer_id,
              country
       from retail.user_purchase -- we should have a date filter here to pull only required data
) TO '/temp/user_purchase.csv' WITH (FORMAT CSV, HEADER);, parameters: None
[2024-10-09 05:50:05,671] {dbapi.py:221} INFO - Rows affected: 541908
[2024-10-09 05:50:05,684] {taskinstance.py:1400} INFO - Marking task as SUCCESS. dag_id=user_behaviour, task_id=extract_user_purchase_data, execution_date=20241007T000000, start_date=20241009T055004, end_date=20241009T055005
[2024-10-09 05:50:05,752] {local_task_job.py:156} INFO - Task exited with return code 0
[2024-10-09 05:50:05,822] {local_task_job.py:273} INFO - 1 downstream tasks scheduled from follow-on schedule check
[2024-10-11T15:01:05.562+0000] {local_task_job_runner.py:120} INFO - ::group::Pre task execution logs
[2024-10-11T15:01:05.589+0000] {taskinstance.py:2076} INFO - Dependencies all met for dep_context=non-requeueable deps ti=<TaskInstance: user_behaviour.extract_user_purchase_data scheduled__2024-10-07T00:00:00+00:00 [queued]>
[2024-10-11T15:01:05.600+0000] {taskinstance.py:2076} INFO - Dependencies all met for dep_context=requeueable deps ti=<TaskInstance: user_behaviour.extract_user_purchase_data scheduled__2024-10-07T00:00:00+00:00 [queued]>
[2024-10-11T15:01:05.600+0000] {taskinstance.py:2306} INFO - Starting attempt 1 of 3
[2024-10-11T15:01:05.613+0000] {taskinstance.py:2330} INFO - Executing <Task(PostgresOperator): extract_user_purchase_data> on 2024-10-07 00:00:00+00:00
[2024-10-11T15:01:05.619+0000] {warnings.py:112} WARNING - /home/***/.local/lib/python3.12/site-packages/***/task/task_runner/standard_task_runner.py:61: DeprecationWarning: This process (pid=179) is multi-threaded, use of fork() may lead to deadlocks in the child.
  pid = os.fork()

[2024-10-11T15:01:05.620+0000] {standard_task_runner.py:63} INFO - Started process 181 to run task
[2024-10-11T15:01:05.621+0000] {standard_task_runner.py:90} INFO - Running: ['***', 'tasks', 'run', 'user_behaviour', 'extract_user_purchase_data', 'scheduled__2024-10-07T00:00:00+00:00', '--job-id', '12', '--raw', '--subdir', 'DAGS_FOLDER/user_behaviour.py', '--cfg-path', '/tmp/tmp3qsdlysf']
[2024-10-11T15:01:05.623+0000] {standard_task_runner.py:91} INFO - Job 12: Subtask extract_user_purchase_data
[2024-10-11T15:01:05.669+0000] {task_command.py:426} INFO - Running <TaskInstance: user_behaviour.extract_user_purchase_data scheduled__2024-10-07T00:00:00+00:00 [running]> on host 40ee99ca9dd7
[2024-10-11T15:01:05.764+0000] {taskinstance.py:2648} INFO - Exporting env vars: AIRFLOW_CTX_DAG_OWNER='***' AIRFLOW_CTX_DAG_ID='user_behaviour' AIRFLOW_CTX_TASK_ID='extract_user_purchase_data' AIRFLOW_CTX_EXECUTION_DATE='2024-10-07T00:00:00+00:00' AIRFLOW_CTX_TRY_NUMBER='1' AIRFLOW_CTX_DAG_RUN_ID='scheduled__2024-10-07T00:00:00+00:00'
[2024-10-11T15:01:05.765+0000] {taskinstance.py:430} INFO - ::endgroup::
[2024-10-11T15:01:05.778+0000] {sql.py:276} INFO - Executing: COPY (
       select invoice_number,
              stock_code,
              detail,
              quantity,
              invoice_date,
              unit_price,
              customer_id,
              country
       from retail.user_purchase -- we should have a date filter here to pull only required data
) TO '/temp/user_purchase.csv' WITH (FORMAT CSV, HEADER);
[2024-10-11T15:01:05.779+0000] {crypto.py:82} WARNING - empty cryptography key - values will not be stored encrypted.
[2024-10-11T15:01:05.779+0000] {base.py:84} INFO - Using connection ID 'postgres_default' for task execution.
[2024-10-11T15:01:05.782+0000] {base.py:84} INFO - Using connection ID 'postgres_default' for task execution.
[2024-10-11T15:01:05.786+0000] {sql.py:487} INFO - Running statement: COPY (
       select invoice_number,
              stock_code,
              detail,
              quantity,
              invoice_date,
              unit_price,
              customer_id,
              country
       from retail.user_purchase -- we should have a date filter here to pull only required data
) TO '/temp/user_purchase.csv' WITH (FORMAT CSV, HEADER);, parameters: None
[2024-10-11T15:01:06.467+0000] {sql.py:496} INFO - Rows affected: 541908
[2024-10-11T15:01:06.468+0000] {taskinstance.py:441} INFO - ::group::Post task execution logs
[2024-10-11T15:01:06.477+0000] {taskinstance.py:1206} INFO - Marking task as SUCCESS. dag_id=user_behaviour, task_id=extract_user_purchase_data, run_id=scheduled__2024-10-07T00:00:00+00:00, execution_date=20241007T000000, start_date=20241011T150105, end_date=20241011T150106
[2024-10-11T15:01:06.523+0000] {local_task_job_runner.py:240} INFO - Task exited with return code 0
[2024-10-11T15:01:06.532+0000] {warnings.py:112} WARNING - /home/***/.local/lib/python3.12/site-packages/***/models/baseoperator.py:1297: AirflowProviderDeprecationWarning: Call to deprecated class SnowflakeOperator. (This class is deprecated. Please use `***.providers.common.sql.operators.sql.SQLExecuteQueryOperator`. Also, you can provide `hook_params={'warehouse': <warehouse>, 'database': <database>, 'role': <role>, 'schema': <schema>, 'authenticator': <authenticator>,'session_parameters': <session_parameters>}`.)
  result = cls.__new__(cls)

[2024-10-11T15:01:06.532+0000] {warnings.py:112} WARNING - /home/***/.local/lib/python3.12/site-packages/***/models/baseoperator.py:1297: AirflowProviderDeprecationWarning: Call to deprecated class PostgresOperator. (Please use `***.providers.common.sql.operators.sql.SQLExecuteQueryOperator`.Also, you can provide `hook_params={'schema': <database>}`.)
  result = cls.__new__(cls)

[2024-10-11T15:01:06.554+0000] {taskinstance.py:3503} INFO - 1 downstream tasks scheduled from follow-on schedule check
[2024-10-11T15:01:06.557+0000] {local_task_job_runner.py:222} INFO - ::endgroup::
