[2024-10-14T05:15:06.884+0000] {processor.py:161} INFO - Started process (PID=50) to work on /opt/airflow/dags/user_behaviour.py
[2024-10-14T05:15:06.885+0000] {processor.py:830} INFO - Processing file /opt/airflow/dags/user_behaviour.py for tasks to queue
[2024-10-14T05:15:06.889+0000] {logging_mixin.py:188} INFO - [2024-10-14T05:15:06.888+0000] {dagbag.py:545} INFO - Filling up the DagBag from /opt/airflow/dags/user_behaviour.py
[2024-10-14T05:15:06.933+0000] {processor.py:840} INFO - DAG(s) 'user_behaviour' retrieved from /opt/airflow/dags/user_behaviour.py
[2024-10-14T05:15:07.206+0000] {logging_mixin.py:188} INFO - [2024-10-14T05:15:07.205+0000] {override.py:1829} INFO - Created Permission View: can delete on DAG:user_behaviour
[2024-10-14T05:15:07.220+0000] {logging_mixin.py:188} INFO - [2024-10-14T05:15:07.219+0000] {override.py:1829} INFO - Created Permission View: can edit on DAG:user_behaviour
[2024-10-14T05:15:07.230+0000] {logging_mixin.py:188} INFO - [2024-10-14T05:15:07.229+0000] {override.py:1829} INFO - Created Permission View: can read on DAG:user_behaviour
[2024-10-14T05:15:07.230+0000] {logging_mixin.py:188} INFO - [2024-10-14T05:15:07.230+0000] {dag.py:3096} INFO - Sync 1 DAGs
[2024-10-14T05:15:07.247+0000] {logging_mixin.py:188} INFO - [2024-10-14T05:15:07.247+0000] {dag.py:3118} INFO - Creating ORM DAG for user_behaviour
[2024-10-14T05:15:07.263+0000] {logging_mixin.py:188} INFO - [2024-10-14T05:15:07.262+0000] {dag.py:3954} INFO - Setting next_dagrun for user_behaviour to 2024-10-11 00:00:00+00:00, run_after=2024-10-12 00:00:00+00:00
[2024-10-14T05:15:07.283+0000] {processor.py:183} INFO - Processing /opt/airflow/dags/user_behaviour.py took 0.408 seconds
[2024-10-14T05:15:37.810+0000] {processor.py:161} INFO - Started process (PID=65) to work on /opt/airflow/dags/user_behaviour.py
[2024-10-14T05:15:37.811+0000] {processor.py:830} INFO - Processing file /opt/airflow/dags/user_behaviour.py for tasks to queue
[2024-10-14T05:15:37.812+0000] {logging_mixin.py:188} INFO - [2024-10-14T05:15:37.812+0000] {dagbag.py:545} INFO - Filling up the DagBag from /opt/airflow/dags/user_behaviour.py
[2024-10-14T05:15:37.825+0000] {processor.py:840} INFO - DAG(s) 'user_behaviour' retrieved from /opt/airflow/dags/user_behaviour.py
[2024-10-14T05:15:37.848+0000] {logging_mixin.py:188} INFO - [2024-10-14T05:15:37.848+0000] {dag.py:3096} INFO - Sync 1 DAGs
[2024-10-14T05:15:37.869+0000] {logging_mixin.py:188} INFO - [2024-10-14T05:15:37.869+0000] {dag.py:3954} INFO - Setting next_dagrun for user_behaviour to 2024-10-11 00:00:00+00:00, run_after=2024-10-12 00:00:00+00:00
[2024-10-14T05:15:37.888+0000] {processor.py:183} INFO - Processing /opt/airflow/dags/user_behaviour.py took 0.084 seconds
[2024-10-14T05:16:08.714+0000] {processor.py:161} INFO - Started process (PID=80) to work on /opt/airflow/dags/user_behaviour.py
[2024-10-14T05:16:08.715+0000] {processor.py:830} INFO - Processing file /opt/airflow/dags/user_behaviour.py for tasks to queue
[2024-10-14T05:16:08.718+0000] {logging_mixin.py:188} INFO - [2024-10-14T05:16:08.717+0000] {dagbag.py:545} INFO - Filling up the DagBag from /opt/airflow/dags/user_behaviour.py
[2024-10-14T05:16:08.736+0000] {processor.py:840} INFO - DAG(s) 'user_behaviour' retrieved from /opt/airflow/dags/user_behaviour.py
[2024-10-14T05:16:08.766+0000] {logging_mixin.py:188} INFO - [2024-10-14T05:16:08.766+0000] {dag.py:3096} INFO - Sync 1 DAGs
[2024-10-14T05:16:08.789+0000] {logging_mixin.py:188} INFO - [2024-10-14T05:16:08.789+0000] {dag.py:3954} INFO - Setting next_dagrun for user_behaviour to 2024-10-11 00:00:00+00:00, run_after=2024-10-12 00:00:00+00:00
[2024-10-14T05:16:08.807+0000] {processor.py:183} INFO - Processing /opt/airflow/dags/user_behaviour.py took 0.102 seconds
[2024-10-14T05:16:39.578+0000] {processor.py:161} INFO - Started process (PID=102) to work on /opt/airflow/dags/user_behaviour.py
[2024-10-14T05:16:39.580+0000] {processor.py:830} INFO - Processing file /opt/airflow/dags/user_behaviour.py for tasks to queue
[2024-10-14T05:16:39.582+0000] {logging_mixin.py:188} INFO - [2024-10-14T05:16:39.581+0000] {dagbag.py:545} INFO - Filling up the DagBag from /opt/airflow/dags/user_behaviour.py
[2024-10-14T05:16:39.602+0000] {processor.py:840} INFO - DAG(s) 'user_behaviour' retrieved from /opt/airflow/dags/user_behaviour.py
[2024-10-14T05:16:39.627+0000] {logging_mixin.py:188} INFO - [2024-10-14T05:16:39.626+0000] {dag.py:3096} INFO - Sync 1 DAGs
[2024-10-14T05:16:39.648+0000] {logging_mixin.py:188} INFO - [2024-10-14T05:16:39.647+0000] {dag.py:3954} INFO - Setting next_dagrun for user_behaviour to 2024-10-11 00:00:00+00:00, run_after=2024-10-12 00:00:00+00:00
[2024-10-14T05:16:39.666+0000] {processor.py:183} INFO - Processing /opt/airflow/dags/user_behaviour.py took 0.094 seconds
[2024-10-14T05:17:10.593+0000] {processor.py:161} INFO - Started process (PID=117) to work on /opt/airflow/dags/user_behaviour.py
[2024-10-14T05:17:10.596+0000] {processor.py:830} INFO - Processing file /opt/airflow/dags/user_behaviour.py for tasks to queue
[2024-10-14T05:17:10.598+0000] {logging_mixin.py:188} INFO - [2024-10-14T05:17:10.597+0000] {dagbag.py:545} INFO - Filling up the DagBag from /opt/airflow/dags/user_behaviour.py
[2024-10-14T05:17:10.614+0000] {processor.py:840} INFO - DAG(s) 'user_behaviour' retrieved from /opt/airflow/dags/user_behaviour.py
[2024-10-14T05:17:10.639+0000] {logging_mixin.py:188} INFO - [2024-10-14T05:17:10.638+0000] {dag.py:3096} INFO - Sync 1 DAGs
[2024-10-14T05:17:10.662+0000] {logging_mixin.py:188} INFO - [2024-10-14T05:17:10.662+0000] {dag.py:3954} INFO - Setting next_dagrun for user_behaviour to 2024-10-11 00:00:00+00:00, run_after=2024-10-12 00:00:00+00:00
[2024-10-14T05:17:10.681+0000] {processor.py:183} INFO - Processing /opt/airflow/dags/user_behaviour.py took 0.095 seconds
[2024-10-14T05:17:41.665+0000] {processor.py:161} INFO - Started process (PID=132) to work on /opt/airflow/dags/user_behaviour.py
[2024-10-14T05:17:41.666+0000] {processor.py:830} INFO - Processing file /opt/airflow/dags/user_behaviour.py for tasks to queue
[2024-10-14T05:17:41.668+0000] {logging_mixin.py:188} INFO - [2024-10-14T05:17:41.668+0000] {dagbag.py:545} INFO - Filling up the DagBag from /opt/airflow/dags/user_behaviour.py
[2024-10-14T05:17:41.684+0000] {processor.py:840} INFO - DAG(s) 'user_behaviour' retrieved from /opt/airflow/dags/user_behaviour.py
[2024-10-14T05:17:41.709+0000] {logging_mixin.py:188} INFO - [2024-10-14T05:17:41.709+0000] {dag.py:3096} INFO - Sync 1 DAGs
[2024-10-14T05:17:41.730+0000] {logging_mixin.py:188} INFO - [2024-10-14T05:17:41.730+0000] {dag.py:3954} INFO - Setting next_dagrun for user_behaviour to 2024-10-11 00:00:00+00:00, run_after=2024-10-12 00:00:00+00:00
[2024-10-14T05:17:41.749+0000] {processor.py:183} INFO - Processing /opt/airflow/dags/user_behaviour.py took 0.092 seconds
[2024-10-14T05:18:12.656+0000] {processor.py:161} INFO - Started process (PID=147) to work on /opt/airflow/dags/user_behaviour.py
[2024-10-14T05:18:12.658+0000] {processor.py:830} INFO - Processing file /opt/airflow/dags/user_behaviour.py for tasks to queue
[2024-10-14T05:18:12.660+0000] {logging_mixin.py:188} INFO - [2024-10-14T05:18:12.659+0000] {dagbag.py:545} INFO - Filling up the DagBag from /opt/airflow/dags/user_behaviour.py
[2024-10-14T05:18:12.673+0000] {processor.py:840} INFO - DAG(s) 'user_behaviour' retrieved from /opt/airflow/dags/user_behaviour.py
[2024-10-14T05:18:12.695+0000] {logging_mixin.py:188} INFO - [2024-10-14T05:18:12.695+0000] {dag.py:3096} INFO - Sync 1 DAGs
[2024-10-14T05:18:12.724+0000] {logging_mixin.py:188} INFO - [2024-10-14T05:18:12.723+0000] {dag.py:3954} INFO - Setting next_dagrun for user_behaviour to 2024-10-11 00:00:00+00:00, run_after=2024-10-12 00:00:00+00:00
[2024-10-14T05:18:12.746+0000] {processor.py:183} INFO - Processing /opt/airflow/dags/user_behaviour.py took 0.096 seconds
[2024-10-14T05:18:43.712+0000] {processor.py:161} INFO - Started process (PID=168) to work on /opt/airflow/dags/user_behaviour.py
[2024-10-14T05:18:43.713+0000] {processor.py:830} INFO - Processing file /opt/airflow/dags/user_behaviour.py for tasks to queue
[2024-10-14T05:18:43.715+0000] {logging_mixin.py:188} INFO - [2024-10-14T05:18:43.715+0000] {dagbag.py:545} INFO - Filling up the DagBag from /opt/airflow/dags/user_behaviour.py
[2024-10-14T05:18:43.731+0000] {processor.py:840} INFO - DAG(s) 'user_behaviour' retrieved from /opt/airflow/dags/user_behaviour.py
[2024-10-14T05:18:43.756+0000] {logging_mixin.py:188} INFO - [2024-10-14T05:18:43.756+0000] {dag.py:3096} INFO - Sync 1 DAGs
[2024-10-14T05:18:43.787+0000] {logging_mixin.py:188} INFO - [2024-10-14T05:18:43.787+0000] {dag.py:3954} INFO - Setting next_dagrun for user_behaviour to 2024-10-11 00:00:00+00:00, run_after=2024-10-12 00:00:00+00:00
[2024-10-14T05:18:43.808+0000] {processor.py:183} INFO - Processing /opt/airflow/dags/user_behaviour.py took 0.102 seconds
[2024-10-14T05:19:13.857+0000] {processor.py:161} INFO - Started process (PID=184) to work on /opt/airflow/dags/user_behaviour.py
[2024-10-14T05:19:13.859+0000] {processor.py:830} INFO - Processing file /opt/airflow/dags/user_behaviour.py for tasks to queue
[2024-10-14T05:19:13.862+0000] {logging_mixin.py:188} INFO - [2024-10-14T05:19:13.862+0000] {dagbag.py:545} INFO - Filling up the DagBag from /opt/airflow/dags/user_behaviour.py
[2024-10-14T05:19:13.878+0000] {processor.py:840} INFO - DAG(s) 'user_behaviour' retrieved from /opt/airflow/dags/user_behaviour.py
[2024-10-14T05:19:13.901+0000] {logging_mixin.py:188} INFO - [2024-10-14T05:19:13.901+0000] {dag.py:3096} INFO - Sync 1 DAGs
[2024-10-14T05:19:13.920+0000] {logging_mixin.py:188} INFO - [2024-10-14T05:19:13.920+0000] {dag.py:3954} INFO - Setting next_dagrun for user_behaviour to 2024-10-11 00:00:00+00:00, run_after=2024-10-12 00:00:00+00:00
[2024-10-14T05:19:13.938+0000] {processor.py:183} INFO - Processing /opt/airflow/dags/user_behaviour.py took 0.091 seconds
[2024-10-14T05:19:43.995+0000] {processor.py:161} INFO - Started process (PID=199) to work on /opt/airflow/dags/user_behaviour.py
[2024-10-14T05:19:43.996+0000] {processor.py:830} INFO - Processing file /opt/airflow/dags/user_behaviour.py for tasks to queue
[2024-10-14T05:19:43.999+0000] {logging_mixin.py:188} INFO - [2024-10-14T05:19:43.998+0000] {dagbag.py:545} INFO - Filling up the DagBag from /opt/airflow/dags/user_behaviour.py
[2024-10-14T05:19:44.029+0000] {processor.py:840} INFO - DAG(s) 'user_behaviour' retrieved from /opt/airflow/dags/user_behaviour.py
[2024-10-14T05:19:44.056+0000] {logging_mixin.py:188} INFO - [2024-10-14T05:19:44.056+0000] {dag.py:3096} INFO - Sync 1 DAGs
[2024-10-14T05:19:44.080+0000] {logging_mixin.py:188} INFO - [2024-10-14T05:19:44.080+0000] {dag.py:3954} INFO - Setting next_dagrun for user_behaviour to 2024-10-11 00:00:00+00:00, run_after=2024-10-12 00:00:00+00:00
[2024-10-14T05:19:44.102+0000] {processor.py:183} INFO - Processing /opt/airflow/dags/user_behaviour.py took 0.116 seconds
[2024-10-14T05:20:14.162+0000] {processor.py:161} INFO - Started process (PID=214) to work on /opt/airflow/dags/user_behaviour.py
[2024-10-14T05:20:14.163+0000] {processor.py:830} INFO - Processing file /opt/airflow/dags/user_behaviour.py for tasks to queue
[2024-10-14T05:20:14.165+0000] {logging_mixin.py:188} INFO - [2024-10-14T05:20:14.165+0000] {dagbag.py:545} INFO - Filling up the DagBag from /opt/airflow/dags/user_behaviour.py
[2024-10-14T05:20:14.180+0000] {processor.py:840} INFO - DAG(s) 'user_behaviour' retrieved from /opt/airflow/dags/user_behaviour.py
[2024-10-14T05:20:14.205+0000] {logging_mixin.py:188} INFO - [2024-10-14T05:20:14.205+0000] {dag.py:3096} INFO - Sync 1 DAGs
[2024-10-14T05:20:14.226+0000] {logging_mixin.py:188} INFO - [2024-10-14T05:20:14.225+0000] {dag.py:3954} INFO - Setting next_dagrun for user_behaviour to 2024-10-11 00:00:00+00:00, run_after=2024-10-12 00:00:00+00:00
[2024-10-14T05:20:14.243+0000] {processor.py:183} INFO - Processing /opt/airflow/dags/user_behaviour.py took 0.087 seconds
[2024-10-14T05:20:44.289+0000] {processor.py:161} INFO - Started process (PID=236) to work on /opt/airflow/dags/user_behaviour.py
[2024-10-14T05:20:44.299+0000] {processor.py:830} INFO - Processing file /opt/airflow/dags/user_behaviour.py for tasks to queue
[2024-10-14T05:20:44.301+0000] {logging_mixin.py:188} INFO - [2024-10-14T05:20:44.301+0000] {dagbag.py:545} INFO - Filling up the DagBag from /opt/airflow/dags/user_behaviour.py
[2024-10-14T05:20:44.317+0000] {processor.py:840} INFO - DAG(s) 'user_behaviour' retrieved from /opt/airflow/dags/user_behaviour.py
[2024-10-14T05:20:44.343+0000] {logging_mixin.py:188} INFO - [2024-10-14T05:20:44.343+0000] {dag.py:3096} INFO - Sync 1 DAGs
[2024-10-14T05:20:44.368+0000] {logging_mixin.py:188} INFO - [2024-10-14T05:20:44.368+0000] {dag.py:3954} INFO - Setting next_dagrun for user_behaviour to 2024-10-11 00:00:00+00:00, run_after=2024-10-12 00:00:00+00:00
[2024-10-14T05:20:44.389+0000] {processor.py:183} INFO - Processing /opt/airflow/dags/user_behaviour.py took 0.107 seconds
[2024-10-14T05:21:14.414+0000] {processor.py:161} INFO - Started process (PID=251) to work on /opt/airflow/dags/user_behaviour.py
[2024-10-14T05:21:14.416+0000] {processor.py:830} INFO - Processing file /opt/airflow/dags/user_behaviour.py for tasks to queue
[2024-10-14T05:21:14.418+0000] {logging_mixin.py:188} INFO - [2024-10-14T05:21:14.418+0000] {dagbag.py:545} INFO - Filling up the DagBag from /opt/airflow/dags/user_behaviour.py
[2024-10-14T05:21:14.432+0000] {processor.py:840} INFO - DAG(s) 'user_behaviour' retrieved from /opt/airflow/dags/user_behaviour.py
[2024-10-14T05:21:14.454+0000] {logging_mixin.py:188} INFO - [2024-10-14T05:21:14.454+0000] {dag.py:3096} INFO - Sync 1 DAGs
[2024-10-14T05:21:14.475+0000] {logging_mixin.py:188} INFO - [2024-10-14T05:21:14.475+0000] {dag.py:3954} INFO - Setting next_dagrun for user_behaviour to 2024-10-11 00:00:00+00:00, run_after=2024-10-12 00:00:00+00:00
[2024-10-14T05:21:14.492+0000] {processor.py:183} INFO - Processing /opt/airflow/dags/user_behaviour.py took 0.084 seconds
[2024-10-14T05:21:44.593+0000] {processor.py:161} INFO - Started process (PID=266) to work on /opt/airflow/dags/user_behaviour.py
[2024-10-14T05:21:44.596+0000] {processor.py:830} INFO - Processing file /opt/airflow/dags/user_behaviour.py for tasks to queue
[2024-10-14T05:21:44.597+0000] {logging_mixin.py:188} INFO - [2024-10-14T05:21:44.597+0000] {dagbag.py:545} INFO - Filling up the DagBag from /opt/airflow/dags/user_behaviour.py
[2024-10-14T05:21:44.614+0000] {processor.py:840} INFO - DAG(s) 'user_behaviour' retrieved from /opt/airflow/dags/user_behaviour.py
[2024-10-14T05:21:44.637+0000] {logging_mixin.py:188} INFO - [2024-10-14T05:21:44.637+0000] {dag.py:3096} INFO - Sync 1 DAGs
[2024-10-14T05:21:44.658+0000] {logging_mixin.py:188} INFO - [2024-10-14T05:21:44.658+0000] {dag.py:3954} INFO - Setting next_dagrun for user_behaviour to 2024-10-11 00:00:00+00:00, run_after=2024-10-12 00:00:00+00:00
[2024-10-14T05:21:44.676+0000] {processor.py:183} INFO - Processing /opt/airflow/dags/user_behaviour.py took 0.089 seconds
[2024-10-14T05:22:15.519+0000] {processor.py:161} INFO - Started process (PID=281) to work on /opt/airflow/dags/user_behaviour.py
[2024-10-14T05:22:15.520+0000] {processor.py:830} INFO - Processing file /opt/airflow/dags/user_behaviour.py for tasks to queue
[2024-10-14T05:22:15.522+0000] {logging_mixin.py:188} INFO - [2024-10-14T05:22:15.522+0000] {dagbag.py:545} INFO - Filling up the DagBag from /opt/airflow/dags/user_behaviour.py
[2024-10-14T05:22:15.537+0000] {processor.py:840} INFO - DAG(s) 'user_behaviour' retrieved from /opt/airflow/dags/user_behaviour.py
[2024-10-14T05:22:15.560+0000] {logging_mixin.py:188} INFO - [2024-10-14T05:22:15.559+0000] {dag.py:3096} INFO - Sync 1 DAGs
[2024-10-14T05:22:15.581+0000] {logging_mixin.py:188} INFO - [2024-10-14T05:22:15.581+0000] {dag.py:3954} INFO - Setting next_dagrun for user_behaviour to 2024-10-11 00:00:00+00:00, run_after=2024-10-12 00:00:00+00:00
[2024-10-14T05:22:15.600+0000] {processor.py:183} INFO - Processing /opt/airflow/dags/user_behaviour.py took 0.087 seconds
[2024-10-14T05:22:46.605+0000] {processor.py:161} INFO - Started process (PID=303) to work on /opt/airflow/dags/user_behaviour.py
[2024-10-14T05:22:46.606+0000] {processor.py:830} INFO - Processing file /opt/airflow/dags/user_behaviour.py for tasks to queue
[2024-10-14T05:22:46.608+0000] {logging_mixin.py:188} INFO - [2024-10-14T05:22:46.608+0000] {dagbag.py:545} INFO - Filling up the DagBag from /opt/airflow/dags/user_behaviour.py
[2024-10-14T05:22:46.624+0000] {processor.py:840} INFO - DAG(s) 'user_behaviour' retrieved from /opt/airflow/dags/user_behaviour.py
[2024-10-14T05:22:46.647+0000] {logging_mixin.py:188} INFO - [2024-10-14T05:22:46.647+0000] {dag.py:3096} INFO - Sync 1 DAGs
[2024-10-14T05:22:46.669+0000] {logging_mixin.py:188} INFO - [2024-10-14T05:22:46.669+0000] {dag.py:3954} INFO - Setting next_dagrun for user_behaviour to 2024-10-11 00:00:00+00:00, run_after=2024-10-12 00:00:00+00:00
[2024-10-14T05:22:46.688+0000] {processor.py:183} INFO - Processing /opt/airflow/dags/user_behaviour.py took 0.088 seconds
[2024-10-14T05:23:17.619+0000] {processor.py:161} INFO - Started process (PID=318) to work on /opt/airflow/dags/user_behaviour.py
[2024-10-14T05:23:17.620+0000] {processor.py:830} INFO - Processing file /opt/airflow/dags/user_behaviour.py for tasks to queue
[2024-10-14T05:23:17.621+0000] {logging_mixin.py:188} INFO - [2024-10-14T05:23:17.621+0000] {dagbag.py:545} INFO - Filling up the DagBag from /opt/airflow/dags/user_behaviour.py
[2024-10-14T05:23:17.635+0000] {processor.py:840} INFO - DAG(s) 'user_behaviour' retrieved from /opt/airflow/dags/user_behaviour.py
[2024-10-14T05:23:17.658+0000] {logging_mixin.py:188} INFO - [2024-10-14T05:23:17.658+0000] {dag.py:3096} INFO - Sync 1 DAGs
[2024-10-14T05:23:17.678+0000] {logging_mixin.py:188} INFO - [2024-10-14T05:23:17.678+0000] {dag.py:3954} INFO - Setting next_dagrun for user_behaviour to 2024-10-11 00:00:00+00:00, run_after=2024-10-12 00:00:00+00:00
[2024-10-14T05:23:17.695+0000] {processor.py:183} INFO - Processing /opt/airflow/dags/user_behaviour.py took 0.082 seconds
[2024-10-14T05:23:48.686+0000] {processor.py:161} INFO - Started process (PID=333) to work on /opt/airflow/dags/user_behaviour.py
[2024-10-14T05:23:48.687+0000] {processor.py:830} INFO - Processing file /opt/airflow/dags/user_behaviour.py for tasks to queue
[2024-10-14T05:23:48.689+0000] {logging_mixin.py:188} INFO - [2024-10-14T05:23:48.688+0000] {dagbag.py:545} INFO - Filling up the DagBag from /opt/airflow/dags/user_behaviour.py
[2024-10-14T05:23:48.703+0000] {processor.py:840} INFO - DAG(s) 'user_behaviour' retrieved from /opt/airflow/dags/user_behaviour.py
[2024-10-14T05:23:48.725+0000] {logging_mixin.py:188} INFO - [2024-10-14T05:23:48.725+0000] {dag.py:3096} INFO - Sync 1 DAGs
[2024-10-14T05:23:48.746+0000] {logging_mixin.py:188} INFO - [2024-10-14T05:23:48.746+0000] {dag.py:3954} INFO - Setting next_dagrun for user_behaviour to 2024-10-11 00:00:00+00:00, run_after=2024-10-12 00:00:00+00:00
[2024-10-14T05:23:48.764+0000] {processor.py:183} INFO - Processing /opt/airflow/dags/user_behaviour.py took 0.085 seconds
[2024-10-14T05:24:19.694+0000] {processor.py:161} INFO - Started process (PID=355) to work on /opt/airflow/dags/user_behaviour.py
[2024-10-14T05:24:19.704+0000] {processor.py:830} INFO - Processing file /opt/airflow/dags/user_behaviour.py for tasks to queue
[2024-10-14T05:24:19.706+0000] {logging_mixin.py:188} INFO - [2024-10-14T05:24:19.705+0000] {dagbag.py:545} INFO - Filling up the DagBag from /opt/airflow/dags/user_behaviour.py
[2024-10-14T05:24:19.720+0000] {processor.py:840} INFO - DAG(s) 'user_behaviour' retrieved from /opt/airflow/dags/user_behaviour.py
[2024-10-14T05:24:19.743+0000] {logging_mixin.py:188} INFO - [2024-10-14T05:24:19.743+0000] {dag.py:3096} INFO - Sync 1 DAGs
[2024-10-14T05:24:19.765+0000] {logging_mixin.py:188} INFO - [2024-10-14T05:24:19.764+0000] {dag.py:3954} INFO - Setting next_dagrun for user_behaviour to 2024-10-11 00:00:00+00:00, run_after=2024-10-12 00:00:00+00:00
[2024-10-14T05:24:19.783+0000] {processor.py:183} INFO - Processing /opt/airflow/dags/user_behaviour.py took 0.095 seconds
[2024-10-14T05:24:50.757+0000] {processor.py:161} INFO - Started process (PID=370) to work on /opt/airflow/dags/user_behaviour.py
[2024-10-14T05:24:50.766+0000] {processor.py:830} INFO - Processing file /opt/airflow/dags/user_behaviour.py for tasks to queue
[2024-10-14T05:24:50.769+0000] {logging_mixin.py:188} INFO - [2024-10-14T05:24:50.768+0000] {dagbag.py:545} INFO - Filling up the DagBag from /opt/airflow/dags/user_behaviour.py
[2024-10-14T05:24:50.784+0000] {processor.py:840} INFO - DAG(s) 'user_behaviour' retrieved from /opt/airflow/dags/user_behaviour.py
[2024-10-14T05:24:50.805+0000] {logging_mixin.py:188} INFO - [2024-10-14T05:24:50.805+0000] {dag.py:3096} INFO - Sync 1 DAGs
[2024-10-14T05:24:50.826+0000] {logging_mixin.py:188} INFO - [2024-10-14T05:24:50.826+0000] {dag.py:3954} INFO - Setting next_dagrun for user_behaviour to 2024-10-11 00:00:00+00:00, run_after=2024-10-12 00:00:00+00:00
[2024-10-14T05:24:50.843+0000] {processor.py:183} INFO - Processing /opt/airflow/dags/user_behaviour.py took 0.092 seconds
[2024-10-14T05:25:21.805+0000] {processor.py:161} INFO - Started process (PID=386) to work on /opt/airflow/dags/user_behaviour.py
[2024-10-14T05:25:21.814+0000] {processor.py:830} INFO - Processing file /opt/airflow/dags/user_behaviour.py for tasks to queue
[2024-10-14T05:25:21.816+0000] {logging_mixin.py:188} INFO - [2024-10-14T05:25:21.816+0000] {dagbag.py:545} INFO - Filling up the DagBag from /opt/airflow/dags/user_behaviour.py
[2024-10-14T05:25:21.833+0000] {processor.py:840} INFO - DAG(s) 'user_behaviour' retrieved from /opt/airflow/dags/user_behaviour.py
[2024-10-14T05:25:21.859+0000] {logging_mixin.py:188} INFO - [2024-10-14T05:25:21.859+0000] {dag.py:3096} INFO - Sync 1 DAGs
[2024-10-14T05:25:21.881+0000] {logging_mixin.py:188} INFO - [2024-10-14T05:25:21.881+0000] {dag.py:3954} INFO - Setting next_dagrun for user_behaviour to 2024-10-11 00:00:00+00:00, run_after=2024-10-12 00:00:00+00:00
[2024-10-14T05:25:21.900+0000] {processor.py:183} INFO - Processing /opt/airflow/dags/user_behaviour.py took 0.101 seconds
[2024-10-14T05:25:52.851+0000] {processor.py:161} INFO - Started process (PID=408) to work on /opt/airflow/dags/user_behaviour.py
[2024-10-14T05:25:52.852+0000] {processor.py:830} INFO - Processing file /opt/airflow/dags/user_behaviour.py for tasks to queue
[2024-10-14T05:25:52.855+0000] {logging_mixin.py:188} INFO - [2024-10-14T05:25:52.855+0000] {dagbag.py:545} INFO - Filling up the DagBag from /opt/airflow/dags/user_behaviour.py
[2024-10-14T05:25:52.871+0000] {processor.py:840} INFO - DAG(s) 'user_behaviour' retrieved from /opt/airflow/dags/user_behaviour.py
[2024-10-14T05:25:52.897+0000] {logging_mixin.py:188} INFO - [2024-10-14T05:25:52.897+0000] {dag.py:3096} INFO - Sync 1 DAGs
[2024-10-14T05:25:52.924+0000] {logging_mixin.py:188} INFO - [2024-10-14T05:25:52.924+0000] {dag.py:3954} INFO - Setting next_dagrun for user_behaviour to 2024-10-11 00:00:00+00:00, run_after=2024-10-12 00:00:00+00:00
[2024-10-14T05:25:52.946+0000] {processor.py:183} INFO - Processing /opt/airflow/dags/user_behaviour.py took 0.102 seconds
[2024-10-14T05:26:23.904+0000] {processor.py:161} INFO - Started process (PID=423) to work on /opt/airflow/dags/user_behaviour.py
[2024-10-14T05:26:23.914+0000] {processor.py:830} INFO - Processing file /opt/airflow/dags/user_behaviour.py for tasks to queue
[2024-10-14T05:26:23.916+0000] {logging_mixin.py:188} INFO - [2024-10-14T05:26:23.916+0000] {dagbag.py:545} INFO - Filling up the DagBag from /opt/airflow/dags/user_behaviour.py
[2024-10-14T05:26:23.930+0000] {processor.py:840} INFO - DAG(s) 'user_behaviour' retrieved from /opt/airflow/dags/user_behaviour.py
[2024-10-14T05:26:23.952+0000] {logging_mixin.py:188} INFO - [2024-10-14T05:26:23.952+0000] {dag.py:3096} INFO - Sync 1 DAGs
[2024-10-14T05:26:23.973+0000] {logging_mixin.py:188} INFO - [2024-10-14T05:26:23.973+0000] {dag.py:3954} INFO - Setting next_dagrun for user_behaviour to 2024-10-11 00:00:00+00:00, run_after=2024-10-12 00:00:00+00:00
[2024-10-14T05:26:23.990+0000] {processor.py:183} INFO - Processing /opt/airflow/dags/user_behaviour.py took 0.094 seconds
[2024-10-14T05:26:54.957+0000] {processor.py:161} INFO - Started process (PID=438) to work on /opt/airflow/dags/user_behaviour.py
[2024-10-14T05:26:54.967+0000] {processor.py:830} INFO - Processing file /opt/airflow/dags/user_behaviour.py for tasks to queue
[2024-10-14T05:26:54.969+0000] {logging_mixin.py:188} INFO - [2024-10-14T05:26:54.969+0000] {dagbag.py:545} INFO - Filling up the DagBag from /opt/airflow/dags/user_behaviour.py
[2024-10-14T05:26:54.983+0000] {processor.py:840} INFO - DAG(s) 'user_behaviour' retrieved from /opt/airflow/dags/user_behaviour.py
[2024-10-14T05:26:55.006+0000] {logging_mixin.py:188} INFO - [2024-10-14T05:26:55.005+0000] {dag.py:3096} INFO - Sync 1 DAGs
[2024-10-14T05:26:55.025+0000] {logging_mixin.py:188} INFO - [2024-10-14T05:26:55.025+0000] {dag.py:3954} INFO - Setting next_dagrun for user_behaviour to 2024-10-11 00:00:00+00:00, run_after=2024-10-12 00:00:00+00:00
[2024-10-14T05:26:55.042+0000] {processor.py:183} INFO - Processing /opt/airflow/dags/user_behaviour.py took 0.091 seconds
[2024-10-14T05:27:25.110+0000] {processor.py:161} INFO - Started process (PID=460) to work on /opt/airflow/dags/user_behaviour.py
[2024-10-14T05:27:25.111+0000] {processor.py:830} INFO - Processing file /opt/airflow/dags/user_behaviour.py for tasks to queue
[2024-10-14T05:27:25.113+0000] {logging_mixin.py:188} INFO - [2024-10-14T05:27:25.112+0000] {dagbag.py:545} INFO - Filling up the DagBag from /opt/airflow/dags/user_behaviour.py
[2024-10-14T05:27:25.127+0000] {processor.py:840} INFO - DAG(s) 'user_behaviour' retrieved from /opt/airflow/dags/user_behaviour.py
[2024-10-14T05:27:25.151+0000] {logging_mixin.py:188} INFO - [2024-10-14T05:27:25.151+0000] {dag.py:3096} INFO - Sync 1 DAGs
[2024-10-14T05:27:25.174+0000] {logging_mixin.py:188} INFO - [2024-10-14T05:27:25.174+0000] {dag.py:3954} INFO - Setting next_dagrun for user_behaviour to 2024-10-11 00:00:00+00:00, run_after=2024-10-12 00:00:00+00:00
[2024-10-14T05:27:25.193+0000] {processor.py:183} INFO - Processing /opt/airflow/dags/user_behaviour.py took 0.089 seconds
[2024-10-14T05:27:56.165+0000] {processor.py:161} INFO - Started process (PID=475) to work on /opt/airflow/dags/user_behaviour.py
[2024-10-14T05:27:56.166+0000] {processor.py:830} INFO - Processing file /opt/airflow/dags/user_behaviour.py for tasks to queue
[2024-10-14T05:27:56.168+0000] {logging_mixin.py:188} INFO - [2024-10-14T05:27:56.168+0000] {dagbag.py:545} INFO - Filling up the DagBag from /opt/airflow/dags/user_behaviour.py
[2024-10-14T05:27:56.182+0000] {processor.py:840} INFO - DAG(s) 'user_behaviour' retrieved from /opt/airflow/dags/user_behaviour.py
[2024-10-14T05:27:56.206+0000] {logging_mixin.py:188} INFO - [2024-10-14T05:27:56.205+0000] {dag.py:3096} INFO - Sync 1 DAGs
[2024-10-14T05:27:56.226+0000] {logging_mixin.py:188} INFO - [2024-10-14T05:27:56.226+0000] {dag.py:3954} INFO - Setting next_dagrun for user_behaviour to 2024-10-11 00:00:00+00:00, run_after=2024-10-12 00:00:00+00:00
[2024-10-14T05:27:56.243+0000] {processor.py:183} INFO - Processing /opt/airflow/dags/user_behaviour.py took 0.084 seconds
[2024-10-14T05:28:26.270+0000] {processor.py:161} INFO - Started process (PID=490) to work on /opt/airflow/dags/user_behaviour.py
[2024-10-14T05:28:26.271+0000] {processor.py:830} INFO - Processing file /opt/airflow/dags/user_behaviour.py for tasks to queue
[2024-10-14T05:28:26.273+0000] {logging_mixin.py:188} INFO - [2024-10-14T05:28:26.273+0000] {dagbag.py:545} INFO - Filling up the DagBag from /opt/airflow/dags/user_behaviour.py
[2024-10-14T05:28:26.288+0000] {processor.py:840} INFO - DAG(s) 'user_behaviour' retrieved from /opt/airflow/dags/user_behaviour.py
[2024-10-14T05:28:26.312+0000] {logging_mixin.py:188} INFO - [2024-10-14T05:28:26.312+0000] {dag.py:3096} INFO - Sync 1 DAGs
[2024-10-14T05:28:26.334+0000] {logging_mixin.py:188} INFO - [2024-10-14T05:28:26.334+0000] {dag.py:3954} INFO - Setting next_dagrun for user_behaviour to 2024-10-11 00:00:00+00:00, run_after=2024-10-12 00:00:00+00:00
[2024-10-14T05:28:26.353+0000] {processor.py:183} INFO - Processing /opt/airflow/dags/user_behaviour.py took 0.089 seconds
[2024-10-14T05:28:56.408+0000] {processor.py:161} INFO - Started process (PID=505) to work on /opt/airflow/dags/user_behaviour.py
[2024-10-14T05:28:56.410+0000] {processor.py:830} INFO - Processing file /opt/airflow/dags/user_behaviour.py for tasks to queue
[2024-10-14T05:28:56.412+0000] {logging_mixin.py:188} INFO - [2024-10-14T05:28:56.411+0000] {dagbag.py:545} INFO - Filling up the DagBag from /opt/airflow/dags/user_behaviour.py
[2024-10-14T05:28:56.428+0000] {processor.py:840} INFO - DAG(s) 'user_behaviour' retrieved from /opt/airflow/dags/user_behaviour.py
[2024-10-14T05:28:56.454+0000] {logging_mixin.py:188} INFO - [2024-10-14T05:28:56.453+0000] {dag.py:3096} INFO - Sync 1 DAGs
[2024-10-14T05:28:56.480+0000] {logging_mixin.py:188} INFO - [2024-10-14T05:28:56.479+0000] {dag.py:3954} INFO - Setting next_dagrun for user_behaviour to 2024-10-11 00:00:00+00:00, run_after=2024-10-12 00:00:00+00:00
[2024-10-14T05:28:56.499+0000] {processor.py:183} INFO - Processing /opt/airflow/dags/user_behaviour.py took 0.098 seconds
[2024-10-14T05:29:27.404+0000] {processor.py:161} INFO - Started process (PID=527) to work on /opt/airflow/dags/user_behaviour.py
[2024-10-14T05:29:27.413+0000] {processor.py:830} INFO - Processing file /opt/airflow/dags/user_behaviour.py for tasks to queue
[2024-10-14T05:29:27.415+0000] {logging_mixin.py:188} INFO - [2024-10-14T05:29:27.415+0000] {dagbag.py:545} INFO - Filling up the DagBag from /opt/airflow/dags/user_behaviour.py
[2024-10-14T05:29:27.429+0000] {processor.py:840} INFO - DAG(s) 'user_behaviour' retrieved from /opt/airflow/dags/user_behaviour.py
[2024-10-14T05:29:27.451+0000] {logging_mixin.py:188} INFO - [2024-10-14T05:29:27.451+0000] {dag.py:3096} INFO - Sync 1 DAGs
[2024-10-14T05:29:27.471+0000] {logging_mixin.py:188} INFO - [2024-10-14T05:29:27.471+0000] {dag.py:3954} INFO - Setting next_dagrun for user_behaviour to 2024-10-11 00:00:00+00:00, run_after=2024-10-12 00:00:00+00:00
[2024-10-14T05:29:27.492+0000] {processor.py:183} INFO - Processing /opt/airflow/dags/user_behaviour.py took 0.094 seconds
[2024-10-14T05:29:57.520+0000] {processor.py:161} INFO - Started process (PID=541) to work on /opt/airflow/dags/user_behaviour.py
[2024-10-14T05:29:57.530+0000] {processor.py:830} INFO - Processing file /opt/airflow/dags/user_behaviour.py for tasks to queue
[2024-10-14T05:29:57.532+0000] {logging_mixin.py:188} INFO - [2024-10-14T05:29:57.531+0000] {dagbag.py:545} INFO - Filling up the DagBag from /opt/airflow/dags/user_behaviour.py
[2024-10-14T05:29:57.549+0000] {processor.py:840} INFO - DAG(s) 'user_behaviour' retrieved from /opt/airflow/dags/user_behaviour.py
[2024-10-14T05:29:57.575+0000] {logging_mixin.py:188} INFO - [2024-10-14T05:29:57.575+0000] {dag.py:3096} INFO - Sync 1 DAGs
[2024-10-14T05:29:57.597+0000] {logging_mixin.py:188} INFO - [2024-10-14T05:29:57.597+0000] {dag.py:3954} INFO - Setting next_dagrun for user_behaviour to 2024-10-11 00:00:00+00:00, run_after=2024-10-12 00:00:00+00:00
[2024-10-14T05:29:57.616+0000] {processor.py:183} INFO - Processing /opt/airflow/dags/user_behaviour.py took 0.106 seconds
[2024-10-14T05:30:27.654+0000] {processor.py:161} INFO - Started process (PID=556) to work on /opt/airflow/dags/user_behaviour.py
[2024-10-14T05:30:27.656+0000] {processor.py:830} INFO - Processing file /opt/airflow/dags/user_behaviour.py for tasks to queue
[2024-10-14T05:30:27.659+0000] {logging_mixin.py:188} INFO - [2024-10-14T05:30:27.659+0000] {dagbag.py:545} INFO - Filling up the DagBag from /opt/airflow/dags/user_behaviour.py
[2024-10-14T05:30:27.673+0000] {processor.py:840} INFO - DAG(s) 'user_behaviour' retrieved from /opt/airflow/dags/user_behaviour.py
[2024-10-14T05:30:27.697+0000] {logging_mixin.py:188} INFO - [2024-10-14T05:30:27.697+0000] {dag.py:3096} INFO - Sync 1 DAGs
[2024-10-14T05:30:27.718+0000] {logging_mixin.py:188} INFO - [2024-10-14T05:30:27.718+0000] {dag.py:3954} INFO - Setting next_dagrun for user_behaviour to 2024-10-11 00:00:00+00:00, run_after=2024-10-12 00:00:00+00:00
[2024-10-14T05:30:27.738+0000] {processor.py:183} INFO - Processing /opt/airflow/dags/user_behaviour.py took 0.091 seconds
[2024-10-14T05:30:57.769+0000] {processor.py:161} INFO - Started process (PID=571) to work on /opt/airflow/dags/user_behaviour.py
[2024-10-14T05:30:57.770+0000] {processor.py:830} INFO - Processing file /opt/airflow/dags/user_behaviour.py for tasks to queue
[2024-10-14T05:30:57.773+0000] {logging_mixin.py:188} INFO - [2024-10-14T05:30:57.772+0000] {dagbag.py:545} INFO - Filling up the DagBag from /opt/airflow/dags/user_behaviour.py
[2024-10-14T05:30:57.787+0000] {processor.py:840} INFO - DAG(s) 'user_behaviour' retrieved from /opt/airflow/dags/user_behaviour.py
[2024-10-14T05:30:57.811+0000] {logging_mixin.py:188} INFO - [2024-10-14T05:30:57.811+0000] {dag.py:3096} INFO - Sync 1 DAGs
[2024-10-14T05:30:57.833+0000] {logging_mixin.py:188} INFO - [2024-10-14T05:30:57.833+0000] {dag.py:3954} INFO - Setting next_dagrun for user_behaviour to 2024-10-11 00:00:00+00:00, run_after=2024-10-12 00:00:00+00:00
[2024-10-14T05:30:57.852+0000] {processor.py:183} INFO - Processing /opt/airflow/dags/user_behaviour.py took 0.090 seconds
[2024-10-14T05:31:27.879+0000] {processor.py:161} INFO - Started process (PID=586) to work on /opt/airflow/dags/user_behaviour.py
[2024-10-14T05:31:27.880+0000] {processor.py:830} INFO - Processing file /opt/airflow/dags/user_behaviour.py for tasks to queue
[2024-10-14T05:31:27.882+0000] {logging_mixin.py:188} INFO - [2024-10-14T05:31:27.882+0000] {dagbag.py:545} INFO - Filling up the DagBag from /opt/airflow/dags/user_behaviour.py
[2024-10-14T05:31:27.898+0000] {processor.py:840} INFO - DAG(s) 'user_behaviour' retrieved from /opt/airflow/dags/user_behaviour.py
[2024-10-14T05:31:27.923+0000] {logging_mixin.py:188} INFO - [2024-10-14T05:31:27.923+0000] {dag.py:3096} INFO - Sync 1 DAGs
[2024-10-14T05:31:27.948+0000] {logging_mixin.py:188} INFO - [2024-10-14T05:31:27.948+0000] {dag.py:3954} INFO - Setting next_dagrun for user_behaviour to 2024-10-11 00:00:00+00:00, run_after=2024-10-12 00:00:00+00:00
[2024-10-14T05:31:27.968+0000] {processor.py:183} INFO - Processing /opt/airflow/dags/user_behaviour.py took 0.096 seconds
[2024-10-14T05:31:58.893+0000] {processor.py:161} INFO - Started process (PID=608) to work on /opt/airflow/dags/user_behaviour.py
[2024-10-14T05:31:58.896+0000] {processor.py:830} INFO - Processing file /opt/airflow/dags/user_behaviour.py for tasks to queue
[2024-10-14T05:31:58.898+0000] {logging_mixin.py:188} INFO - [2024-10-14T05:31:58.898+0000] {dagbag.py:545} INFO - Filling up the DagBag from /opt/airflow/dags/user_behaviour.py
[2024-10-14T05:31:58.930+0000] {processor.py:840} INFO - DAG(s) 'user_behaviour' retrieved from /opt/airflow/dags/user_behaviour.py
[2024-10-14T05:31:58.969+0000] {logging_mixin.py:188} INFO - [2024-10-14T05:31:58.969+0000] {dag.py:3096} INFO - Sync 1 DAGs
[2024-10-14T05:31:59.010+0000] {logging_mixin.py:188} INFO - [2024-10-14T05:31:59.010+0000] {dag.py:3954} INFO - Setting next_dagrun for user_behaviour to 2024-10-11 00:00:00+00:00, run_after=2024-10-12 00:00:00+00:00
[2024-10-14T05:31:59.036+0000] {processor.py:183} INFO - Processing /opt/airflow/dags/user_behaviour.py took 0.150 seconds
[2024-10-14T05:32:29.988+0000] {processor.py:161} INFO - Started process (PID=623) to work on /opt/airflow/dags/user_behaviour.py
[2024-10-14T05:32:29.989+0000] {processor.py:830} INFO - Processing file /opt/airflow/dags/user_behaviour.py for tasks to queue
[2024-10-14T05:32:29.991+0000] {logging_mixin.py:188} INFO - [2024-10-14T05:32:29.991+0000] {dagbag.py:545} INFO - Filling up the DagBag from /opt/airflow/dags/user_behaviour.py
[2024-10-14T05:32:30.006+0000] {processor.py:840} INFO - DAG(s) 'user_behaviour' retrieved from /opt/airflow/dags/user_behaviour.py
[2024-10-14T05:32:30.029+0000] {logging_mixin.py:188} INFO - [2024-10-14T05:32:30.029+0000] {dag.py:3096} INFO - Sync 1 DAGs
[2024-10-14T05:32:30.051+0000] {logging_mixin.py:188} INFO - [2024-10-14T05:32:30.051+0000] {dag.py:3954} INFO - Setting next_dagrun for user_behaviour to 2024-10-11 00:00:00+00:00, run_after=2024-10-12 00:00:00+00:00
[2024-10-14T05:32:30.071+0000] {processor.py:183} INFO - Processing /opt/airflow/dags/user_behaviour.py took 0.090 seconds
[2024-10-14T05:33:00.168+0000] {processor.py:161} INFO - Started process (PID=638) to work on /opt/airflow/dags/user_behaviour.py
[2024-10-14T05:33:00.169+0000] {processor.py:830} INFO - Processing file /opt/airflow/dags/user_behaviour.py for tasks to queue
[2024-10-14T05:33:00.171+0000] {logging_mixin.py:188} INFO - [2024-10-14T05:33:00.171+0000] {dagbag.py:545} INFO - Filling up the DagBag from /opt/airflow/dags/user_behaviour.py
[2024-10-14T05:33:00.186+0000] {processor.py:840} INFO - DAG(s) 'user_behaviour' retrieved from /opt/airflow/dags/user_behaviour.py
[2024-10-14T05:33:00.211+0000] {logging_mixin.py:188} INFO - [2024-10-14T05:33:00.210+0000] {dag.py:3096} INFO - Sync 1 DAGs
[2024-10-14T05:33:00.232+0000] {logging_mixin.py:188} INFO - [2024-10-14T05:33:00.232+0000] {dag.py:3954} INFO - Setting next_dagrun for user_behaviour to 2024-10-11 00:00:00+00:00, run_after=2024-10-12 00:00:00+00:00
[2024-10-14T05:33:00.251+0000] {processor.py:183} INFO - Processing /opt/airflow/dags/user_behaviour.py took 0.089 seconds
[2024-10-14T05:33:31.172+0000] {processor.py:161} INFO - Started process (PID=660) to work on /opt/airflow/dags/user_behaviour.py
[2024-10-14T05:33:31.173+0000] {processor.py:830} INFO - Processing file /opt/airflow/dags/user_behaviour.py for tasks to queue
[2024-10-14T05:33:31.176+0000] {logging_mixin.py:188} INFO - [2024-10-14T05:33:31.175+0000] {dagbag.py:545} INFO - Filling up the DagBag from /opt/airflow/dags/user_behaviour.py
[2024-10-14T05:33:31.193+0000] {processor.py:840} INFO - DAG(s) 'user_behaviour' retrieved from /opt/airflow/dags/user_behaviour.py
[2024-10-14T05:33:31.226+0000] {logging_mixin.py:188} INFO - [2024-10-14T05:33:31.225+0000] {dag.py:3096} INFO - Sync 1 DAGs
[2024-10-14T05:33:31.265+0000] {logging_mixin.py:188} INFO - [2024-10-14T05:33:31.265+0000] {dag.py:3954} INFO - Setting next_dagrun for user_behaviour to 2024-10-11 00:00:00+00:00, run_after=2024-10-12 00:00:00+00:00
[2024-10-14T05:33:31.292+0000] {processor.py:183} INFO - Processing /opt/airflow/dags/user_behaviour.py took 0.129 seconds
