[2024-10-11T15:32:13.490+0000] {local_task_job_runner.py:120} INFO - ::group::Pre task execution logs
[2024-10-11T15:32:13.513+0000] {taskinstance.py:2076} INFO - Dependencies all met for dep_context=non-requeueable deps ti=<TaskInstance: user_behaviour.dbt_snapshot manual__2024-10-11T15:32:04.112656+00:00 [queued]>
[2024-10-11T15:32:13.523+0000] {taskinstance.py:2076} INFO - Dependencies all met for dep_context=requeueable deps ti=<TaskInstance: user_behaviour.dbt_snapshot manual__2024-10-11T15:32:04.112656+00:00 [queued]>
[2024-10-11T15:32:13.523+0000] {taskinstance.py:2306} INFO - Starting attempt 1 of 2
[2024-10-11T15:32:13.540+0000] {taskinstance.py:2330} INFO - Executing <Task(BashOperator): dbt_snapshot> on 2024-10-11 15:32:04.112656+00:00
[2024-10-11T15:32:13.548+0000] {warnings.py:112} WARNING - /home/***/.local/lib/python3.12/site-packages/***/task/task_runner/standard_task_runner.py:61: DeprecationWarning: This process (pid=1314) is multi-threaded, use of fork() may lead to deadlocks in the child.
  pid = os.fork()

[2024-10-11T15:32:13.550+0000] {standard_task_runner.py:63} INFO - Started process 1316 to run task
[2024-10-11T15:32:13.551+0000] {standard_task_runner.py:90} INFO - Running: ['***', 'tasks', 'run', 'user_behaviour', 'dbt_snapshot', 'manual__2024-10-11T15:32:04.112656+00:00', '--job-id', '42', '--raw', '--subdir', 'DAGS_FOLDER/user_behaviour.py', '--cfg-path', '/tmp/tmp53te8p5b']
[2024-10-11T15:32:13.553+0000] {standard_task_runner.py:91} INFO - Job 42: Subtask dbt_snapshot
[2024-10-11T15:32:13.603+0000] {task_command.py:426} INFO - Running <TaskInstance: user_behaviour.dbt_snapshot manual__2024-10-11T15:32:04.112656+00:00 [running]> on host 40ee99ca9dd7
[2024-10-11T15:32:13.694+0000] {taskinstance.py:2648} INFO - Exporting env vars: AIRFLOW_CTX_DAG_EMAIL='***@***.com' AIRFLOW_CTX_DAG_OWNER='***' AIRFLOW_CTX_DAG_ID='user_behaviour' AIRFLOW_CTX_TASK_ID='dbt_snapshot' AIRFLOW_CTX_EXECUTION_DATE='2024-10-11T15:32:04.112656+00:00' AIRFLOW_CTX_TRY_NUMBER='1' AIRFLOW_CTX_DAG_RUN_ID='manual__2024-10-11T15:32:04.112656+00:00'
[2024-10-11T15:32:13.695+0000] {taskinstance.py:430} INFO - ::endgroup::
[2024-10-11T15:32:13.711+0000] {subprocess.py:63} INFO - Tmp dir root location: /tmp
[2024-10-11T15:32:13.712+0000] {subprocess.py:75} INFO - Running command: ['/usr/bin/bash', '-c', 'dbt snapshot --project-dir /opt/***/dbt/data_pipeline/ --profiles-dir /opt/***/dbt/data_pipeline/profiles/']
[2024-10-11T15:32:13.727+0000] {subprocess.py:86} INFO - Output:
[2024-10-11T15:32:16.232+0000] {subprocess.py:93} INFO - [0m15:32:16  Running with dbt=1.8.7
[2024-10-11T15:32:17.581+0000] {subprocess.py:93} INFO - [0m15:32:17  Registered adapter: snowflake=1.8.3
[2024-10-11T15:32:18.411+0000] {subprocess.py:93} INFO - [0m15:32:18  Found 7 models, 1 snapshot, 16 data tests, 3 sources, 887 macros
[2024-10-11T15:32:18.414+0000] {subprocess.py:93} INFO - [0m15:32:18
[2024-10-11T15:32:19.946+0000] {subprocess.py:93} INFO - [0m15:32:19  Concurrency: 10 threads (target='dev')
[2024-10-11T15:32:19.947+0000] {subprocess.py:93} INFO - [0m15:32:19
[2024-10-11T15:32:19.964+0000] {subprocess.py:93} INFO - [0m15:32:19  1 of 1 START snapshot snapshots.customers_snapshot ............................. [RUN]
[2024-10-11T15:32:21.638+0000] {subprocess.py:93} INFO - [0m15:32:21  1 of 1 OK snapshotted snapshots.customers_snapshot ............................. [[32mSUCCESS 1[0m in 1.67s]
[2024-10-11T15:32:21.647+0000] {subprocess.py:93} INFO - [0m15:32:21
[2024-10-11T15:32:21.647+0000] {subprocess.py:93} INFO - [0m15:32:21  Finished running 1 snapshot in 0 hours 0 minutes and 3.23 seconds (3.23s).
[2024-10-11T15:32:21.827+0000] {subprocess.py:93} INFO - [0m15:32:21
[2024-10-11T15:32:21.828+0000] {subprocess.py:93} INFO - [0m15:32:21  [32mCompleted successfully[0m
[2024-10-11T15:32:21.829+0000] {subprocess.py:93} INFO - [0m15:32:21
[2024-10-11T15:32:21.829+0000] {subprocess.py:93} INFO - [0m15:32:21  Done. PASS=1 WARN=0 ERROR=0 SKIP=0 TOTAL=1
[2024-10-11T15:32:23.493+0000] {subprocess.py:97} INFO - Command exited with return code 0
[2024-10-11T15:32:23.494+0000] {taskinstance.py:441} INFO - ::group::Post task execution logs
[2024-10-11T15:32:23.521+0000] {taskinstance.py:1206} INFO - Marking task as SUCCESS. dag_id=user_behaviour, task_id=dbt_snapshot, run_id=manual__2024-10-11T15:32:04.112656+00:00, execution_date=20241011T153204, start_date=20241011T153213, end_date=20241011T153223
[2024-10-11T15:32:23.580+0000] {local_task_job_runner.py:240} INFO - Task exited with return code 0
[2024-10-11T15:32:23.610+0000] {taskinstance.py:3503} INFO - 1 downstream tasks scheduled from follow-on schedule check
[2024-10-11T15:32:23.613+0000] {local_task_job_runner.py:222} INFO - ::endgroup::
