[2024-10-09 05:49:34,802] {taskinstance.py:1159} INFO - Dependencies all met for <TaskInstance: user_behaviour.extract_user_purchase_data manual__2024-10-09T05:49:33.187668+00:00 [queued]>
[2024-10-09 05:49:34,815] {taskinstance.py:1159} INFO - Dependencies all met for <TaskInstance: user_behaviour.extract_user_purchase_data manual__2024-10-09T05:49:33.187668+00:00 [queued]>
[2024-10-09 05:49:34,815] {taskinstance.py:1356} INFO - 
--------------------------------------------------------------------------------
[2024-10-09 05:49:34,815] {taskinstance.py:1357} INFO - Starting attempt 1 of 3
[2024-10-09 05:49:34,815] {taskinstance.py:1358} INFO - 
--------------------------------------------------------------------------------
[2024-10-09 05:49:34,830] {taskinstance.py:1377} INFO - Executing <Task(PostgresOperator): extract_user_purchase_data> on 2024-10-09 05:49:33.187668+00:00
[2024-10-09 05:49:34,834] {standard_task_runner.py:52} INFO - Started process 117 to run task
[2024-10-09 05:49:34,837] {standard_task_runner.py:79} INFO - Running: ['***', 'tasks', 'run', 'user_behaviour', 'extract_user_purchase_data', 'manual__2024-10-09T05:49:33.187668+00:00', '--job-id', '3', '--raw', '--subdir', 'DAGS_FOLDER/user_behaviour.py', '--cfg-path', '/tmp/tmpmw_aeipc', '--error-file', '/tmp/tmpcwt8fgzy']
[2024-10-09 05:49:34,838] {standard_task_runner.py:80} INFO - Job 3: Subtask extract_user_purchase_data
[2024-10-09 05:49:34,892] {task_command.py:370} INFO - Running <TaskInstance: user_behaviour.extract_user_purchase_data manual__2024-10-09T05:49:33.187668+00:00 [running]> on host 82b931b01445
[2024-10-09 05:49:34,968] {taskinstance.py:1571} INFO - Exporting the following env vars:
AIRFLOW_CTX_DAG_EMAIL=***@***.com
AIRFLOW_CTX_DAG_OWNER=***
AIRFLOW_CTX_DAG_ID=user_behaviour
AIRFLOW_CTX_TASK_ID=extract_user_purchase_data
AIRFLOW_CTX_EXECUTION_DATE=2024-10-09T05:49:33.187668+00:00
AIRFLOW_CTX_TRY_NUMBER=1
AIRFLOW_CTX_DAG_RUN_ID=manual__2024-10-09T05:49:33.187668+00:00
[2024-10-09 05:49:34,969] {crypto.py:82} WARNING - empty cryptography key - values will not be stored encrypted.
[2024-10-09 05:49:34,970] {base.py:68} INFO - Using connection ID 'postgres_default' for task execution.
[2024-10-09 05:49:34,973] {dbapi.py:213} INFO - Running statement: COPY (
       select invoice_number,
              stock_code,
              detail,
              quantity,
              invoice_date,
              unit_price,
              customer_id,
              country
       from retail.user_purchase -- we should have a date filter here to pull only required data
) TO '/temp/user_purchase.csv' WITH (FORMAT CSV, HEADER);, parameters: None
[2024-10-09 05:49:35,735] {dbapi.py:221} INFO - Rows affected: 541908
[2024-10-09 05:49:35,760] {taskinstance.py:1400} INFO - Marking task as SUCCESS. dag_id=user_behaviour, task_id=extract_user_purchase_data, execution_date=20241009T054933, start_date=20241009T054934, end_date=20241009T054935
[2024-10-09 05:49:35,791] {local_task_job.py:156} INFO - Task exited with return code 0
[2024-10-09 05:49:35,844] {local_task_job.py:273} INFO - 1 downstream tasks scheduled from follow-on schedule check
