[2024-10-11T15:00:41.327+0000] {local_task_job_runner.py:120} INFO - ::group::Pre task execution logs
[2024-10-11T15:00:41.351+0000] {taskinstance.py:2076} INFO - Dependencies all met for dep_context=non-requeueable deps ti=<TaskInstance: user_behaviour.extract_user_purchase_data scheduled__2024-10-04T00:00:00+00:00 [queued]>
[2024-10-11T15:00:41.361+0000] {taskinstance.py:2076} INFO - Dependencies all met for dep_context=requeueable deps ti=<TaskInstance: user_behaviour.extract_user_purchase_data scheduled__2024-10-04T00:00:00+00:00 [queued]>
[2024-10-11T15:00:41.361+0000] {taskinstance.py:2306} INFO - Starting attempt 1 of 3
[2024-10-11T15:00:41.374+0000] {taskinstance.py:2330} INFO - Executing <Task(PostgresOperator): extract_user_purchase_data> on 2024-10-04 00:00:00+00:00
[2024-10-11T15:00:41.379+0000] {warnings.py:112} WARNING - /home/***/.local/lib/python3.12/site-packages/***/task/task_runner/standard_task_runner.py:61: DeprecationWarning: This process (pid=150) is multi-threaded, use of fork() may lead to deadlocks in the child.
  pid = os.fork()

[2024-10-11T15:00:41.380+0000] {standard_task_runner.py:63} INFO - Started process 152 to run task
[2024-10-11T15:00:41.381+0000] {standard_task_runner.py:90} INFO - Running: ['***', 'tasks', 'run', 'user_behaviour', 'extract_user_purchase_data', 'scheduled__2024-10-04T00:00:00+00:00', '--job-id', '7', '--raw', '--subdir', 'DAGS_FOLDER/user_behaviour.py', '--cfg-path', '/tmp/tmpm1h5tdna']
[2024-10-11T15:00:41.383+0000] {standard_task_runner.py:91} INFO - Job 7: Subtask extract_user_purchase_data
[2024-10-11T15:00:41.428+0000] {task_command.py:426} INFO - Running <TaskInstance: user_behaviour.extract_user_purchase_data scheduled__2024-10-04T00:00:00+00:00 [running]> on host 40ee99ca9dd7
[2024-10-11T15:00:41.516+0000] {taskinstance.py:2648} INFO - Exporting env vars: AIRFLOW_CTX_DAG_OWNER='***' AIRFLOW_CTX_DAG_ID='user_behaviour' AIRFLOW_CTX_TASK_ID='extract_user_purchase_data' AIRFLOW_CTX_EXECUTION_DATE='2024-10-04T00:00:00+00:00' AIRFLOW_CTX_TRY_NUMBER='1' AIRFLOW_CTX_DAG_RUN_ID='scheduled__2024-10-04T00:00:00+00:00'
[2024-10-11T15:00:41.517+0000] {taskinstance.py:430} INFO - ::endgroup::
[2024-10-11T15:00:41.529+0000] {sql.py:276} INFO - Executing: COPY (
       select invoice_number,
              stock_code,
              detail,
              quantity,
              invoice_date,
              unit_price,
              customer_id,
              country
       from retail.user_purchase -- we should have a date filter here to pull only required data
) TO '/temp/user_purchase.csv' WITH (FORMAT CSV, HEADER);
[2024-10-11T15:00:41.529+0000] {crypto.py:82} WARNING - empty cryptography key - values will not be stored encrypted.
[2024-10-11T15:00:41.530+0000] {base.py:84} INFO - Using connection ID 'postgres_default' for task execution.
[2024-10-11T15:00:41.532+0000] {base.py:84} INFO - Using connection ID 'postgres_default' for task execution.
[2024-10-11T15:00:41.536+0000] {sql.py:487} INFO - Running statement: COPY (
       select invoice_number,
              stock_code,
              detail,
              quantity,
              invoice_date,
              unit_price,
              customer_id,
              country
       from retail.user_purchase -- we should have a date filter here to pull only required data
) TO '/temp/user_purchase.csv' WITH (FORMAT CSV, HEADER);, parameters: None
[2024-10-11T15:00:42.255+0000] {sql.py:496} INFO - Rows affected: 541908
[2024-10-11T15:00:42.256+0000] {taskinstance.py:441} INFO - ::group::Post task execution logs
[2024-10-11T15:00:42.265+0000] {taskinstance.py:1206} INFO - Marking task as SUCCESS. dag_id=user_behaviour, task_id=extract_user_purchase_data, run_id=scheduled__2024-10-04T00:00:00+00:00, execution_date=20241004T000000, start_date=20241011T150041, end_date=20241011T150042
[2024-10-11T15:00:42.336+0000] {local_task_job_runner.py:240} INFO - Task exited with return code 0
[2024-10-11T15:00:42.352+0000] {warnings.py:112} WARNING - /home/***/.local/lib/python3.12/site-packages/***/models/baseoperator.py:1297: AirflowProviderDeprecationWarning: Call to deprecated class PostgresOperator. (Please use `***.providers.common.sql.operators.sql.SQLExecuteQueryOperator`.Also, you can provide `hook_params={'schema': <database>}`.)
  result = cls.__new__(cls)

[2024-10-11T15:00:42.369+0000] {taskinstance.py:3503} INFO - 0 downstream tasks scheduled from follow-on schedule check
[2024-10-11T15:00:42.372+0000] {local_task_job_runner.py:222} INFO - ::endgroup::
[2024-10-11T15:07:01.784+0000] {local_task_job_runner.py:120} INFO - ::group::Pre task execution logs
[2024-10-11T15:07:01.813+0000] {taskinstance.py:2076} INFO - Dependencies all met for dep_context=non-requeueable deps ti=<TaskInstance: user_behaviour.extract_user_purchase_data scheduled__2024-10-04T00:00:00+00:00 [queued]>
[2024-10-11T15:07:01.828+0000] {taskinstance.py:2076} INFO - Dependencies all met for dep_context=requeueable deps ti=<TaskInstance: user_behaviour.extract_user_purchase_data scheduled__2024-10-04T00:00:00+00:00 [queued]>
[2024-10-11T15:07:01.828+0000] {taskinstance.py:2306} INFO - Starting attempt 1 of 3
[2024-10-11T15:07:01.844+0000] {taskinstance.py:2330} INFO - Executing <Task(PostgresOperator): extract_user_purchase_data> on 2024-10-04 00:00:00+00:00
[2024-10-11T15:07:01.851+0000] {warnings.py:112} WARNING - /home/***/.local/lib/python3.12/site-packages/***/task/task_runner/standard_task_runner.py:61: DeprecationWarning: This process (pid=412) is multi-threaded, use of fork() may lead to deadlocks in the child.
  pid = os.fork()

[2024-10-11T15:07:01.853+0000] {standard_task_runner.py:63} INFO - Started process 414 to run task
[2024-10-11T15:07:01.853+0000] {standard_task_runner.py:90} INFO - Running: ['***', 'tasks', 'run', 'user_behaviour', 'extract_user_purchase_data', 'scheduled__2024-10-04T00:00:00+00:00', '--job-id', '24', '--raw', '--subdir', 'DAGS_FOLDER/user_behaviour.py', '--cfg-path', '/tmp/tmpvk9hpv_9']
[2024-10-11T15:07:01.856+0000] {standard_task_runner.py:91} INFO - Job 24: Subtask extract_user_purchase_data
[2024-10-11T15:07:01.912+0000] {task_command.py:426} INFO - Running <TaskInstance: user_behaviour.extract_user_purchase_data scheduled__2024-10-04T00:00:00+00:00 [running]> on host 40ee99ca9dd7
[2024-10-11T15:07:02.013+0000] {taskinstance.py:2648} INFO - Exporting env vars: AIRFLOW_CTX_DAG_OWNER='***' AIRFLOW_CTX_DAG_ID='user_behaviour' AIRFLOW_CTX_TASK_ID='extract_user_purchase_data' AIRFLOW_CTX_EXECUTION_DATE='2024-10-04T00:00:00+00:00' AIRFLOW_CTX_TRY_NUMBER='1' AIRFLOW_CTX_DAG_RUN_ID='scheduled__2024-10-04T00:00:00+00:00'
[2024-10-11T15:07:02.014+0000] {taskinstance.py:430} INFO - ::endgroup::
[2024-10-11T15:07:02.026+0000] {sql.py:276} INFO - Executing: COPY (
       select invoice_number,
              stock_code,
              detail,
              quantity,
              invoice_date,
              unit_price,
              customer_id,
              country
       from retail.user_purchase -- we should have a date filter here to pull only required data
) TO '/temp/user_purchase.csv' WITH (FORMAT CSV, HEADER);
[2024-10-11T15:07:02.027+0000] {crypto.py:82} WARNING - empty cryptography key - values will not be stored encrypted.
[2024-10-11T15:07:02.027+0000] {base.py:84} INFO - Using connection ID 'postgres_default' for task execution.
[2024-10-11T15:07:02.030+0000] {base.py:84} INFO - Using connection ID 'postgres_default' for task execution.
[2024-10-11T15:07:02.034+0000] {sql.py:487} INFO - Running statement: COPY (
       select invoice_number,
              stock_code,
              detail,
              quantity,
              invoice_date,
              unit_price,
              customer_id,
              country
       from retail.user_purchase -- we should have a date filter here to pull only required data
) TO '/temp/user_purchase.csv' WITH (FORMAT CSV, HEADER);, parameters: None
[2024-10-11T15:07:02.856+0000] {sql.py:496} INFO - Rows affected: 541908
[2024-10-11T15:07:02.857+0000] {taskinstance.py:441} INFO - ::group::Post task execution logs
[2024-10-11T15:07:02.868+0000] {taskinstance.py:1206} INFO - Marking task as SUCCESS. dag_id=user_behaviour, task_id=extract_user_purchase_data, run_id=scheduled__2024-10-04T00:00:00+00:00, execution_date=20241004T000000, start_date=20241011T150701, end_date=20241011T150702
[2024-10-11T15:07:02.932+0000] {local_task_job_runner.py:240} INFO - Task exited with return code 0
[2024-10-11T15:07:02.942+0000] {warnings.py:112} WARNING - /home/***/.local/lib/python3.12/site-packages/***/models/baseoperator.py:1297: AirflowProviderDeprecationWarning: Call to deprecated class SnowflakeOperator. (This class is deprecated. Please use `***.providers.common.sql.operators.sql.SQLExecuteQueryOperator`. Also, you can provide `hook_params={'warehouse': <warehouse>, 'database': <database>, 'role': <role>, 'schema': <schema>, 'authenticator': <authenticator>,'session_parameters': <session_parameters>}`.)
  result = cls.__new__(cls)

[2024-10-11T15:07:02.943+0000] {warnings.py:112} WARNING - /home/***/.local/lib/python3.12/site-packages/***/models/baseoperator.py:1297: AirflowProviderDeprecationWarning: Call to deprecated class PostgresOperator. (Please use `***.providers.common.sql.operators.sql.SQLExecuteQueryOperator`.Also, you can provide `hook_params={'schema': <database>}`.)
  result = cls.__new__(cls)

[2024-10-11T15:07:02.967+0000] {taskinstance.py:3503} INFO - 1 downstream tasks scheduled from follow-on schedule check
[2024-10-11T15:07:02.970+0000] {local_task_job_runner.py:222} INFO - ::endgroup::
