[2024-10-07 10:55:08,569] {processor.py:163} INFO - Started process (PID=177) to work on /opt/airflow/dags/user_behaviour.py
[2024-10-07 10:55:08,570] {processor.py:620} INFO - Processing file /opt/airflow/dags/user_behaviour.py for tasks to queue
[2024-10-07 10:55:08,571] {logging_mixin.py:109} INFO - [2024-10-07 10:55:08,571] {dagbag.py:500} INFO - Filling up the DagBag from /opt/airflow/dags/user_behaviour.py
[2024-10-07 10:55:08,645] {processor.py:632} INFO - DAG(s) dict_keys(['user_behaviour']) retrieved from /opt/airflow/dags/user_behaviour.py
[2024-10-07 10:55:14,140] {logging_mixin.py:109} INFO - [2024-10-07 10:55:14,140] {providers_manager.py:156} WARNING - Exception when importing 'airflow.providers.google.common.hooks.base_google.GoogleBaseHook' from 'apache-airflow-providers-google' package: module 'pyparsing' has no attribute 'downcaseTokens'
[2024-10-07 10:55:14,162] {logging_mixin.py:109} INFO - [2024-10-07 10:55:14,162] {providers_manager.py:156} WARNING - Exception when importing 'airflow.providers.google.cloud.hooks.cloud_sql.CloudSQLHook' from 'apache-airflow-providers-google' package: module 'pyparsing' has no attribute 'downcaseTokens'
[2024-10-07 10:55:14,165] {logging_mixin.py:109} INFO - [2024-10-07 10:55:14,165] {providers_manager.py:156} WARNING - Exception when importing 'airflow.providers.google.cloud.hooks.cloud_sql.CloudSQLDatabaseHook' from 'apache-airflow-providers-google' package: module 'pyparsing' has no attribute 'downcaseTokens'
[2024-10-07 10:55:14,762] {logging_mixin.py:109} INFO - [2024-10-07 10:55:14,762] {providers_manager.py:156} WARNING - Exception when importing 'airflow.providers.google.cloud.hooks.bigquery.BigQueryHook' from 'apache-airflow-providers-google' package: module 'pyparsing' has no attribute 'downcaseTokens'
[2024-10-07 10:55:14,772] {logging_mixin.py:109} INFO - [2024-10-07 10:55:14,772] {providers_manager.py:156} WARNING - Exception when importing 'airflow.providers.google.cloud.hooks.compute_ssh.ComputeEngineSSHHook' from 'apache-airflow-providers-google' package: module 'pyparsing' has no attribute 'downcaseTokens'
[2024-10-07 10:55:14,776] {logging_mixin.py:109} INFO - [2024-10-07 10:55:14,776] {providers_manager.py:156} WARNING - Exception when importing 'airflow.providers.google.leveldb.hooks.leveldb.LevelDBHook' from 'apache-airflow-providers-google' package: No module named 'plyvel'
[2024-10-07 10:55:16,566] {logging_mixin.py:109} INFO - [2024-10-07 10:55:16,566] {providers_manager.py:156} WARNING - Exception when importing 'airflow.providers.google.common.hooks.base_google.GoogleBaseHook' from 'apache-airflow-providers-google' package: module 'pyparsing' has no attribute 'downcaseTokens'
[2024-10-07 10:55:16,571] {logging_mixin.py:109} INFO - [2024-10-07 10:55:16,571] {providers_manager.py:156} WARNING - Exception when importing 'airflow.providers.google.cloud.hooks.cloud_sql.CloudSQLHook' from 'apache-airflow-providers-google' package: module 'pyparsing' has no attribute 'downcaseTokens'
[2024-10-07 10:55:16,576] {logging_mixin.py:109} INFO - [2024-10-07 10:55:16,576] {providers_manager.py:156} WARNING - Exception when importing 'airflow.providers.google.cloud.hooks.cloud_sql.CloudSQLDatabaseHook' from 'apache-airflow-providers-google' package: module 'pyparsing' has no attribute 'downcaseTokens'
[2024-10-07 10:55:16,581] {logging_mixin.py:109} INFO - [2024-10-07 10:55:16,580] {providers_manager.py:156} WARNING - Exception when importing 'airflow.providers.google.cloud.hooks.bigquery.BigQueryHook' from 'apache-airflow-providers-google' package: module 'pyparsing' has no attribute 'downcaseTokens'
[2024-10-07 10:55:16,585] {logging_mixin.py:109} INFO - [2024-10-07 10:55:16,585] {providers_manager.py:156} WARNING - Exception when importing 'airflow.providers.google.cloud.hooks.compute_ssh.ComputeEngineSSHHook' from 'apache-airflow-providers-google' package: module 'pyparsing' has no attribute 'downcaseTokens'
[2024-10-07 10:55:16,586] {logging_mixin.py:109} INFO - [2024-10-07 10:55:16,586] {providers_manager.py:156} WARNING - Exception when importing 'airflow.providers.google.leveldb.hooks.leveldb.LevelDBHook' from 'apache-airflow-providers-google' package: No module named 'plyvel'
[2024-10-07 10:55:16,619] {logging_mixin.py:109} INFO - [2024-10-07 10:55:16,619] {manager.py:496} INFO - Created Permission View: can edit on DAG:user_behaviour
[2024-10-07 10:55:16,629] {logging_mixin.py:109} INFO - [2024-10-07 10:55:16,628] {manager.py:496} INFO - Created Permission View: can read on DAG:user_behaviour
[2024-10-07 10:55:16,630] {logging_mixin.py:109} INFO - [2024-10-07 10:55:16,629] {dag.py:2389} INFO - Sync 1 DAGs
[2024-10-07 10:55:16,642] {logging_mixin.py:109} INFO - [2024-10-07 10:55:16,641] {dag.py:2408} INFO - Creating ORM DAG for user_behaviour
[2024-10-07 10:55:16,650] {logging_mixin.py:109} INFO - [2024-10-07 10:55:16,650] {dag.py:2914} INFO - Setting next_dagrun for user_behaviour to 2024-10-07T00:00:00+00:00
[2024-10-07 10:55:16,662] {processor.py:171} INFO - Processing /opt/airflow/dags/user_behaviour.py took 8.097 seconds
[2024-10-07 10:55:46,743] {processor.py:163} INFO - Started process (PID=215) to work on /opt/airflow/dags/user_behaviour.py
[2024-10-07 10:55:46,744] {processor.py:620} INFO - Processing file /opt/airflow/dags/user_behaviour.py for tasks to queue
[2024-10-07 10:55:46,744] {logging_mixin.py:109} INFO - [2024-10-07 10:55:46,744] {dagbag.py:500} INFO - Filling up the DagBag from /opt/airflow/dags/user_behaviour.py
[2024-10-07 10:55:46,783] {processor.py:632} INFO - DAG(s) dict_keys(['user_behaviour']) retrieved from /opt/airflow/dags/user_behaviour.py
[2024-10-07 10:55:46,793] {logging_mixin.py:109} INFO - [2024-10-07 10:55:46,793] {dag.py:2389} INFO - Sync 1 DAGs
[2024-10-07 10:55:46,811] {logging_mixin.py:109} INFO - [2024-10-07 10:55:46,811] {dag.py:2914} INFO - Setting next_dagrun for user_behaviour to 2024-10-07T00:00:00+00:00
[2024-10-07 10:55:46,821] {processor.py:171} INFO - Processing /opt/airflow/dags/user_behaviour.py took 0.081 seconds
[2024-10-07 10:56:16,841] {processor.py:163} INFO - Started process (PID=252) to work on /opt/airflow/dags/user_behaviour.py
[2024-10-07 10:56:16,842] {processor.py:620} INFO - Processing file /opt/airflow/dags/user_behaviour.py for tasks to queue
[2024-10-07 10:56:16,842] {logging_mixin.py:109} INFO - [2024-10-07 10:56:16,842] {dagbag.py:500} INFO - Filling up the DagBag from /opt/airflow/dags/user_behaviour.py
[2024-10-07 10:56:16,875] {processor.py:632} INFO - DAG(s) dict_keys(['user_behaviour']) retrieved from /opt/airflow/dags/user_behaviour.py
[2024-10-07 10:56:16,883] {logging_mixin.py:109} INFO - [2024-10-07 10:56:16,883] {dag.py:2389} INFO - Sync 1 DAGs
[2024-10-07 10:56:16,895] {logging_mixin.py:109} INFO - [2024-10-07 10:56:16,895] {dag.py:2914} INFO - Setting next_dagrun for user_behaviour to 2024-10-07T00:00:00+00:00
[2024-10-07 10:56:16,903] {processor.py:171} INFO - Processing /opt/airflow/dags/user_behaviour.py took 0.065 seconds
[2024-10-07 10:56:46,975] {processor.py:163} INFO - Started process (PID=277) to work on /opt/airflow/dags/user_behaviour.py
[2024-10-07 10:56:46,977] {processor.py:620} INFO - Processing file /opt/airflow/dags/user_behaviour.py for tasks to queue
[2024-10-07 10:56:46,978] {logging_mixin.py:109} INFO - [2024-10-07 10:56:46,978] {dagbag.py:500} INFO - Filling up the DagBag from /opt/airflow/dags/user_behaviour.py
[2024-10-07 10:56:47,011] {processor.py:632} INFO - DAG(s) dict_keys(['user_behaviour']) retrieved from /opt/airflow/dags/user_behaviour.py
[2024-10-07 10:56:47,019] {logging_mixin.py:109} INFO - [2024-10-07 10:56:47,019] {dag.py:2389} INFO - Sync 1 DAGs
[2024-10-07 10:56:47,034] {logging_mixin.py:109} INFO - [2024-10-07 10:56:47,034] {dag.py:2914} INFO - Setting next_dagrun for user_behaviour to 2024-10-07T00:00:00+00:00
[2024-10-07 10:56:47,043] {processor.py:171} INFO - Processing /opt/airflow/dags/user_behaviour.py took 0.071 seconds
[2024-10-07 10:57:17,085] {processor.py:163} INFO - Started process (PID=302) to work on /opt/airflow/dags/user_behaviour.py
[2024-10-07 10:57:17,095] {processor.py:620} INFO - Processing file /opt/airflow/dags/user_behaviour.py for tasks to queue
[2024-10-07 10:57:17,096] {logging_mixin.py:109} INFO - [2024-10-07 10:57:17,096] {dagbag.py:500} INFO - Filling up the DagBag from /opt/airflow/dags/user_behaviour.py
[2024-10-07 10:57:17,149] {processor.py:632} INFO - DAG(s) dict_keys(['user_behaviour']) retrieved from /opt/airflow/dags/user_behaviour.py
[2024-10-07 10:57:17,161] {logging_mixin.py:109} INFO - [2024-10-07 10:57:17,161] {dag.py:2389} INFO - Sync 1 DAGs
[2024-10-07 10:57:17,178] {logging_mixin.py:109} INFO - [2024-10-07 10:57:17,177] {dag.py:2914} INFO - Setting next_dagrun for user_behaviour to 2024-10-07T00:00:00+00:00
[2024-10-07 10:57:17,189] {processor.py:171} INFO - Processing /opt/airflow/dags/user_behaviour.py took 0.108 seconds
[2024-10-07 10:57:47,259] {processor.py:163} INFO - Started process (PID=337) to work on /opt/airflow/dags/user_behaviour.py
[2024-10-07 10:57:47,260] {processor.py:620} INFO - Processing file /opt/airflow/dags/user_behaviour.py for tasks to queue
[2024-10-07 10:57:47,260] {logging_mixin.py:109} INFO - [2024-10-07 10:57:47,260] {dagbag.py:500} INFO - Filling up the DagBag from /opt/airflow/dags/user_behaviour.py
[2024-10-07 10:57:47,297] {processor.py:632} INFO - DAG(s) dict_keys(['user_behaviour']) retrieved from /opt/airflow/dags/user_behaviour.py
[2024-10-07 10:57:47,305] {logging_mixin.py:109} INFO - [2024-10-07 10:57:47,305] {dag.py:2389} INFO - Sync 1 DAGs
[2024-10-07 10:57:47,317] {logging_mixin.py:109} INFO - [2024-10-07 10:57:47,317] {dag.py:2914} INFO - Setting next_dagrun for user_behaviour to 2024-10-07T00:00:00+00:00
[2024-10-07 10:57:47,325] {processor.py:171} INFO - Processing /opt/airflow/dags/user_behaviour.py took 0.070 seconds
[2024-10-07 10:58:17,362] {processor.py:163} INFO - Started process (PID=362) to work on /opt/airflow/dags/user_behaviour.py
[2024-10-07 10:58:17,372] {processor.py:620} INFO - Processing file /opt/airflow/dags/user_behaviour.py for tasks to queue
[2024-10-07 10:58:17,373] {logging_mixin.py:109} INFO - [2024-10-07 10:58:17,373] {dagbag.py:500} INFO - Filling up the DagBag from /opt/airflow/dags/user_behaviour.py
[2024-10-07 10:58:17,404] {processor.py:632} INFO - DAG(s) dict_keys(['user_behaviour']) retrieved from /opt/airflow/dags/user_behaviour.py
[2024-10-07 10:58:17,412] {logging_mixin.py:109} INFO - [2024-10-07 10:58:17,412] {dag.py:2389} INFO - Sync 1 DAGs
[2024-10-07 10:58:17,423] {logging_mixin.py:109} INFO - [2024-10-07 10:58:17,423] {dag.py:2914} INFO - Setting next_dagrun for user_behaviour to 2024-10-07T00:00:00+00:00
[2024-10-07 10:58:17,432] {processor.py:171} INFO - Processing /opt/airflow/dags/user_behaviour.py took 0.072 seconds
[2024-10-07 10:58:47,486] {processor.py:163} INFO - Started process (PID=397) to work on /opt/airflow/dags/user_behaviour.py
[2024-10-07 10:58:47,487] {processor.py:620} INFO - Processing file /opt/airflow/dags/user_behaviour.py for tasks to queue
[2024-10-07 10:58:47,488] {logging_mixin.py:109} INFO - [2024-10-07 10:58:47,488] {dagbag.py:500} INFO - Filling up the DagBag from /opt/airflow/dags/user_behaviour.py
[2024-10-07 10:58:47,528] {processor.py:632} INFO - DAG(s) dict_keys(['user_behaviour']) retrieved from /opt/airflow/dags/user_behaviour.py
[2024-10-07 10:58:47,537] {logging_mixin.py:109} INFO - [2024-10-07 10:58:47,536] {dag.py:2389} INFO - Sync 1 DAGs
[2024-10-07 10:58:47,549] {logging_mixin.py:109} INFO - [2024-10-07 10:58:47,549] {dag.py:2914} INFO - Setting next_dagrun for user_behaviour to 2024-10-07T00:00:00+00:00
[2024-10-07 10:58:47,557] {processor.py:171} INFO - Processing /opt/airflow/dags/user_behaviour.py took 0.074 seconds
[2024-10-07 10:59:17,592] {processor.py:163} INFO - Started process (PID=422) to work on /opt/airflow/dags/user_behaviour.py
[2024-10-07 10:59:17,593] {processor.py:620} INFO - Processing file /opt/airflow/dags/user_behaviour.py for tasks to queue
[2024-10-07 10:59:17,594] {logging_mixin.py:109} INFO - [2024-10-07 10:59:17,594] {dagbag.py:500} INFO - Filling up the DagBag from /opt/airflow/dags/user_behaviour.py
[2024-10-07 10:59:17,624] {processor.py:632} INFO - DAG(s) dict_keys(['user_behaviour']) retrieved from /opt/airflow/dags/user_behaviour.py
[2024-10-07 10:59:17,632] {logging_mixin.py:109} INFO - [2024-10-07 10:59:17,632] {dag.py:2389} INFO - Sync 1 DAGs
[2024-10-07 10:59:17,644] {logging_mixin.py:109} INFO - [2024-10-07 10:59:17,644] {dag.py:2914} INFO - Setting next_dagrun for user_behaviour to 2024-10-07T00:00:00+00:00
[2024-10-07 10:59:17,652] {processor.py:171} INFO - Processing /opt/airflow/dags/user_behaviour.py took 0.062 seconds
[2024-10-07 10:59:47,723] {processor.py:163} INFO - Started process (PID=447) to work on /opt/airflow/dags/user_behaviour.py
[2024-10-07 10:59:47,725] {processor.py:620} INFO - Processing file /opt/airflow/dags/user_behaviour.py for tasks to queue
[2024-10-07 10:59:47,725] {logging_mixin.py:109} INFO - [2024-10-07 10:59:47,725] {dagbag.py:500} INFO - Filling up the DagBag from /opt/airflow/dags/user_behaviour.py
[2024-10-07 10:59:47,763] {processor.py:632} INFO - DAG(s) dict_keys(['user_behaviour']) retrieved from /opt/airflow/dags/user_behaviour.py
[2024-10-07 10:59:47,772] {logging_mixin.py:109} INFO - [2024-10-07 10:59:47,772] {dag.py:2389} INFO - Sync 1 DAGs
[2024-10-07 10:59:47,786] {logging_mixin.py:109} INFO - [2024-10-07 10:59:47,786] {dag.py:2914} INFO - Setting next_dagrun for user_behaviour to 2024-10-07T00:00:00+00:00
[2024-10-07 10:59:47,794] {processor.py:171} INFO - Processing /opt/airflow/dags/user_behaviour.py took 0.074 seconds
[2024-10-07 11:00:17,841] {processor.py:163} INFO - Started process (PID=482) to work on /opt/airflow/dags/user_behaviour.py
[2024-10-07 11:00:17,842] {processor.py:620} INFO - Processing file /opt/airflow/dags/user_behaviour.py for tasks to queue
[2024-10-07 11:00:17,842] {logging_mixin.py:109} INFO - [2024-10-07 11:00:17,842] {dagbag.py:500} INFO - Filling up the DagBag from /opt/airflow/dags/user_behaviour.py
[2024-10-07 11:00:17,876] {processor.py:632} INFO - DAG(s) dict_keys(['user_behaviour']) retrieved from /opt/airflow/dags/user_behaviour.py
[2024-10-07 11:00:17,887] {logging_mixin.py:109} INFO - [2024-10-07 11:00:17,887] {dag.py:2389} INFO - Sync 1 DAGs
[2024-10-07 11:00:17,901] {logging_mixin.py:109} INFO - [2024-10-07 11:00:17,901] {dag.py:2914} INFO - Setting next_dagrun for user_behaviour to 2024-10-07T00:00:00+00:00
[2024-10-07 11:00:17,910] {processor.py:171} INFO - Processing /opt/airflow/dags/user_behaviour.py took 0.072 seconds
[2024-10-07 11:00:47,954] {processor.py:163} INFO - Started process (PID=507) to work on /opt/airflow/dags/user_behaviour.py
[2024-10-07 11:00:47,955] {processor.py:620} INFO - Processing file /opt/airflow/dags/user_behaviour.py for tasks to queue
[2024-10-07 11:00:47,955] {logging_mixin.py:109} INFO - [2024-10-07 11:00:47,955] {dagbag.py:500} INFO - Filling up the DagBag from /opt/airflow/dags/user_behaviour.py
[2024-10-07 11:00:47,988] {processor.py:632} INFO - DAG(s) dict_keys(['user_behaviour']) retrieved from /opt/airflow/dags/user_behaviour.py
[2024-10-07 11:00:47,996] {logging_mixin.py:109} INFO - [2024-10-07 11:00:47,996] {dag.py:2389} INFO - Sync 1 DAGs
[2024-10-07 11:00:48,008] {logging_mixin.py:109} INFO - [2024-10-07 11:00:48,008] {dag.py:2914} INFO - Setting next_dagrun for user_behaviour to 2024-10-07T00:00:00+00:00
[2024-10-07 11:00:48,016] {processor.py:171} INFO - Processing /opt/airflow/dags/user_behaviour.py took 0.065 seconds
[2024-10-07 11:01:18,070] {processor.py:163} INFO - Started process (PID=542) to work on /opt/airflow/dags/user_behaviour.py
[2024-10-07 11:01:18,079] {processor.py:620} INFO - Processing file /opt/airflow/dags/user_behaviour.py for tasks to queue
[2024-10-07 11:01:18,080] {logging_mixin.py:109} INFO - [2024-10-07 11:01:18,080] {dagbag.py:500} INFO - Filling up the DagBag from /opt/airflow/dags/user_behaviour.py
[2024-10-07 11:01:18,111] {processor.py:632} INFO - DAG(s) dict_keys(['user_behaviour']) retrieved from /opt/airflow/dags/user_behaviour.py
[2024-10-07 11:01:18,119] {logging_mixin.py:109} INFO - [2024-10-07 11:01:18,119] {dag.py:2389} INFO - Sync 1 DAGs
[2024-10-07 11:01:18,131] {logging_mixin.py:109} INFO - [2024-10-07 11:01:18,131] {dag.py:2914} INFO - Setting next_dagrun for user_behaviour to 2024-10-07T00:00:00+00:00
[2024-10-07 11:01:18,140] {processor.py:171} INFO - Processing /opt/airflow/dags/user_behaviour.py took 0.072 seconds
[2024-10-07 11:01:48,176] {processor.py:163} INFO - Started process (PID=567) to work on /opt/airflow/dags/user_behaviour.py
[2024-10-07 11:01:48,179] {processor.py:620} INFO - Processing file /opt/airflow/dags/user_behaviour.py for tasks to queue
[2024-10-07 11:01:48,179] {logging_mixin.py:109} INFO - [2024-10-07 11:01:48,179] {dagbag.py:500} INFO - Filling up the DagBag from /opt/airflow/dags/user_behaviour.py
[2024-10-07 11:01:48,225] {processor.py:632} INFO - DAG(s) dict_keys(['user_behaviour']) retrieved from /opt/airflow/dags/user_behaviour.py
[2024-10-07 11:01:48,234] {logging_mixin.py:109} INFO - [2024-10-07 11:01:48,234] {dag.py:2389} INFO - Sync 1 DAGs
[2024-10-07 11:01:48,250] {logging_mixin.py:109} INFO - [2024-10-07 11:01:48,249] {dag.py:2914} INFO - Setting next_dagrun for user_behaviour to 2024-10-07T00:00:00+00:00
[2024-10-07 11:01:48,260] {processor.py:171} INFO - Processing /opt/airflow/dags/user_behaviour.py took 0.088 seconds
[2024-10-07 11:02:18,311] {processor.py:163} INFO - Started process (PID=592) to work on /opt/airflow/dags/user_behaviour.py
[2024-10-07 11:02:18,314] {processor.py:620} INFO - Processing file /opt/airflow/dags/user_behaviour.py for tasks to queue
[2024-10-07 11:02:18,315] {logging_mixin.py:109} INFO - [2024-10-07 11:02:18,314] {dagbag.py:500} INFO - Filling up the DagBag from /opt/airflow/dags/user_behaviour.py
[2024-10-07 11:02:18,349] {processor.py:632} INFO - DAG(s) dict_keys(['user_behaviour']) retrieved from /opt/airflow/dags/user_behaviour.py
[2024-10-07 11:02:18,357] {logging_mixin.py:109} INFO - [2024-10-07 11:02:18,357] {dag.py:2389} INFO - Sync 1 DAGs
[2024-10-07 11:02:18,369] {logging_mixin.py:109} INFO - [2024-10-07 11:02:18,369] {dag.py:2914} INFO - Setting next_dagrun for user_behaviour to 2024-10-07T00:00:00+00:00
[2024-10-07 11:02:18,377] {processor.py:171} INFO - Processing /opt/airflow/dags/user_behaviour.py took 0.071 seconds
[2024-10-07 11:02:48,431] {processor.py:163} INFO - Started process (PID=627) to work on /opt/airflow/dags/user_behaviour.py
[2024-10-07 11:02:48,433] {processor.py:620} INFO - Processing file /opt/airflow/dags/user_behaviour.py for tasks to queue
[2024-10-07 11:02:48,434] {logging_mixin.py:109} INFO - [2024-10-07 11:02:48,434] {dagbag.py:500} INFO - Filling up the DagBag from /opt/airflow/dags/user_behaviour.py
[2024-10-07 11:02:48,470] {processor.py:632} INFO - DAG(s) dict_keys(['user_behaviour']) retrieved from /opt/airflow/dags/user_behaviour.py
[2024-10-07 11:02:48,478] {logging_mixin.py:109} INFO - [2024-10-07 11:02:48,477] {dag.py:2389} INFO - Sync 1 DAGs
[2024-10-07 11:02:48,490] {logging_mixin.py:109} INFO - [2024-10-07 11:02:48,489] {dag.py:2914} INFO - Setting next_dagrun for user_behaviour to 2024-10-07T00:00:00+00:00
[2024-10-07 11:02:48,498] {processor.py:171} INFO - Processing /opt/airflow/dags/user_behaviour.py took 0.071 seconds
[2024-10-07 11:03:18,541] {processor.py:163} INFO - Started process (PID=652) to work on /opt/airflow/dags/user_behaviour.py
[2024-10-07 11:03:18,550] {processor.py:620} INFO - Processing file /opt/airflow/dags/user_behaviour.py for tasks to queue
[2024-10-07 11:03:18,551] {logging_mixin.py:109} INFO - [2024-10-07 11:03:18,551] {dagbag.py:500} INFO - Filling up the DagBag from /opt/airflow/dags/user_behaviour.py
[2024-10-07 11:03:18,582] {processor.py:632} INFO - DAG(s) dict_keys(['user_behaviour']) retrieved from /opt/airflow/dags/user_behaviour.py
[2024-10-07 11:03:18,589] {logging_mixin.py:109} INFO - [2024-10-07 11:03:18,589] {dag.py:2389} INFO - Sync 1 DAGs
[2024-10-07 11:03:18,601] {logging_mixin.py:109} INFO - [2024-10-07 11:03:18,601] {dag.py:2914} INFO - Setting next_dagrun for user_behaviour to 2024-10-07T00:00:00+00:00
[2024-10-07 11:03:18,609] {processor.py:171} INFO - Processing /opt/airflow/dags/user_behaviour.py took 0.072 seconds
[2024-10-07 11:03:48,658] {processor.py:163} INFO - Started process (PID=687) to work on /opt/airflow/dags/user_behaviour.py
[2024-10-07 11:03:48,667] {processor.py:620} INFO - Processing file /opt/airflow/dags/user_behaviour.py for tasks to queue
[2024-10-07 11:03:48,668] {logging_mixin.py:109} INFO - [2024-10-07 11:03:48,668] {dagbag.py:500} INFO - Filling up the DagBag from /opt/airflow/dags/user_behaviour.py
[2024-10-07 11:03:48,700] {processor.py:632} INFO - DAG(s) dict_keys(['user_behaviour']) retrieved from /opt/airflow/dags/user_behaviour.py
[2024-10-07 11:03:48,708] {logging_mixin.py:109} INFO - [2024-10-07 11:03:48,708] {dag.py:2389} INFO - Sync 1 DAGs
[2024-10-07 11:03:48,720] {logging_mixin.py:109} INFO - [2024-10-07 11:03:48,720] {dag.py:2914} INFO - Setting next_dagrun for user_behaviour to 2024-10-07T00:00:00+00:00
[2024-10-07 11:03:48,728] {processor.py:171} INFO - Processing /opt/airflow/dags/user_behaviour.py took 0.074 seconds
[2024-10-07 11:04:18,759] {processor.py:163} INFO - Started process (PID=714) to work on /opt/airflow/dags/user_behaviour.py
[2024-10-07 11:04:18,762] {processor.py:620} INFO - Processing file /opt/airflow/dags/user_behaviour.py for tasks to queue
[2024-10-07 11:04:18,762] {logging_mixin.py:109} INFO - [2024-10-07 11:04:18,762] {dagbag.py:500} INFO - Filling up the DagBag from /opt/airflow/dags/user_behaviour.py
[2024-10-07 11:04:18,796] {processor.py:632} INFO - DAG(s) dict_keys(['user_behaviour']) retrieved from /opt/airflow/dags/user_behaviour.py
[2024-10-07 11:04:18,805] {logging_mixin.py:109} INFO - [2024-10-07 11:04:18,805] {dag.py:2389} INFO - Sync 1 DAGs
[2024-10-07 11:04:18,818] {logging_mixin.py:109} INFO - [2024-10-07 11:04:18,817] {dag.py:2914} INFO - Setting next_dagrun for user_behaviour to 2024-10-07T00:00:00+00:00
[2024-10-07 11:04:18,826] {processor.py:171} INFO - Processing /opt/airflow/dags/user_behaviour.py took 0.070 seconds
[2024-10-07 11:04:48,887] {processor.py:163} INFO - Started process (PID=740) to work on /opt/airflow/dags/user_behaviour.py
[2024-10-07 11:04:48,896] {processor.py:620} INFO - Processing file /opt/airflow/dags/user_behaviour.py for tasks to queue
[2024-10-07 11:04:48,897] {logging_mixin.py:109} INFO - [2024-10-07 11:04:48,896] {dagbag.py:500} INFO - Filling up the DagBag from /opt/airflow/dags/user_behaviour.py
[2024-10-07 11:04:48,927] {processor.py:632} INFO - DAG(s) dict_keys(['user_behaviour']) retrieved from /opt/airflow/dags/user_behaviour.py
[2024-10-07 11:04:48,935] {logging_mixin.py:109} INFO - [2024-10-07 11:04:48,935] {dag.py:2389} INFO - Sync 1 DAGs
[2024-10-07 11:04:48,947] {logging_mixin.py:109} INFO - [2024-10-07 11:04:48,947] {dag.py:2914} INFO - Setting next_dagrun for user_behaviour to 2024-10-07T00:00:00+00:00
[2024-10-07 11:04:48,955] {processor.py:171} INFO - Processing /opt/airflow/dags/user_behaviour.py took 0.071 seconds
[2024-10-07 11:05:19,003] {processor.py:163} INFO - Started process (PID=777) to work on /opt/airflow/dags/user_behaviour.py
[2024-10-07 11:05:19,007] {processor.py:620} INFO - Processing file /opt/airflow/dags/user_behaviour.py for tasks to queue
[2024-10-07 11:05:19,007] {logging_mixin.py:109} INFO - [2024-10-07 11:05:19,007] {dagbag.py:500} INFO - Filling up the DagBag from /opt/airflow/dags/user_behaviour.py
[2024-10-07 11:05:19,038] {processor.py:632} INFO - DAG(s) dict_keys(['user_behaviour']) retrieved from /opt/airflow/dags/user_behaviour.py
[2024-10-07 11:05:19,046] {logging_mixin.py:109} INFO - [2024-10-07 11:05:19,046] {dag.py:2389} INFO - Sync 1 DAGs
[2024-10-07 11:05:19,059] {logging_mixin.py:109} INFO - [2024-10-07 11:05:19,058] {dag.py:2914} INFO - Setting next_dagrun for user_behaviour to 2024-10-07T00:00:00+00:00
[2024-10-07 11:05:19,067] {processor.py:171} INFO - Processing /opt/airflow/dags/user_behaviour.py took 0.067 seconds
[2024-10-07 11:05:49,112] {processor.py:163} INFO - Started process (PID=802) to work on /opt/airflow/dags/user_behaviour.py
[2024-10-07 11:05:49,122] {processor.py:620} INFO - Processing file /opt/airflow/dags/user_behaviour.py for tasks to queue
[2024-10-07 11:05:49,123] {logging_mixin.py:109} INFO - [2024-10-07 11:05:49,123] {dagbag.py:500} INFO - Filling up the DagBag from /opt/airflow/dags/user_behaviour.py
[2024-10-07 11:05:49,153] {processor.py:632} INFO - DAG(s) dict_keys(['user_behaviour']) retrieved from /opt/airflow/dags/user_behaviour.py
[2024-10-07 11:05:49,161] {logging_mixin.py:109} INFO - [2024-10-07 11:05:49,161] {dag.py:2389} INFO - Sync 1 DAGs
[2024-10-07 11:05:49,173] {logging_mixin.py:109} INFO - [2024-10-07 11:05:49,173] {dag.py:2914} INFO - Setting next_dagrun for user_behaviour to 2024-10-07T00:00:00+00:00
[2024-10-07 11:05:49,181] {processor.py:171} INFO - Processing /opt/airflow/dags/user_behaviour.py took 0.073 seconds
[2024-10-07 11:06:19,225] {processor.py:163} INFO - Started process (PID=837) to work on /opt/airflow/dags/user_behaviour.py
[2024-10-07 11:06:19,226] {processor.py:620} INFO - Processing file /opt/airflow/dags/user_behaviour.py for tasks to queue
[2024-10-07 11:06:19,227] {logging_mixin.py:109} INFO - [2024-10-07 11:06:19,227] {dagbag.py:500} INFO - Filling up the DagBag from /opt/airflow/dags/user_behaviour.py
[2024-10-07 11:06:19,259] {processor.py:632} INFO - DAG(s) dict_keys(['user_behaviour']) retrieved from /opt/airflow/dags/user_behaviour.py
[2024-10-07 11:06:19,268] {logging_mixin.py:109} INFO - [2024-10-07 11:06:19,268] {dag.py:2389} INFO - Sync 1 DAGs
[2024-10-07 11:06:19,280] {logging_mixin.py:109} INFO - [2024-10-07 11:06:19,280] {dag.py:2914} INFO - Setting next_dagrun for user_behaviour to 2024-10-07T00:00:00+00:00
[2024-10-07 11:06:19,289] {processor.py:171} INFO - Processing /opt/airflow/dags/user_behaviour.py took 0.066 seconds
[2024-10-07 11:06:49,340] {processor.py:163} INFO - Started process (PID=862) to work on /opt/airflow/dags/user_behaviour.py
[2024-10-07 11:06:49,350] {processor.py:620} INFO - Processing file /opt/airflow/dags/user_behaviour.py for tasks to queue
[2024-10-07 11:06:49,351] {logging_mixin.py:109} INFO - [2024-10-07 11:06:49,350] {dagbag.py:500} INFO - Filling up the DagBag from /opt/airflow/dags/user_behaviour.py
[2024-10-07 11:06:49,381] {processor.py:632} INFO - DAG(s) dict_keys(['user_behaviour']) retrieved from /opt/airflow/dags/user_behaviour.py
[2024-10-07 11:06:49,389] {logging_mixin.py:109} INFO - [2024-10-07 11:06:49,389] {dag.py:2389} INFO - Sync 1 DAGs
[2024-10-07 11:06:49,400] {logging_mixin.py:109} INFO - [2024-10-07 11:06:49,400] {dag.py:2914} INFO - Setting next_dagrun for user_behaviour to 2024-10-07T00:00:00+00:00
[2024-10-07 11:06:49,408] {processor.py:171} INFO - Processing /opt/airflow/dags/user_behaviour.py took 0.072 seconds
[2024-10-07 11:07:19,448] {processor.py:163} INFO - Started process (PID=894) to work on /opt/airflow/dags/user_behaviour.py
[2024-10-07 11:07:19,449] {processor.py:620} INFO - Processing file /opt/airflow/dags/user_behaviour.py for tasks to queue
[2024-10-07 11:07:19,449] {logging_mixin.py:109} INFO - [2024-10-07 11:07:19,449] {dagbag.py:500} INFO - Filling up the DagBag from /opt/airflow/dags/user_behaviour.py
[2024-10-07 11:07:19,481] {processor.py:632} INFO - DAG(s) dict_keys(['user_behaviour']) retrieved from /opt/airflow/dags/user_behaviour.py
[2024-10-07 11:07:19,489] {logging_mixin.py:109} INFO - [2024-10-07 11:07:19,489] {dag.py:2389} INFO - Sync 1 DAGs
[2024-10-07 11:07:19,501] {logging_mixin.py:109} INFO - [2024-10-07 11:07:19,501] {dag.py:2914} INFO - Setting next_dagrun for user_behaviour to 2024-10-07T00:00:00+00:00
[2024-10-07 11:07:19,510] {processor.py:171} INFO - Processing /opt/airflow/dags/user_behaviour.py took 0.065 seconds
[2024-10-07 11:07:49,574] {processor.py:163} INFO - Started process (PID=922) to work on /opt/airflow/dags/user_behaviour.py
[2024-10-07 11:07:49,575] {processor.py:620} INFO - Processing file /opt/airflow/dags/user_behaviour.py for tasks to queue
[2024-10-07 11:07:49,575] {logging_mixin.py:109} INFO - [2024-10-07 11:07:49,575] {dagbag.py:500} INFO - Filling up the DagBag from /opt/airflow/dags/user_behaviour.py
[2024-10-07 11:07:49,609] {processor.py:632} INFO - DAG(s) dict_keys(['user_behaviour']) retrieved from /opt/airflow/dags/user_behaviour.py
[2024-10-07 11:07:49,618] {logging_mixin.py:109} INFO - [2024-10-07 11:07:49,618] {dag.py:2389} INFO - Sync 1 DAGs
[2024-10-07 11:07:49,631] {logging_mixin.py:109} INFO - [2024-10-07 11:07:49,631] {dag.py:2914} INFO - Setting next_dagrun for user_behaviour to 2024-10-07T00:00:00+00:00
[2024-10-07 11:07:49,640] {processor.py:171} INFO - Processing /opt/airflow/dags/user_behaviour.py took 0.068 seconds
[2024-10-07 11:08:19,679] {processor.py:163} INFO - Started process (PID=947) to work on /opt/airflow/dags/user_behaviour.py
[2024-10-07 11:08:19,680] {processor.py:620} INFO - Processing file /opt/airflow/dags/user_behaviour.py for tasks to queue
[2024-10-07 11:08:19,681] {logging_mixin.py:109} INFO - [2024-10-07 11:08:19,681] {dagbag.py:500} INFO - Filling up the DagBag from /opt/airflow/dags/user_behaviour.py
[2024-10-07 11:08:19,711] {processor.py:632} INFO - DAG(s) dict_keys(['user_behaviour']) retrieved from /opt/airflow/dags/user_behaviour.py
[2024-10-07 11:08:19,719] {logging_mixin.py:109} INFO - [2024-10-07 11:08:19,719] {dag.py:2389} INFO - Sync 1 DAGs
[2024-10-07 11:08:19,731] {logging_mixin.py:109} INFO - [2024-10-07 11:08:19,731] {dag.py:2914} INFO - Setting next_dagrun for user_behaviour to 2024-10-07T00:00:00+00:00
[2024-10-07 11:08:19,739] {processor.py:171} INFO - Processing /opt/airflow/dags/user_behaviour.py took 0.062 seconds
[2024-10-07 11:08:49,799] {processor.py:163} INFO - Started process (PID=982) to work on /opt/airflow/dags/user_behaviour.py
[2024-10-07 11:08:49,809] {processor.py:620} INFO - Processing file /opt/airflow/dags/user_behaviour.py for tasks to queue
[2024-10-07 11:08:49,809] {logging_mixin.py:109} INFO - [2024-10-07 11:08:49,809] {dagbag.py:500} INFO - Filling up the DagBag from /opt/airflow/dags/user_behaviour.py
[2024-10-07 11:08:49,846] {processor.py:632} INFO - DAG(s) dict_keys(['user_behaviour']) retrieved from /opt/airflow/dags/user_behaviour.py
[2024-10-07 11:08:49,856] {logging_mixin.py:109} INFO - [2024-10-07 11:08:49,855] {dag.py:2389} INFO - Sync 1 DAGs
[2024-10-07 11:08:49,870] {logging_mixin.py:109} INFO - [2024-10-07 11:08:49,870] {dag.py:2914} INFO - Setting next_dagrun for user_behaviour to 2024-10-07T00:00:00+00:00
[2024-10-07 11:08:49,879] {processor.py:171} INFO - Processing /opt/airflow/dags/user_behaviour.py took 0.083 seconds
[2024-10-07 11:09:19,904] {processor.py:163} INFO - Started process (PID=1007) to work on /opt/airflow/dags/user_behaviour.py
[2024-10-07 11:09:19,906] {processor.py:620} INFO - Processing file /opt/airflow/dags/user_behaviour.py for tasks to queue
[2024-10-07 11:09:19,906] {logging_mixin.py:109} INFO - [2024-10-07 11:09:19,906] {dagbag.py:500} INFO - Filling up the DagBag from /opt/airflow/dags/user_behaviour.py
[2024-10-07 11:09:19,937] {processor.py:632} INFO - DAG(s) dict_keys(['user_behaviour']) retrieved from /opt/airflow/dags/user_behaviour.py
[2024-10-07 11:09:19,945] {logging_mixin.py:109} INFO - [2024-10-07 11:09:19,945] {dag.py:2389} INFO - Sync 1 DAGs
[2024-10-07 11:09:19,957] {logging_mixin.py:109} INFO - [2024-10-07 11:09:19,957] {dag.py:2914} INFO - Setting next_dagrun for user_behaviour to 2024-10-07T00:00:00+00:00
[2024-10-07 11:09:19,965] {processor.py:171} INFO - Processing /opt/airflow/dags/user_behaviour.py took 0.064 seconds
[2024-10-07 11:09:50,036] {processor.py:163} INFO - Started process (PID=1039) to work on /opt/airflow/dags/user_behaviour.py
[2024-10-07 11:09:50,045] {processor.py:620} INFO - Processing file /opt/airflow/dags/user_behaviour.py for tasks to queue
[2024-10-07 11:09:50,045] {logging_mixin.py:109} INFO - [2024-10-07 11:09:50,045] {dagbag.py:500} INFO - Filling up the DagBag from /opt/airflow/dags/user_behaviour.py
[2024-10-07 11:09:50,079] {processor.py:632} INFO - DAG(s) dict_keys(['user_behaviour']) retrieved from /opt/airflow/dags/user_behaviour.py
[2024-10-07 11:09:50,087] {logging_mixin.py:109} INFO - [2024-10-07 11:09:50,087] {dag.py:2389} INFO - Sync 1 DAGs
[2024-10-07 11:09:50,101] {logging_mixin.py:109} INFO - [2024-10-07 11:09:50,101] {dag.py:2914} INFO - Setting next_dagrun for user_behaviour to 2024-10-07T00:00:00+00:00
[2024-10-07 11:09:50,110] {processor.py:171} INFO - Processing /opt/airflow/dags/user_behaviour.py took 0.077 seconds
[2024-10-07 11:10:20,144] {processor.py:163} INFO - Started process (PID=1067) to work on /opt/airflow/dags/user_behaviour.py
[2024-10-07 11:10:20,154] {processor.py:620} INFO - Processing file /opt/airflow/dags/user_behaviour.py for tasks to queue
[2024-10-07 11:10:20,154] {logging_mixin.py:109} INFO - [2024-10-07 11:10:20,154] {dagbag.py:500} INFO - Filling up the DagBag from /opt/airflow/dags/user_behaviour.py
[2024-10-07 11:10:20,188] {processor.py:632} INFO - DAG(s) dict_keys(['user_behaviour']) retrieved from /opt/airflow/dags/user_behaviour.py
[2024-10-07 11:10:20,197] {logging_mixin.py:109} INFO - [2024-10-07 11:10:20,197] {dag.py:2389} INFO - Sync 1 DAGs
[2024-10-07 11:10:20,282] {logging_mixin.py:109} INFO - [2024-10-07 11:10:20,282] {dag.py:2914} INFO - Setting next_dagrun for user_behaviour to 2024-10-07T00:00:00+00:00
[2024-10-07 11:10:20,291] {processor.py:171} INFO - Processing /opt/airflow/dags/user_behaviour.py took 0.150 seconds
[2024-10-07 11:10:50,358] {processor.py:163} INFO - Started process (PID=1092) to work on /opt/airflow/dags/user_behaviour.py
[2024-10-07 11:10:50,360] {processor.py:620} INFO - Processing file /opt/airflow/dags/user_behaviour.py for tasks to queue
[2024-10-07 11:10:50,360] {logging_mixin.py:109} INFO - [2024-10-07 11:10:50,360] {dagbag.py:500} INFO - Filling up the DagBag from /opt/airflow/dags/user_behaviour.py
[2024-10-07 11:10:50,391] {processor.py:632} INFO - DAG(s) dict_keys(['user_behaviour']) retrieved from /opt/airflow/dags/user_behaviour.py
[2024-10-07 11:10:50,399] {logging_mixin.py:109} INFO - [2024-10-07 11:10:50,399] {dag.py:2389} INFO - Sync 1 DAGs
[2024-10-07 11:10:50,471] {logging_mixin.py:109} INFO - [2024-10-07 11:10:50,471] {dag.py:2914} INFO - Setting next_dagrun for user_behaviour to 2024-10-07T00:00:00+00:00
[2024-10-07 11:10:50,480] {processor.py:171} INFO - Processing /opt/airflow/dags/user_behaviour.py took 0.125 seconds
[2024-10-07 11:11:20,545] {processor.py:163} INFO - Started process (PID=1127) to work on /opt/airflow/dags/user_behaviour.py
[2024-10-07 11:11:20,546] {processor.py:620} INFO - Processing file /opt/airflow/dags/user_behaviour.py for tasks to queue
[2024-10-07 11:11:20,547] {logging_mixin.py:109} INFO - [2024-10-07 11:11:20,547] {dagbag.py:500} INFO - Filling up the DagBag from /opt/airflow/dags/user_behaviour.py
[2024-10-07 11:11:20,579] {processor.py:632} INFO - DAG(s) dict_keys(['user_behaviour']) retrieved from /opt/airflow/dags/user_behaviour.py
[2024-10-07 11:11:20,586] {logging_mixin.py:109} INFO - [2024-10-07 11:11:20,586] {dag.py:2389} INFO - Sync 1 DAGs
[2024-10-07 11:11:20,661] {logging_mixin.py:109} INFO - [2024-10-07 11:11:20,660] {dag.py:2914} INFO - Setting next_dagrun for user_behaviour to 2024-10-07T00:00:00+00:00
[2024-10-07 11:11:20,669] {processor.py:171} INFO - Processing /opt/airflow/dags/user_behaviour.py took 0.127 seconds
[2024-10-07 11:11:50,734] {processor.py:163} INFO - Started process (PID=1152) to work on /opt/airflow/dags/user_behaviour.py
[2024-10-07 11:11:50,743] {processor.py:620} INFO - Processing file /opt/airflow/dags/user_behaviour.py for tasks to queue
[2024-10-07 11:11:50,744] {logging_mixin.py:109} INFO - [2024-10-07 11:11:50,744] {dagbag.py:500} INFO - Filling up the DagBag from /opt/airflow/dags/user_behaviour.py
[2024-10-07 11:11:50,775] {processor.py:632} INFO - DAG(s) dict_keys(['user_behaviour']) retrieved from /opt/airflow/dags/user_behaviour.py
[2024-10-07 11:11:50,841] {logging_mixin.py:109} INFO - [2024-10-07 11:11:50,841] {dag.py:2389} INFO - Sync 1 DAGs
[2024-10-07 11:11:50,854] {logging_mixin.py:109} INFO - [2024-10-07 11:11:50,854] {dag.py:2914} INFO - Setting next_dagrun for user_behaviour to 2024-10-07T00:00:00+00:00
[2024-10-07 11:11:50,862] {processor.py:171} INFO - Processing /opt/airflow/dags/user_behaviour.py took 0.131 seconds
[2024-10-07 11:12:20,927] {processor.py:163} INFO - Started process (PID=1186) to work on /opt/airflow/dags/user_behaviour.py
[2024-10-07 11:12:20,928] {processor.py:620} INFO - Processing file /opt/airflow/dags/user_behaviour.py for tasks to queue
[2024-10-07 11:12:20,929] {logging_mixin.py:109} INFO - [2024-10-07 11:12:20,929] {dagbag.py:500} INFO - Filling up the DagBag from /opt/airflow/dags/user_behaviour.py
[2024-10-07 11:12:20,963] {processor.py:632} INFO - DAG(s) dict_keys(['user_behaviour']) retrieved from /opt/airflow/dags/user_behaviour.py
[2024-10-07 11:12:21,038] {logging_mixin.py:109} INFO - [2024-10-07 11:12:21,038] {dag.py:2389} INFO - Sync 1 DAGs
[2024-10-07 11:12:21,049] {logging_mixin.py:109} INFO - [2024-10-07 11:12:21,049] {dag.py:2914} INFO - Setting next_dagrun for user_behaviour to 2024-10-07T00:00:00+00:00
[2024-10-07 11:12:21,057] {processor.py:171} INFO - Processing /opt/airflow/dags/user_behaviour.py took 0.134 seconds
[2024-10-07 11:12:51,126] {processor.py:163} INFO - Started process (PID=1212) to work on /opt/airflow/dags/user_behaviour.py
[2024-10-07 11:12:51,135] {processor.py:620} INFO - Processing file /opt/airflow/dags/user_behaviour.py for tasks to queue
[2024-10-07 11:12:51,135] {logging_mixin.py:109} INFO - [2024-10-07 11:12:51,135] {dagbag.py:500} INFO - Filling up the DagBag from /opt/airflow/dags/user_behaviour.py
[2024-10-07 11:12:51,228] {processor.py:632} INFO - DAG(s) dict_keys(['user_behaviour']) retrieved from /opt/airflow/dags/user_behaviour.py
[2024-10-07 11:12:51,234] {logging_mixin.py:109} INFO - [2024-10-07 11:12:51,234] {dag.py:2389} INFO - Sync 1 DAGs
[2024-10-07 11:12:51,245] {logging_mixin.py:109} INFO - [2024-10-07 11:12:51,245] {dag.py:2914} INFO - Setting next_dagrun for user_behaviour to 2024-10-07T00:00:00+00:00
[2024-10-07 11:12:51,253] {processor.py:171} INFO - Processing /opt/airflow/dags/user_behaviour.py took 0.131 seconds
[2024-10-07 11:13:21,318] {processor.py:163} INFO - Started process (PID=1237) to work on /opt/airflow/dags/user_behaviour.py
[2024-10-07 11:13:21,319] {processor.py:620} INFO - Processing file /opt/airflow/dags/user_behaviour.py for tasks to queue
[2024-10-07 11:13:21,320] {logging_mixin.py:109} INFO - [2024-10-07 11:13:21,319] {dagbag.py:500} INFO - Filling up the DagBag from /opt/airflow/dags/user_behaviour.py
[2024-10-07 11:13:21,411] {processor.py:632} INFO - DAG(s) dict_keys(['user_behaviour']) retrieved from /opt/airflow/dags/user_behaviour.py
[2024-10-07 11:13:21,419] {logging_mixin.py:109} INFO - [2024-10-07 11:13:21,418] {dag.py:2389} INFO - Sync 1 DAGs
[2024-10-07 11:13:21,431] {logging_mixin.py:109} INFO - [2024-10-07 11:13:21,431] {dag.py:2914} INFO - Setting next_dagrun for user_behaviour to 2024-10-07T00:00:00+00:00
[2024-10-07 11:13:21,439] {processor.py:171} INFO - Processing /opt/airflow/dags/user_behaviour.py took 0.125 seconds
[2024-10-07 11:13:51,504] {processor.py:163} INFO - Started process (PID=1272) to work on /opt/airflow/dags/user_behaviour.py
[2024-10-07 11:13:51,514] {processor.py:620} INFO - Processing file /opt/airflow/dags/user_behaviour.py for tasks to queue
[2024-10-07 11:13:51,515] {logging_mixin.py:109} INFO - [2024-10-07 11:13:51,515] {dagbag.py:500} INFO - Filling up the DagBag from /opt/airflow/dags/user_behaviour.py
[2024-10-07 11:13:51,615] {processor.py:632} INFO - DAG(s) dict_keys(['user_behaviour']) retrieved from /opt/airflow/dags/user_behaviour.py
[2024-10-07 11:13:51,622] {logging_mixin.py:109} INFO - [2024-10-07 11:13:51,622] {dag.py:2389} INFO - Sync 1 DAGs
[2024-10-07 11:13:51,633] {logging_mixin.py:109} INFO - [2024-10-07 11:13:51,633] {dag.py:2914} INFO - Setting next_dagrun for user_behaviour to 2024-10-07T00:00:00+00:00
[2024-10-07 11:13:51,641] {processor.py:171} INFO - Processing /opt/airflow/dags/user_behaviour.py took 0.140 seconds
[2024-10-07 11:14:21,708] {processor.py:163} INFO - Started process (PID=1297) to work on /opt/airflow/dags/user_behaviour.py
[2024-10-07 11:14:21,717] {processor.py:620} INFO - Processing file /opt/airflow/dags/user_behaviour.py for tasks to queue
[2024-10-07 11:14:21,718] {logging_mixin.py:109} INFO - [2024-10-07 11:14:21,717] {dagbag.py:500} INFO - Filling up the DagBag from /opt/airflow/dags/user_behaviour.py
[2024-10-07 11:14:21,819] {processor.py:632} INFO - DAG(s) dict_keys(['user_behaviour']) retrieved from /opt/airflow/dags/user_behaviour.py
[2024-10-07 11:14:21,826] {logging_mixin.py:109} INFO - [2024-10-07 11:14:21,826] {dag.py:2389} INFO - Sync 1 DAGs
[2024-10-07 11:14:21,837] {logging_mixin.py:109} INFO - [2024-10-07 11:14:21,837] {dag.py:2914} INFO - Setting next_dagrun for user_behaviour to 2024-10-07T00:00:00+00:00
[2024-10-07 11:14:21,845] {processor.py:171} INFO - Processing /opt/airflow/dags/user_behaviour.py took 0.140 seconds
[2024-10-07 11:14:51,909] {processor.py:163} INFO - Started process (PID=1333) to work on /opt/airflow/dags/user_behaviour.py
[2024-10-07 11:14:51,910] {processor.py:620} INFO - Processing file /opt/airflow/dags/user_behaviour.py for tasks to queue
[2024-10-07 11:14:51,911] {logging_mixin.py:109} INFO - [2024-10-07 11:14:51,911] {dagbag.py:500} INFO - Filling up the DagBag from /opt/airflow/dags/user_behaviour.py
[2024-10-07 11:14:51,997] {processor.py:632} INFO - DAG(s) dict_keys(['user_behaviour']) retrieved from /opt/airflow/dags/user_behaviour.py
[2024-10-07 11:14:52,004] {logging_mixin.py:109} INFO - [2024-10-07 11:14:52,003] {dag.py:2389} INFO - Sync 1 DAGs
[2024-10-07 11:14:52,014] {logging_mixin.py:109} INFO - [2024-10-07 11:14:52,014] {dag.py:2914} INFO - Setting next_dagrun for user_behaviour to 2024-10-07T00:00:00+00:00
[2024-10-07 11:14:52,022] {processor.py:171} INFO - Processing /opt/airflow/dags/user_behaviour.py took 0.115 seconds
[2024-10-07 11:15:22,086] {processor.py:163} INFO - Started process (PID=1358) to work on /opt/airflow/dags/user_behaviour.py
[2024-10-07 11:15:22,096] {processor.py:620} INFO - Processing file /opt/airflow/dags/user_behaviour.py for tasks to queue
[2024-10-07 11:15:22,097] {logging_mixin.py:109} INFO - [2024-10-07 11:15:22,097] {dagbag.py:500} INFO - Filling up the DagBag from /opt/airflow/dags/user_behaviour.py
[2024-10-07 11:15:22,207] {processor.py:632} INFO - DAG(s) dict_keys(['user_behaviour']) retrieved from /opt/airflow/dags/user_behaviour.py
[2024-10-07 11:15:22,214] {logging_mixin.py:109} INFO - [2024-10-07 11:15:22,214] {dag.py:2389} INFO - Sync 1 DAGs
[2024-10-07 11:15:22,225] {logging_mixin.py:109} INFO - [2024-10-07 11:15:22,225] {dag.py:2914} INFO - Setting next_dagrun for user_behaviour to 2024-10-07T00:00:00+00:00
[2024-10-07 11:15:22,233] {processor.py:171} INFO - Processing /opt/airflow/dags/user_behaviour.py took 0.151 seconds
[2024-10-07 11:15:52,257] {processor.py:163} INFO - Started process (PID=1383) to work on /opt/airflow/dags/user_behaviour.py
[2024-10-07 11:15:52,266] {processor.py:620} INFO - Processing file /opt/airflow/dags/user_behaviour.py for tasks to queue
[2024-10-07 11:15:52,266] {logging_mixin.py:109} INFO - [2024-10-07 11:15:52,266] {dagbag.py:500} INFO - Filling up the DagBag from /opt/airflow/dags/user_behaviour.py
[2024-10-07 11:15:52,299] {processor.py:632} INFO - DAG(s) dict_keys(['user_behaviour']) retrieved from /opt/airflow/dags/user_behaviour.py
[2024-10-07 11:15:52,307] {logging_mixin.py:109} INFO - [2024-10-07 11:15:52,307] {dag.py:2389} INFO - Sync 1 DAGs
[2024-10-07 11:15:52,318] {logging_mixin.py:109} INFO - [2024-10-07 11:15:52,318] {dag.py:2914} INFO - Setting next_dagrun for user_behaviour to 2024-10-07T00:00:00+00:00
[2024-10-07 11:15:52,326] {processor.py:171} INFO - Processing /opt/airflow/dags/user_behaviour.py took 0.073 seconds
[2024-10-07 11:16:22,390] {processor.py:163} INFO - Started process (PID=1418) to work on /opt/airflow/dags/user_behaviour.py
[2024-10-07 11:16:22,399] {processor.py:620} INFO - Processing file /opt/airflow/dags/user_behaviour.py for tasks to queue
[2024-10-07 11:16:22,399] {logging_mixin.py:109} INFO - [2024-10-07 11:16:22,399] {dagbag.py:500} INFO - Filling up the DagBag from /opt/airflow/dags/user_behaviour.py
[2024-10-07 11:16:22,430] {processor.py:632} INFO - DAG(s) dict_keys(['user_behaviour']) retrieved from /opt/airflow/dags/user_behaviour.py
[2024-10-07 11:16:22,437] {logging_mixin.py:109} INFO - [2024-10-07 11:16:22,437] {dag.py:2389} INFO - Sync 1 DAGs
[2024-10-07 11:16:22,449] {logging_mixin.py:109} INFO - [2024-10-07 11:16:22,449] {dag.py:2914} INFO - Setting next_dagrun for user_behaviour to 2024-10-07T00:00:00+00:00
[2024-10-07 11:16:22,457] {processor.py:171} INFO - Processing /opt/airflow/dags/user_behaviour.py took 0.069 seconds
[2024-10-07 11:16:52,491] {processor.py:163} INFO - Started process (PID=1443) to work on /opt/airflow/dags/user_behaviour.py
[2024-10-07 11:16:52,500] {processor.py:620} INFO - Processing file /opt/airflow/dags/user_behaviour.py for tasks to queue
[2024-10-07 11:16:52,501] {logging_mixin.py:109} INFO - [2024-10-07 11:16:52,500] {dagbag.py:500} INFO - Filling up the DagBag from /opt/airflow/dags/user_behaviour.py
[2024-10-07 11:16:52,533] {processor.py:632} INFO - DAG(s) dict_keys(['user_behaviour']) retrieved from /opt/airflow/dags/user_behaviour.py
[2024-10-07 11:16:52,540] {logging_mixin.py:109} INFO - [2024-10-07 11:16:52,540] {dag.py:2389} INFO - Sync 1 DAGs
[2024-10-07 11:16:52,552] {logging_mixin.py:109} INFO - [2024-10-07 11:16:52,552] {dag.py:2914} INFO - Setting next_dagrun for user_behaviour to 2024-10-07T00:00:00+00:00
[2024-10-07 11:16:52,560] {processor.py:171} INFO - Processing /opt/airflow/dags/user_behaviour.py took 0.072 seconds
[2024-10-07 11:17:22,614] {processor.py:163} INFO - Started process (PID=1478) to work on /opt/airflow/dags/user_behaviour.py
[2024-10-07 11:17:22,615] {processor.py:620} INFO - Processing file /opt/airflow/dags/user_behaviour.py for tasks to queue
[2024-10-07 11:17:22,615] {logging_mixin.py:109} INFO - [2024-10-07 11:17:22,615] {dagbag.py:500} INFO - Filling up the DagBag from /opt/airflow/dags/user_behaviour.py
[2024-10-07 11:17:22,646] {processor.py:632} INFO - DAG(s) dict_keys(['user_behaviour']) retrieved from /opt/airflow/dags/user_behaviour.py
[2024-10-07 11:17:22,654] {logging_mixin.py:109} INFO - [2024-10-07 11:17:22,654] {dag.py:2389} INFO - Sync 1 DAGs
[2024-10-07 11:17:22,666] {logging_mixin.py:109} INFO - [2024-10-07 11:17:22,666] {dag.py:2914} INFO - Setting next_dagrun for user_behaviour to 2024-10-07T00:00:00+00:00
[2024-10-07 11:17:22,674] {processor.py:171} INFO - Processing /opt/airflow/dags/user_behaviour.py took 0.063 seconds
[2024-10-07 11:17:52,717] {processor.py:163} INFO - Started process (PID=1503) to work on /opt/airflow/dags/user_behaviour.py
[2024-10-07 11:17:52,720] {processor.py:620} INFO - Processing file /opt/airflow/dags/user_behaviour.py for tasks to queue
[2024-10-07 11:17:52,720] {logging_mixin.py:109} INFO - [2024-10-07 11:17:52,720] {dagbag.py:500} INFO - Filling up the DagBag from /opt/airflow/dags/user_behaviour.py
[2024-10-07 11:17:52,751] {processor.py:632} INFO - DAG(s) dict_keys(['user_behaviour']) retrieved from /opt/airflow/dags/user_behaviour.py
[2024-10-07 11:17:52,758] {logging_mixin.py:109} INFO - [2024-10-07 11:17:52,758] {dag.py:2389} INFO - Sync 1 DAGs
[2024-10-07 11:17:52,770] {logging_mixin.py:109} INFO - [2024-10-07 11:17:52,770] {dag.py:2914} INFO - Setting next_dagrun for user_behaviour to 2024-10-07T00:00:00+00:00
[2024-10-07 11:17:52,778] {processor.py:171} INFO - Processing /opt/airflow/dags/user_behaviour.py took 0.064 seconds
[2024-10-07 11:18:22,839] {processor.py:163} INFO - Started process (PID=1528) to work on /opt/airflow/dags/user_behaviour.py
[2024-10-07 11:18:22,840] {processor.py:620} INFO - Processing file /opt/airflow/dags/user_behaviour.py for tasks to queue
[2024-10-07 11:18:22,840] {logging_mixin.py:109} INFO - [2024-10-07 11:18:22,840] {dagbag.py:500} INFO - Filling up the DagBag from /opt/airflow/dags/user_behaviour.py
[2024-10-07 11:18:22,871] {processor.py:632} INFO - DAG(s) dict_keys(['user_behaviour']) retrieved from /opt/airflow/dags/user_behaviour.py
[2024-10-07 11:18:22,878] {logging_mixin.py:109} INFO - [2024-10-07 11:18:22,878] {dag.py:2389} INFO - Sync 1 DAGs
[2024-10-07 11:18:22,890] {logging_mixin.py:109} INFO - [2024-10-07 11:18:22,890] {dag.py:2914} INFO - Setting next_dagrun for user_behaviour to 2024-10-07T00:00:00+00:00
[2024-10-07 11:18:22,898] {processor.py:171} INFO - Processing /opt/airflow/dags/user_behaviour.py took 0.061 seconds
[2024-10-07 11:18:52,942] {processor.py:163} INFO - Started process (PID=1563) to work on /opt/airflow/dags/user_behaviour.py
[2024-10-07 11:18:52,952] {processor.py:620} INFO - Processing file /opt/airflow/dags/user_behaviour.py for tasks to queue
[2024-10-07 11:18:52,953] {logging_mixin.py:109} INFO - [2024-10-07 11:18:52,953] {dagbag.py:500} INFO - Filling up the DagBag from /opt/airflow/dags/user_behaviour.py
[2024-10-07 11:18:52,985] {processor.py:632} INFO - DAG(s) dict_keys(['user_behaviour']) retrieved from /opt/airflow/dags/user_behaviour.py
[2024-10-07 11:18:52,993] {logging_mixin.py:109} INFO - [2024-10-07 11:18:52,993] {dag.py:2389} INFO - Sync 1 DAGs
[2024-10-07 11:18:53,004] {logging_mixin.py:109} INFO - [2024-10-07 11:18:53,004] {dag.py:2914} INFO - Setting next_dagrun for user_behaviour to 2024-10-07T00:00:00+00:00
[2024-10-07 11:18:53,012] {processor.py:171} INFO - Processing /opt/airflow/dags/user_behaviour.py took 0.073 seconds
[2024-10-07 11:19:23,054] {processor.py:163} INFO - Started process (PID=1588) to work on /opt/airflow/dags/user_behaviour.py
[2024-10-07 11:19:23,055] {processor.py:620} INFO - Processing file /opt/airflow/dags/user_behaviour.py for tasks to queue
[2024-10-07 11:19:23,056] {logging_mixin.py:109} INFO - [2024-10-07 11:19:23,055] {dagbag.py:500} INFO - Filling up the DagBag from /opt/airflow/dags/user_behaviour.py
[2024-10-07 11:19:23,088] {processor.py:632} INFO - DAG(s) dict_keys(['user_behaviour']) retrieved from /opt/airflow/dags/user_behaviour.py
[2024-10-07 11:19:23,097] {logging_mixin.py:109} INFO - [2024-10-07 11:19:23,097] {dag.py:2389} INFO - Sync 1 DAGs
[2024-10-07 11:19:23,109] {logging_mixin.py:109} INFO - [2024-10-07 11:19:23,109] {dag.py:2914} INFO - Setting next_dagrun for user_behaviour to 2024-10-07T00:00:00+00:00
[2024-10-07 11:19:23,118] {processor.py:171} INFO - Processing /opt/airflow/dags/user_behaviour.py took 0.067 seconds
[2024-10-07 11:19:53,168] {processor.py:163} INFO - Started process (PID=1623) to work on /opt/airflow/dags/user_behaviour.py
[2024-10-07 11:19:53,178] {processor.py:620} INFO - Processing file /opt/airflow/dags/user_behaviour.py for tasks to queue
[2024-10-07 11:19:53,178] {logging_mixin.py:109} INFO - [2024-10-07 11:19:53,178] {dagbag.py:500} INFO - Filling up the DagBag from /opt/airflow/dags/user_behaviour.py
[2024-10-07 11:19:53,211] {processor.py:632} INFO - DAG(s) dict_keys(['user_behaviour']) retrieved from /opt/airflow/dags/user_behaviour.py
[2024-10-07 11:19:53,220] {logging_mixin.py:109} INFO - [2024-10-07 11:19:53,220] {dag.py:2389} INFO - Sync 1 DAGs
[2024-10-07 11:19:53,232] {logging_mixin.py:109} INFO - [2024-10-07 11:19:53,232] {dag.py:2914} INFO - Setting next_dagrun for user_behaviour to 2024-10-07T00:00:00+00:00
[2024-10-07 11:19:53,240] {processor.py:171} INFO - Processing /opt/airflow/dags/user_behaviour.py took 0.075 seconds
[2024-10-07 11:20:23,289] {processor.py:163} INFO - Started process (PID=1648) to work on /opt/airflow/dags/user_behaviour.py
[2024-10-07 11:20:23,299] {processor.py:620} INFO - Processing file /opt/airflow/dags/user_behaviour.py for tasks to queue
[2024-10-07 11:20:23,300] {logging_mixin.py:109} INFO - [2024-10-07 11:20:23,300] {dagbag.py:500} INFO - Filling up the DagBag from /opt/airflow/dags/user_behaviour.py
[2024-10-07 11:20:23,335] {processor.py:632} INFO - DAG(s) dict_keys(['user_behaviour']) retrieved from /opt/airflow/dags/user_behaviour.py
[2024-10-07 11:20:23,344] {logging_mixin.py:109} INFO - [2024-10-07 11:20:23,344] {dag.py:2389} INFO - Sync 1 DAGs
[2024-10-07 11:20:23,358] {logging_mixin.py:109} INFO - [2024-10-07 11:20:23,357] {dag.py:2914} INFO - Setting next_dagrun for user_behaviour to 2024-10-07T00:00:00+00:00
[2024-10-07 11:20:23,367] {processor.py:171} INFO - Processing /opt/airflow/dags/user_behaviour.py took 0.081 seconds
[2024-10-07 15:36:48,933] {processor.py:163} INFO - Started process (PID=178) to work on /opt/airflow/dags/user_behaviour.py
[2024-10-07 15:36:48,934] {processor.py:620} INFO - Processing file /opt/airflow/dags/user_behaviour.py for tasks to queue
[2024-10-07 15:36:48,936] {logging_mixin.py:109} INFO - [2024-10-07 15:36:48,935] {dagbag.py:500} INFO - Filling up the DagBag from /opt/airflow/dags/user_behaviour.py
[2024-10-07 15:36:49,026] {processor.py:632} INFO - DAG(s) dict_keys(['user_behaviour']) retrieved from /opt/airflow/dags/user_behaviour.py
[2024-10-07 15:36:54,445] {logging_mixin.py:109} INFO - [2024-10-07 15:36:54,445] {providers_manager.py:156} WARNING - Exception when importing 'airflow.providers.google.common.hooks.base_google.GoogleBaseHook' from 'apache-airflow-providers-google' package: module 'pyparsing' has no attribute 'downcaseTokens'
[2024-10-07 15:36:54,466] {logging_mixin.py:109} INFO - [2024-10-07 15:36:54,466] {providers_manager.py:156} WARNING - Exception when importing 'airflow.providers.google.cloud.hooks.cloud_sql.CloudSQLHook' from 'apache-airflow-providers-google' package: module 'pyparsing' has no attribute 'downcaseTokens'
[2024-10-07 15:36:54,470] {logging_mixin.py:109} INFO - [2024-10-07 15:36:54,470] {providers_manager.py:156} WARNING - Exception when importing 'airflow.providers.google.cloud.hooks.cloud_sql.CloudSQLDatabaseHook' from 'apache-airflow-providers-google' package: module 'pyparsing' has no attribute 'downcaseTokens'
[2024-10-07 15:36:55,248] {logging_mixin.py:109} INFO - [2024-10-07 15:36:55,248] {providers_manager.py:156} WARNING - Exception when importing 'airflow.providers.google.cloud.hooks.bigquery.BigQueryHook' from 'apache-airflow-providers-google' package: module 'pyparsing' has no attribute 'downcaseTokens'
[2024-10-07 15:36:55,257] {logging_mixin.py:109} INFO - [2024-10-07 15:36:55,257] {providers_manager.py:156} WARNING - Exception when importing 'airflow.providers.google.cloud.hooks.compute_ssh.ComputeEngineSSHHook' from 'apache-airflow-providers-google' package: module 'pyparsing' has no attribute 'downcaseTokens'
[2024-10-07 15:36:55,263] {logging_mixin.py:109} INFO - [2024-10-07 15:36:55,262] {providers_manager.py:156} WARNING - Exception when importing 'airflow.providers.google.leveldb.hooks.leveldb.LevelDBHook' from 'apache-airflow-providers-google' package: No module named 'plyvel'
[2024-10-07 15:36:57,383] {logging_mixin.py:109} INFO - [2024-10-07 15:36:57,383] {providers_manager.py:156} WARNING - Exception when importing 'airflow.providers.google.common.hooks.base_google.GoogleBaseHook' from 'apache-airflow-providers-google' package: module 'pyparsing' has no attribute 'downcaseTokens'
[2024-10-07 15:36:57,388] {logging_mixin.py:109} INFO - [2024-10-07 15:36:57,388] {providers_manager.py:156} WARNING - Exception when importing 'airflow.providers.google.cloud.hooks.cloud_sql.CloudSQLHook' from 'apache-airflow-providers-google' package: module 'pyparsing' has no attribute 'downcaseTokens'
[2024-10-07 15:36:57,394] {logging_mixin.py:109} INFO - [2024-10-07 15:36:57,394] {providers_manager.py:156} WARNING - Exception when importing 'airflow.providers.google.cloud.hooks.cloud_sql.CloudSQLDatabaseHook' from 'apache-airflow-providers-google' package: module 'pyparsing' has no attribute 'downcaseTokens'
[2024-10-07 15:36:57,400] {logging_mixin.py:109} INFO - [2024-10-07 15:36:57,400] {providers_manager.py:156} WARNING - Exception when importing 'airflow.providers.google.cloud.hooks.bigquery.BigQueryHook' from 'apache-airflow-providers-google' package: module 'pyparsing' has no attribute 'downcaseTokens'
[2024-10-07 15:36:57,406] {logging_mixin.py:109} INFO - [2024-10-07 15:36:57,406] {providers_manager.py:156} WARNING - Exception when importing 'airflow.providers.google.cloud.hooks.compute_ssh.ComputeEngineSSHHook' from 'apache-airflow-providers-google' package: module 'pyparsing' has no attribute 'downcaseTokens'
[2024-10-07 15:36:57,408] {logging_mixin.py:109} INFO - [2024-10-07 15:36:57,408] {providers_manager.py:156} WARNING - Exception when importing 'airflow.providers.google.leveldb.hooks.leveldb.LevelDBHook' from 'apache-airflow-providers-google' package: No module named 'plyvel'
[2024-10-07 15:36:57,444] {logging_mixin.py:109} INFO - [2024-10-07 15:36:57,444] {manager.py:496} INFO - Created Permission View: can read on DAG:user_behaviour
[2024-10-07 15:36:57,456] {logging_mixin.py:109} INFO - [2024-10-07 15:36:57,455] {manager.py:496} INFO - Created Permission View: can edit on DAG:user_behaviour
[2024-10-07 15:36:57,458] {logging_mixin.py:109} INFO - [2024-10-07 15:36:57,456] {dag.py:2389} INFO - Sync 1 DAGs
[2024-10-07 15:36:57,478] {logging_mixin.py:109} INFO - [2024-10-07 15:36:57,476] {dag.py:2408} INFO - Creating ORM DAG for user_behaviour
[2024-10-07 15:36:57,492] {logging_mixin.py:109} INFO - [2024-10-07 15:36:57,491] {dag.py:2914} INFO - Setting next_dagrun for user_behaviour to 2024-10-07T00:00:00+00:00
[2024-10-07 15:36:57,509] {processor.py:171} INFO - Processing /opt/airflow/dags/user_behaviour.py took 8.581 seconds
[2024-10-07 15:37:27,595] {processor.py:163} INFO - Started process (PID=226) to work on /opt/airflow/dags/user_behaviour.py
[2024-10-07 15:37:27,605] {processor.py:620} INFO - Processing file /opt/airflow/dags/user_behaviour.py for tasks to queue
[2024-10-07 15:37:27,605] {logging_mixin.py:109} INFO - [2024-10-07 15:37:27,605] {dagbag.py:500} INFO - Filling up the DagBag from /opt/airflow/dags/user_behaviour.py
[2024-10-07 15:37:27,639] {processor.py:632} INFO - DAG(s) dict_keys(['user_behaviour']) retrieved from /opt/airflow/dags/user_behaviour.py
[2024-10-07 15:37:27,647] {logging_mixin.py:109} INFO - [2024-10-07 15:37:27,647] {dag.py:2389} INFO - Sync 1 DAGs
[2024-10-07 15:37:27,659] {logging_mixin.py:109} INFO - [2024-10-07 15:37:27,659] {dag.py:2914} INFO - Setting next_dagrun for user_behaviour to 2024-10-07T00:00:00+00:00
[2024-10-07 15:37:27,668] {processor.py:171} INFO - Processing /opt/airflow/dags/user_behaviour.py took 0.075 seconds
[2024-10-07 15:37:57,691] {processor.py:163} INFO - Started process (PID=251) to work on /opt/airflow/dags/user_behaviour.py
[2024-10-07 15:37:57,701] {processor.py:620} INFO - Processing file /opt/airflow/dags/user_behaviour.py for tasks to queue
[2024-10-07 15:37:57,701] {logging_mixin.py:109} INFO - [2024-10-07 15:37:57,701] {dagbag.py:500} INFO - Filling up the DagBag from /opt/airflow/dags/user_behaviour.py
[2024-10-07 15:37:57,734] {processor.py:632} INFO - DAG(s) dict_keys(['user_behaviour']) retrieved from /opt/airflow/dags/user_behaviour.py
[2024-10-07 15:37:57,742] {logging_mixin.py:109} INFO - [2024-10-07 15:37:57,741] {dag.py:2389} INFO - Sync 1 DAGs
[2024-10-07 15:37:57,753] {logging_mixin.py:109} INFO - [2024-10-07 15:37:57,753] {dag.py:2914} INFO - Setting next_dagrun for user_behaviour to 2024-10-07T00:00:00+00:00
[2024-10-07 15:37:57,762] {processor.py:171} INFO - Processing /opt/airflow/dags/user_behaviour.py took 0.073 seconds
[2024-10-07 15:38:27,855] {processor.py:163} INFO - Started process (PID=276) to work on /opt/airflow/dags/user_behaviour.py
[2024-10-07 15:38:27,864] {processor.py:620} INFO - Processing file /opt/airflow/dags/user_behaviour.py for tasks to queue
[2024-10-07 15:38:27,865] {logging_mixin.py:109} INFO - [2024-10-07 15:38:27,865] {dagbag.py:500} INFO - Filling up the DagBag from /opt/airflow/dags/user_behaviour.py
[2024-10-07 15:38:27,916] {processor.py:632} INFO - DAG(s) dict_keys(['user_behaviour']) retrieved from /opt/airflow/dags/user_behaviour.py
[2024-10-07 15:38:27,927] {logging_mixin.py:109} INFO - [2024-10-07 15:38:27,927] {dag.py:2389} INFO - Sync 1 DAGs
[2024-10-07 15:38:27,947] {logging_mixin.py:109} INFO - [2024-10-07 15:38:27,947] {dag.py:2914} INFO - Setting next_dagrun for user_behaviour to 2024-10-07T00:00:00+00:00
[2024-10-07 15:38:27,962] {processor.py:171} INFO - Processing /opt/airflow/dags/user_behaviour.py took 0.111 seconds
[2024-10-07 15:38:58,027] {processor.py:163} INFO - Started process (PID=318) to work on /opt/airflow/dags/user_behaviour.py
[2024-10-07 15:38:58,037] {processor.py:620} INFO - Processing file /opt/airflow/dags/user_behaviour.py for tasks to queue
[2024-10-07 15:38:58,038] {logging_mixin.py:109} INFO - [2024-10-07 15:38:58,038] {dagbag.py:500} INFO - Filling up the DagBag from /opt/airflow/dags/user_behaviour.py
[2024-10-07 15:38:58,070] {processor.py:632} INFO - DAG(s) dict_keys(['user_behaviour']) retrieved from /opt/airflow/dags/user_behaviour.py
[2024-10-07 15:38:58,078] {logging_mixin.py:109} INFO - [2024-10-07 15:38:58,078] {dag.py:2389} INFO - Sync 1 DAGs
[2024-10-07 15:38:58,091] {logging_mixin.py:109} INFO - [2024-10-07 15:38:58,090] {dag.py:2914} INFO - Setting next_dagrun for user_behaviour to 2024-10-07T00:00:00+00:00
[2024-10-07 15:38:58,099] {processor.py:171} INFO - Processing /opt/airflow/dags/user_behaviour.py took 0.074 seconds
[2024-10-07 15:39:28,121] {processor.py:163} INFO - Started process (PID=343) to work on /opt/airflow/dags/user_behaviour.py
[2024-10-07 15:39:28,122] {processor.py:620} INFO - Processing file /opt/airflow/dags/user_behaviour.py for tasks to queue
[2024-10-07 15:39:28,122] {logging_mixin.py:109} INFO - [2024-10-07 15:39:28,122] {dagbag.py:500} INFO - Filling up the DagBag from /opt/airflow/dags/user_behaviour.py
[2024-10-07 15:39:28,155] {processor.py:632} INFO - DAG(s) dict_keys(['user_behaviour']) retrieved from /opt/airflow/dags/user_behaviour.py
[2024-10-07 15:39:28,163] {logging_mixin.py:109} INFO - [2024-10-07 15:39:28,163] {dag.py:2389} INFO - Sync 1 DAGs
[2024-10-07 15:39:28,176] {logging_mixin.py:109} INFO - [2024-10-07 15:39:28,175] {dag.py:2914} INFO - Setting next_dagrun for user_behaviour to 2024-10-07T00:00:00+00:00
[2024-10-07 15:39:28,183] {processor.py:171} INFO - Processing /opt/airflow/dags/user_behaviour.py took 0.065 seconds
[2024-10-07 15:39:58,253] {processor.py:163} INFO - Started process (PID=378) to work on /opt/airflow/dags/user_behaviour.py
[2024-10-07 15:39:58,263] {processor.py:620} INFO - Processing file /opt/airflow/dags/user_behaviour.py for tasks to queue
[2024-10-07 15:39:58,265] {logging_mixin.py:109} INFO - [2024-10-07 15:39:58,264] {dagbag.py:500} INFO - Filling up the DagBag from /opt/airflow/dags/user_behaviour.py
[2024-10-07 15:39:58,317] {processor.py:632} INFO - DAG(s) dict_keys(['user_behaviour']) retrieved from /opt/airflow/dags/user_behaviour.py
[2024-10-07 15:39:58,330] {logging_mixin.py:109} INFO - [2024-10-07 15:39:58,330] {dag.py:2389} INFO - Sync 1 DAGs
[2024-10-07 15:39:58,346] {logging_mixin.py:109} INFO - [2024-10-07 15:39:58,346] {dag.py:2914} INFO - Setting next_dagrun for user_behaviour to 2024-10-07T00:00:00+00:00
[2024-10-07 15:39:58,357] {processor.py:171} INFO - Processing /opt/airflow/dags/user_behaviour.py took 0.107 seconds
