[2024-10-09 03:14:08,866] {taskinstance.py:1159} INFO - Dependencies all met for <TaskInstance: user_behaviour.extract_user_purchase_data manual__2024-10-09T03:14:08.174056+00:00 [queued]>
[2024-10-09 03:14:08,879] {taskinstance.py:1159} INFO - Dependencies all met for <TaskInstance: user_behaviour.extract_user_purchase_data manual__2024-10-09T03:14:08.174056+00:00 [queued]>
[2024-10-09 03:14:08,880] {taskinstance.py:1356} INFO - 
--------------------------------------------------------------------------------
[2024-10-09 03:14:08,880] {taskinstance.py:1357} INFO - Starting attempt 1 of 3
[2024-10-09 03:14:08,880] {taskinstance.py:1358} INFO - 
--------------------------------------------------------------------------------
[2024-10-09 03:14:08,895] {taskinstance.py:1377} INFO - Executing <Task(PostgresOperator): extract_user_purchase_data> on 2024-10-09 03:14:08.174056+00:00
[2024-10-09 03:14:08,898] {standard_task_runner.py:52} INFO - Started process 395 to run task
[2024-10-09 03:14:08,901] {standard_task_runner.py:79} INFO - Running: ['***', 'tasks', 'run', 'user_behaviour', 'extract_user_purchase_data', 'manual__2024-10-09T03:14:08.174056+00:00', '--job-id', '6', '--raw', '--subdir', 'DAGS_FOLDER/user_behaviour.py', '--cfg-path', '/tmp/tmplp5olhat', '--error-file', '/tmp/tmpamys8pll']
[2024-10-09 03:14:08,901] {standard_task_runner.py:80} INFO - Job 6: Subtask extract_user_purchase_data
[2024-10-09 03:14:08,956] {task_command.py:370} INFO - Running <TaskInstance: user_behaviour.extract_user_purchase_data manual__2024-10-09T03:14:08.174056+00:00 [running]> on host 33db15a69f99
[2024-10-09 03:14:09,034] {taskinstance.py:1571} INFO - Exporting the following env vars:
AIRFLOW_CTX_DAG_EMAIL=***@***.com
AIRFLOW_CTX_DAG_OWNER=***
AIRFLOW_CTX_DAG_ID=user_behaviour
AIRFLOW_CTX_TASK_ID=extract_user_purchase_data
AIRFLOW_CTX_EXECUTION_DATE=2024-10-09T03:14:08.174056+00:00
AIRFLOW_CTX_TRY_NUMBER=1
AIRFLOW_CTX_DAG_RUN_ID=manual__2024-10-09T03:14:08.174056+00:00
[2024-10-09 03:14:09,036] {crypto.py:82} WARNING - empty cryptography key - values will not be stored encrypted.
[2024-10-09 03:14:09,036] {base.py:68} INFO - Using connection ID 'postgres_default' for task execution.
[2024-10-09 03:14:09,040] {dbapi.py:213} INFO - Running statement: COPY (
       select invoice_number,
              stock_code,
              detail,
              quantity,
              invoice_date,
              unit_price,
              customer_id,
              country
       from retail.user_purchase -- we should have a date filter here to pull only required data
) TO '/temp/user_purchase.csv' WITH (FORMAT CSV, HEADER);, parameters: None
[2024-10-09 03:14:09,734] {dbapi.py:221} INFO - Rows affected: 541908
[2024-10-09 03:14:09,753] {taskinstance.py:1400} INFO - Marking task as SUCCESS. dag_id=user_behaviour, task_id=extract_user_purchase_data, execution_date=20241009T031408, start_date=20241009T031408, end_date=20241009T031409
[2024-10-09 03:14:09,796] {local_task_job.py:156} INFO - Task exited with return code 0
[2024-10-09 03:14:09,871] {local_task_job.py:273} INFO - 1 downstream tasks scheduled from follow-on schedule check
