[2024-10-11T15:00:56.420+0000] {local_task_job_runner.py:120} INFO - ::group::Pre task execution logs
[2024-10-11T15:00:56.448+0000] {taskinstance.py:2076} INFO - Dependencies all met for dep_context=non-requeueable deps ti=<TaskInstance: user_behaviour.extract_user_purchase_data scheduled__2024-10-06T00:00:00+00:00 [queued]>
[2024-10-11T15:00:56.461+0000] {taskinstance.py:2076} INFO - Dependencies all met for dep_context=requeueable deps ti=<TaskInstance: user_behaviour.extract_user_purchase_data scheduled__2024-10-06T00:00:00+00:00 [queued]>
[2024-10-11T15:00:56.461+0000] {taskinstance.py:2306} INFO - Starting attempt 1 of 3
[2024-10-11T15:00:56.477+0000] {taskinstance.py:2330} INFO - Executing <Task(PostgresOperator): extract_user_purchase_data> on 2024-10-06 00:00:00+00:00
[2024-10-11T15:00:56.484+0000] {warnings.py:112} WARNING - /home/***/.local/lib/python3.12/site-packages/***/task/task_runner/standard_task_runner.py:61: DeprecationWarning: This process (pid=166) is multi-threaded, use of fork() may lead to deadlocks in the child.
  pid = os.fork()

[2024-10-11T15:00:56.486+0000] {standard_task_runner.py:63} INFO - Started process 168 to run task
[2024-10-11T15:00:56.486+0000] {standard_task_runner.py:90} INFO - Running: ['***', 'tasks', 'run', 'user_behaviour', 'extract_user_purchase_data', 'scheduled__2024-10-06T00:00:00+00:00', '--job-id', '10', '--raw', '--subdir', 'DAGS_FOLDER/user_behaviour.py', '--cfg-path', '/tmp/tmpsk5fbaft']
[2024-10-11T15:00:56.488+0000] {standard_task_runner.py:91} INFO - Job 10: Subtask extract_user_purchase_data
[2024-10-11T15:00:56.537+0000] {task_command.py:426} INFO - Running <TaskInstance: user_behaviour.extract_user_purchase_data scheduled__2024-10-06T00:00:00+00:00 [running]> on host 40ee99ca9dd7
[2024-10-11T15:00:56.637+0000] {taskinstance.py:2648} INFO - Exporting env vars: AIRFLOW_CTX_DAG_OWNER='***' AIRFLOW_CTX_DAG_ID='user_behaviour' AIRFLOW_CTX_TASK_ID='extract_user_purchase_data' AIRFLOW_CTX_EXECUTION_DATE='2024-10-06T00:00:00+00:00' AIRFLOW_CTX_TRY_NUMBER='1' AIRFLOW_CTX_DAG_RUN_ID='scheduled__2024-10-06T00:00:00+00:00'
[2024-10-11T15:00:56.639+0000] {taskinstance.py:430} INFO - ::endgroup::
[2024-10-11T15:00:56.653+0000] {sql.py:276} INFO - Executing: COPY (
       select invoice_number,
              stock_code,
              detail,
              quantity,
              invoice_date,
              unit_price,
              customer_id,
              country
       from retail.user_purchase -- we should have a date filter here to pull only required data
) TO '/temp/user_purchase.csv' WITH (FORMAT CSV, HEADER);
[2024-10-11T15:00:56.654+0000] {crypto.py:82} WARNING - empty cryptography key - values will not be stored encrypted.
[2024-10-11T15:00:56.655+0000] {base.py:84} INFO - Using connection ID 'postgres_default' for task execution.
[2024-10-11T15:00:56.658+0000] {base.py:84} INFO - Using connection ID 'postgres_default' for task execution.
[2024-10-11T15:00:56.662+0000] {sql.py:487} INFO - Running statement: COPY (
       select invoice_number,
              stock_code,
              detail,
              quantity,
              invoice_date,
              unit_price,
              customer_id,
              country
       from retail.user_purchase -- we should have a date filter here to pull only required data
) TO '/temp/user_purchase.csv' WITH (FORMAT CSV, HEADER);, parameters: None
[2024-10-11T15:00:57.378+0000] {sql.py:496} INFO - Rows affected: 541908
[2024-10-11T15:00:57.379+0000] {taskinstance.py:441} INFO - ::group::Post task execution logs
[2024-10-11T15:00:57.387+0000] {taskinstance.py:1206} INFO - Marking task as SUCCESS. dag_id=user_behaviour, task_id=extract_user_purchase_data, run_id=scheduled__2024-10-06T00:00:00+00:00, execution_date=20241006T000000, start_date=20241011T150056, end_date=20241011T150057
[2024-10-11T15:00:57.431+0000] {local_task_job_runner.py:240} INFO - Task exited with return code 0
[2024-10-11T15:00:57.446+0000] {warnings.py:112} WARNING - /home/***/.local/lib/python3.12/site-packages/***/models/baseoperator.py:1297: AirflowProviderDeprecationWarning: Call to deprecated class SnowflakeOperator. (This class is deprecated. Please use `***.providers.common.sql.operators.sql.SQLExecuteQueryOperator`. Also, you can provide `hook_params={'warehouse': <warehouse>, 'database': <database>, 'role': <role>, 'schema': <schema>, 'authenticator': <authenticator>,'session_parameters': <session_parameters>}`.)
  result = cls.__new__(cls)

[2024-10-11T15:00:57.448+0000] {warnings.py:112} WARNING - /home/***/.local/lib/python3.12/site-packages/***/models/baseoperator.py:1297: AirflowProviderDeprecationWarning: Call to deprecated class PostgresOperator. (Please use `***.providers.common.sql.operators.sql.SQLExecuteQueryOperator`.Also, you can provide `hook_params={'schema': <database>}`.)
  result = cls.__new__(cls)

[2024-10-11T15:00:57.478+0000] {taskinstance.py:3503} INFO - 1 downstream tasks scheduled from follow-on schedule check
[2024-10-11T15:00:57.481+0000] {local_task_job_runner.py:222} INFO - ::endgroup::
[2024-10-11T15:07:20.627+0000] {local_task_job_runner.py:120} INFO - ::group::Pre task execution logs
[2024-10-11T15:07:20.651+0000] {taskinstance.py:2076} INFO - Dependencies all met for dep_context=non-requeueable deps ti=<TaskInstance: user_behaviour.extract_user_purchase_data scheduled__2024-10-06T00:00:00+00:00 [queued]>
[2024-10-11T15:07:20.661+0000] {taskinstance.py:2076} INFO - Dependencies all met for dep_context=requeueable deps ti=<TaskInstance: user_behaviour.extract_user_purchase_data scheduled__2024-10-06T00:00:00+00:00 [queued]>
[2024-10-11T15:07:20.661+0000] {taskinstance.py:2306} INFO - Starting attempt 1 of 3
[2024-10-11T15:07:20.675+0000] {taskinstance.py:2330} INFO - Executing <Task(PostgresOperator): extract_user_purchase_data> on 2024-10-06 00:00:00+00:00
[2024-10-11T15:07:20.680+0000] {warnings.py:112} WARNING - /home/***/.local/lib/python3.12/site-packages/***/task/task_runner/standard_task_runner.py:61: DeprecationWarning: This process (pid=431) is multi-threaded, use of fork() may lead to deadlocks in the child.
  pid = os.fork()

[2024-10-11T15:07:20.682+0000] {standard_task_runner.py:63} INFO - Started process 433 to run task
[2024-10-11T15:07:20.682+0000] {standard_task_runner.py:90} INFO - Running: ['***', 'tasks', 'run', 'user_behaviour', 'extract_user_purchase_data', 'scheduled__2024-10-06T00:00:00+00:00', '--job-id', '28', '--raw', '--subdir', 'DAGS_FOLDER/user_behaviour.py', '--cfg-path', '/tmp/tmpuw0i5che']
[2024-10-11T15:07:20.685+0000] {standard_task_runner.py:91} INFO - Job 28: Subtask extract_user_purchase_data
[2024-10-11T15:07:20.729+0000] {task_command.py:426} INFO - Running <TaskInstance: user_behaviour.extract_user_purchase_data scheduled__2024-10-06T00:00:00+00:00 [running]> on host 40ee99ca9dd7
[2024-10-11T15:07:20.822+0000] {taskinstance.py:2648} INFO - Exporting env vars: AIRFLOW_CTX_DAG_OWNER='***' AIRFLOW_CTX_DAG_ID='user_behaviour' AIRFLOW_CTX_TASK_ID='extract_user_purchase_data' AIRFLOW_CTX_EXECUTION_DATE='2024-10-06T00:00:00+00:00' AIRFLOW_CTX_TRY_NUMBER='1' AIRFLOW_CTX_DAG_RUN_ID='scheduled__2024-10-06T00:00:00+00:00'
[2024-10-11T15:07:20.823+0000] {taskinstance.py:430} INFO - ::endgroup::
[2024-10-11T15:07:20.835+0000] {sql.py:276} INFO - Executing: COPY (
       select invoice_number,
              stock_code,
              detail,
              quantity,
              invoice_date,
              unit_price,
              customer_id,
              country
       from retail.user_purchase -- we should have a date filter here to pull only required data
) TO '/temp/user_purchase.csv' WITH (FORMAT CSV, HEADER);
[2024-10-11T15:07:20.836+0000] {crypto.py:82} WARNING - empty cryptography key - values will not be stored encrypted.
[2024-10-11T15:07:20.836+0000] {base.py:84} INFO - Using connection ID 'postgres_default' for task execution.
[2024-10-11T15:07:20.839+0000] {base.py:84} INFO - Using connection ID 'postgres_default' for task execution.
[2024-10-11T15:07:20.843+0000] {sql.py:487} INFO - Running statement: COPY (
       select invoice_number,
              stock_code,
              detail,
              quantity,
              invoice_date,
              unit_price,
              customer_id,
              country
       from retail.user_purchase -- we should have a date filter here to pull only required data
) TO '/temp/user_purchase.csv' WITH (FORMAT CSV, HEADER);, parameters: None
[2024-10-11T15:07:21.557+0000] {sql.py:496} INFO - Rows affected: 541908
[2024-10-11T15:07:21.558+0000] {taskinstance.py:441} INFO - ::group::Post task execution logs
[2024-10-11T15:07:21.568+0000] {taskinstance.py:1206} INFO - Marking task as SUCCESS. dag_id=user_behaviour, task_id=extract_user_purchase_data, run_id=scheduled__2024-10-06T00:00:00+00:00, execution_date=20241006T000000, start_date=20241011T150720, end_date=20241011T150721
[2024-10-11T15:07:21.624+0000] {local_task_job_runner.py:240} INFO - Task exited with return code 0
[2024-10-11T15:07:21.633+0000] {warnings.py:112} WARNING - /home/***/.local/lib/python3.12/site-packages/***/models/baseoperator.py:1297: AirflowProviderDeprecationWarning: Call to deprecated class SnowflakeOperator. (This class is deprecated. Please use `***.providers.common.sql.operators.sql.SQLExecuteQueryOperator`. Also, you can provide `hook_params={'warehouse': <warehouse>, 'database': <database>, 'role': <role>, 'schema': <schema>, 'authenticator': <authenticator>,'session_parameters': <session_parameters>}`.)
  result = cls.__new__(cls)

[2024-10-11T15:07:21.634+0000] {warnings.py:112} WARNING - /home/***/.local/lib/python3.12/site-packages/***/models/baseoperator.py:1297: AirflowProviderDeprecationWarning: Call to deprecated class PostgresOperator. (Please use `***.providers.common.sql.operators.sql.SQLExecuteQueryOperator`.Also, you can provide `hook_params={'schema': <database>}`.)
  result = cls.__new__(cls)

[2024-10-11T15:07:21.661+0000] {taskinstance.py:3503} INFO - 1 downstream tasks scheduled from follow-on schedule check
[2024-10-11T15:07:21.664+0000] {local_task_job_runner.py:222} INFO - ::endgroup::
