[2024-10-09 05:50:25,158] {taskinstance.py:1159} INFO - Dependencies all met for <TaskInstance: user_behaviour.extract_user_purchase_data scheduled__2024-10-08T00:00:00+00:00 [queued]>
[2024-10-09 05:50:25,170] {taskinstance.py:1159} INFO - Dependencies all met for <TaskInstance: user_behaviour.extract_user_purchase_data scheduled__2024-10-08T00:00:00+00:00 [queued]>
[2024-10-09 05:50:25,171] {taskinstance.py:1356} INFO - 
--------------------------------------------------------------------------------
[2024-10-09 05:50:25,171] {taskinstance.py:1357} INFO - Starting attempt 1 of 3
[2024-10-09 05:50:25,171] {taskinstance.py:1358} INFO - 
--------------------------------------------------------------------------------
[2024-10-09 05:50:25,185] {taskinstance.py:1377} INFO - Executing <Task(PostgresOperator): extract_user_purchase_data> on 2024-10-08 00:00:00+00:00
[2024-10-09 05:50:25,189] {standard_task_runner.py:52} INFO - Started process 311 to run task
[2024-10-09 05:50:25,192] {standard_task_runner.py:79} INFO - Running: ['***', 'tasks', 'run', 'user_behaviour', 'extract_user_purchase_data', 'scheduled__2024-10-08T00:00:00+00:00', '--job-id', '9', '--raw', '--subdir', 'DAGS_FOLDER/user_behaviour.py', '--cfg-path', '/tmp/tmp0alcb34e', '--error-file', '/tmp/tmpfjyd4jo9']
[2024-10-09 05:50:25,192] {standard_task_runner.py:80} INFO - Job 9: Subtask extract_user_purchase_data
[2024-10-09 05:50:25,248] {task_command.py:370} INFO - Running <TaskInstance: user_behaviour.extract_user_purchase_data scheduled__2024-10-08T00:00:00+00:00 [running]> on host 82b931b01445
[2024-10-09 05:50:25,321] {taskinstance.py:1571} INFO - Exporting the following env vars:
AIRFLOW_CTX_DAG_EMAIL=***@***.com
AIRFLOW_CTX_DAG_OWNER=***
AIRFLOW_CTX_DAG_ID=user_behaviour
AIRFLOW_CTX_TASK_ID=extract_user_purchase_data
AIRFLOW_CTX_EXECUTION_DATE=2024-10-08T00:00:00+00:00
AIRFLOW_CTX_TRY_NUMBER=1
AIRFLOW_CTX_DAG_RUN_ID=scheduled__2024-10-08T00:00:00+00:00
[2024-10-09 05:50:25,322] {crypto.py:82} WARNING - empty cryptography key - values will not be stored encrypted.
[2024-10-09 05:50:25,323] {base.py:68} INFO - Using connection ID 'postgres_default' for task execution.
[2024-10-09 05:50:25,326] {dbapi.py:213} INFO - Running statement: COPY (
       select invoice_number,
              stock_code,
              detail,
              quantity,
              invoice_date,
              unit_price,
              customer_id,
              country
       from retail.user_purchase -- we should have a date filter here to pull only required data
) TO '/temp/user_purchase.csv' WITH (FORMAT CSV, HEADER);, parameters: None
[2024-10-09 05:50:26,027] {dbapi.py:221} INFO - Rows affected: 541908
[2024-10-09 05:50:26,042] {taskinstance.py:1400} INFO - Marking task as SUCCESS. dag_id=user_behaviour, task_id=extract_user_purchase_data, execution_date=20241008T000000, start_date=20241009T055025, end_date=20241009T055026
[2024-10-09 05:50:26,101] {local_task_job.py:156} INFO - Task exited with return code 0
[2024-10-09 05:50:26,159] {local_task_job.py:273} INFO - 1 downstream tasks scheduled from follow-on schedule check
[2024-10-11T15:02:51.368+0000] {local_task_job_runner.py:120} INFO - ::group::Pre task execution logs
[2024-10-11T15:02:51.392+0000] {taskinstance.py:2076} INFO - Dependencies all met for dep_context=non-requeueable deps ti=<TaskInstance: user_behaviour.extract_user_purchase_data scheduled__2024-10-08T00:00:00+00:00 [queued]>
[2024-10-11T15:02:51.403+0000] {taskinstance.py:2076} INFO - Dependencies all met for dep_context=requeueable deps ti=<TaskInstance: user_behaviour.extract_user_purchase_data scheduled__2024-10-08T00:00:00+00:00 [queued]>
[2024-10-11T15:02:51.403+0000] {taskinstance.py:2306} INFO - Starting attempt 1 of 3
[2024-10-11T15:02:51.418+0000] {taskinstance.py:2330} INFO - Executing <Task(PostgresOperator): extract_user_purchase_data> on 2024-10-08 00:00:00+00:00
[2024-10-11T15:02:51.424+0000] {warnings.py:112} WARNING - /home/***/.local/lib/python3.12/site-packages/***/task/task_runner/standard_task_runner.py:61: DeprecationWarning: This process (pid=244) is multi-threaded, use of fork() may lead to deadlocks in the child.
  pid = os.fork()

[2024-10-11T15:02:51.425+0000] {standard_task_runner.py:63} INFO - Started process 246 to run task
[2024-10-11T15:02:51.426+0000] {standard_task_runner.py:90} INFO - Running: ['***', 'tasks', 'run', 'user_behaviour', 'extract_user_purchase_data', 'scheduled__2024-10-08T00:00:00+00:00', '--job-id', '15', '--raw', '--subdir', 'DAGS_FOLDER/user_behaviour.py', '--cfg-path', '/tmp/tmpz7pug0lb']
[2024-10-11T15:02:51.428+0000] {standard_task_runner.py:91} INFO - Job 15: Subtask extract_user_purchase_data
[2024-10-11T15:02:51.473+0000] {task_command.py:426} INFO - Running <TaskInstance: user_behaviour.extract_user_purchase_data scheduled__2024-10-08T00:00:00+00:00 [running]> on host 40ee99ca9dd7
[2024-10-11T15:02:51.565+0000] {taskinstance.py:2648} INFO - Exporting env vars: AIRFLOW_CTX_DAG_OWNER='***' AIRFLOW_CTX_DAG_ID='user_behaviour' AIRFLOW_CTX_TASK_ID='extract_user_purchase_data' AIRFLOW_CTX_EXECUTION_DATE='2024-10-08T00:00:00+00:00' AIRFLOW_CTX_TRY_NUMBER='1' AIRFLOW_CTX_DAG_RUN_ID='scheduled__2024-10-08T00:00:00+00:00'
[2024-10-11T15:02:51.567+0000] {taskinstance.py:430} INFO - ::endgroup::
[2024-10-11T15:02:51.578+0000] {sql.py:276} INFO - Executing: COPY (
       select invoice_number,
              stock_code,
              detail,
              quantity,
              invoice_date,
              unit_price,
              customer_id,
              country
       from retail.user_purchase -- we should have a date filter here to pull only required data
) TO '/temp/user_purchase.csv' WITH (FORMAT CSV, HEADER);
[2024-10-11T15:02:51.579+0000] {crypto.py:82} WARNING - empty cryptography key - values will not be stored encrypted.
[2024-10-11T15:02:51.580+0000] {base.py:84} INFO - Using connection ID 'postgres_default' for task execution.
[2024-10-11T15:02:51.582+0000] {base.py:84} INFO - Using connection ID 'postgres_default' for task execution.
[2024-10-11T15:02:51.586+0000] {sql.py:487} INFO - Running statement: COPY (
       select invoice_number,
              stock_code,
              detail,
              quantity,
              invoice_date,
              unit_price,
              customer_id,
              country
       from retail.user_purchase -- we should have a date filter here to pull only required data
) TO '/temp/user_purchase.csv' WITH (FORMAT CSV, HEADER);, parameters: None
[2024-10-11T15:02:52.253+0000] {sql.py:496} INFO - Rows affected: 541908
[2024-10-11T15:02:52.254+0000] {taskinstance.py:441} INFO - ::group::Post task execution logs
[2024-10-11T15:02:52.263+0000] {taskinstance.py:1206} INFO - Marking task as SUCCESS. dag_id=user_behaviour, task_id=extract_user_purchase_data, run_id=scheduled__2024-10-08T00:00:00+00:00, execution_date=20241008T000000, start_date=20241011T150251, end_date=20241011T150252
[2024-10-11T15:02:52.295+0000] {local_task_job_runner.py:240} INFO - Task exited with return code 0
[2024-10-11T15:02:52.310+0000] {warnings.py:112} WARNING - /home/***/.local/lib/python3.12/site-packages/***/models/baseoperator.py:1297: AirflowProviderDeprecationWarning: Call to deprecated class SnowflakeOperator. (This class is deprecated. Please use `***.providers.common.sql.operators.sql.SQLExecuteQueryOperator`. Also, you can provide `hook_params={'warehouse': <warehouse>, 'database': <database>, 'role': <role>, 'schema': <schema>, 'authenticator': <authenticator>,'session_parameters': <session_parameters>}`.)
  result = cls.__new__(cls)

[2024-10-11T15:02:52.311+0000] {warnings.py:112} WARNING - /home/***/.local/lib/python3.12/site-packages/***/models/baseoperator.py:1297: AirflowProviderDeprecationWarning: Call to deprecated class PostgresOperator. (Please use `***.providers.common.sql.operators.sql.SQLExecuteQueryOperator`.Also, you can provide `hook_params={'schema': <database>}`.)
  result = cls.__new__(cls)

[2024-10-11T15:02:52.333+0000] {taskinstance.py:3503} INFO - 0 downstream tasks scheduled from follow-on schedule check
[2024-10-11T15:02:52.336+0000] {local_task_job_runner.py:222} INFO - ::endgroup::
