[2024-10-11T15:02:02.561+0000] {local_task_job_runner.py:120} INFO - ::group::Pre task execution logs
[2024-10-11T15:02:02.589+0000] {taskinstance.py:2076} INFO - Dependencies all met for dep_context=non-requeueable deps ti=<TaskInstance: user_behaviour.extract_user_purchase_data manual__2024-10-11T15:02:00.854877+00:00 [queued]>
[2024-10-11T15:02:02.603+0000] {taskinstance.py:2076} INFO - Dependencies all met for dep_context=requeueable deps ti=<TaskInstance: user_behaviour.extract_user_purchase_data manual__2024-10-11T15:02:00.854877+00:00 [queued]>
[2024-10-11T15:02:02.603+0000] {taskinstance.py:2306} INFO - Starting attempt 1 of 3
[2024-10-11T15:02:02.619+0000] {taskinstance.py:2330} INFO - Executing <Task(PostgresOperator): extract_user_purchase_data> on 2024-10-11 15:02:00.854877+00:00
[2024-10-11T15:02:02.626+0000] {warnings.py:112} WARNING - /home/***/.local/lib/python3.12/site-packages/***/task/task_runner/standard_task_runner.py:61: DeprecationWarning: This process (pid=213) is multi-threaded, use of fork() may lead to deadlocks in the child.
  pid = os.fork()

[2024-10-11T15:02:02.627+0000] {standard_task_runner.py:63} INFO - Started process 221 to run task
[2024-10-11T15:02:02.628+0000] {standard_task_runner.py:90} INFO - Running: ['***', 'tasks', 'run', 'user_behaviour', 'extract_user_purchase_data', 'manual__2024-10-11T15:02:00.854877+00:00', '--job-id', '14', '--raw', '--subdir', 'DAGS_FOLDER/user_behaviour.py', '--cfg-path', '/tmp/tmpq5xjf1oi']
[2024-10-11T15:02:02.630+0000] {standard_task_runner.py:91} INFO - Job 14: Subtask extract_user_purchase_data
[2024-10-11T15:02:02.679+0000] {task_command.py:426} INFO - Running <TaskInstance: user_behaviour.extract_user_purchase_data manual__2024-10-11T15:02:00.854877+00:00 [running]> on host 40ee99ca9dd7
[2024-10-11T15:02:02.790+0000] {taskinstance.py:2648} INFO - Exporting env vars: AIRFLOW_CTX_DAG_OWNER='***' AIRFLOW_CTX_DAG_ID='user_behaviour' AIRFLOW_CTX_TASK_ID='extract_user_purchase_data' AIRFLOW_CTX_EXECUTION_DATE='2024-10-11T15:02:00.854877+00:00' AIRFLOW_CTX_TRY_NUMBER='1' AIRFLOW_CTX_DAG_RUN_ID='manual__2024-10-11T15:02:00.854877+00:00'
[2024-10-11T15:02:02.791+0000] {taskinstance.py:430} INFO - ::endgroup::
[2024-10-11T15:02:02.806+0000] {sql.py:276} INFO - Executing: COPY (
       select invoice_number,
              stock_code,
              detail,
              quantity,
              invoice_date,
              unit_price,
              customer_id,
              country
       from retail.user_purchase -- we should have a date filter here to pull only required data
) TO '/temp/user_purchase.csv' WITH (FORMAT CSV, HEADER);
[2024-10-11T15:02:02.807+0000] {crypto.py:82} WARNING - empty cryptography key - values will not be stored encrypted.
[2024-10-11T15:02:02.808+0000] {base.py:84} INFO - Using connection ID 'postgres_default' for task execution.
[2024-10-11T15:02:02.811+0000] {base.py:84} INFO - Using connection ID 'postgres_default' for task execution.
[2024-10-11T15:02:02.817+0000] {sql.py:487} INFO - Running statement: COPY (
       select invoice_number,
              stock_code,
              detail,
              quantity,
              invoice_date,
              unit_price,
              customer_id,
              country
       from retail.user_purchase -- we should have a date filter here to pull only required data
) TO '/temp/user_purchase.csv' WITH (FORMAT CSV, HEADER);, parameters: None
[2024-10-11T15:02:03.709+0000] {sql.py:496} INFO - Rows affected: 541908
[2024-10-11T15:02:03.710+0000] {taskinstance.py:441} INFO - ::group::Post task execution logs
[2024-10-11T15:02:03.720+0000] {taskinstance.py:1206} INFO - Marking task as SUCCESS. dag_id=user_behaviour, task_id=extract_user_purchase_data, run_id=manual__2024-10-11T15:02:00.854877+00:00, execution_date=20241011T150200, start_date=20241011T150202, end_date=20241011T150203
[2024-10-11T15:02:03.774+0000] {local_task_job_runner.py:240} INFO - Task exited with return code 0
[2024-10-11T15:02:03.785+0000] {warnings.py:112} WARNING - /home/***/.local/lib/python3.12/site-packages/***/models/baseoperator.py:1297: AirflowProviderDeprecationWarning: Call to deprecated class SnowflakeOperator. (This class is deprecated. Please use `***.providers.common.sql.operators.sql.SQLExecuteQueryOperator`. Also, you can provide `hook_params={'warehouse': <warehouse>, 'database': <database>, 'role': <role>, 'schema': <schema>, 'authenticator': <authenticator>,'session_parameters': <session_parameters>}`.)
  result = cls.__new__(cls)

[2024-10-11T15:02:03.786+0000] {warnings.py:112} WARNING - /home/***/.local/lib/python3.12/site-packages/***/models/baseoperator.py:1297: AirflowProviderDeprecationWarning: Call to deprecated class PostgresOperator. (Please use `***.providers.common.sql.operators.sql.SQLExecuteQueryOperator`.Also, you can provide `hook_params={'schema': <database>}`.)
  result = cls.__new__(cls)

[2024-10-11T15:02:03.812+0000] {taskinstance.py:3503} INFO - 0 downstream tasks scheduled from follow-on schedule check
[2024-10-11T15:02:03.815+0000] {local_task_job_runner.py:222} INFO - ::endgroup::
