[2024-10-09 17:08:49,544] {taskinstance.py:1159} INFO - Dependencies all met for <TaskInstance: user_behaviour.extract_user_purchase_data manual__2024-10-09T17:08:48.300275+00:00 [queued]>
[2024-10-09 17:08:49,557] {taskinstance.py:1159} INFO - Dependencies all met for <TaskInstance: user_behaviour.extract_user_purchase_data manual__2024-10-09T17:08:48.300275+00:00 [queued]>
[2024-10-09 17:08:49,557] {taskinstance.py:1356} INFO - 
--------------------------------------------------------------------------------
[2024-10-09 17:08:49,557] {taskinstance.py:1357} INFO - Starting attempt 1 of 3
[2024-10-09 17:08:49,557] {taskinstance.py:1358} INFO - 
--------------------------------------------------------------------------------
[2024-10-09 17:08:49,573] {taskinstance.py:1377} INFO - Executing <Task(PostgresOperator): extract_user_purchase_data> on 2024-10-09 17:08:48.300275+00:00
[2024-10-09 17:08:49,577] {standard_task_runner.py:52} INFO - Started process 367 to run task
[2024-10-09 17:08:49,580] {standard_task_runner.py:79} INFO - Running: ['***', 'tasks', 'run', 'user_behaviour', 'extract_user_purchase_data', 'manual__2024-10-09T17:08:48.300275+00:00', '--job-id', '3', '--raw', '--subdir', 'DAGS_FOLDER/user_behaviour.py', '--cfg-path', '/tmp/tmpjcmcx2lk', '--error-file', '/tmp/tmp94sozg5c']
[2024-10-09 17:08:49,580] {standard_task_runner.py:80} INFO - Job 3: Subtask extract_user_purchase_data
[2024-10-09 17:08:49,637] {task_command.py:370} INFO - Running <TaskInstance: user_behaviour.extract_user_purchase_data manual__2024-10-09T17:08:48.300275+00:00 [running]> on host acfcc9bdc161
[2024-10-09 17:08:49,715] {taskinstance.py:1571} INFO - Exporting the following env vars:
AIRFLOW_CTX_DAG_EMAIL=***@***.com
AIRFLOW_CTX_DAG_OWNER=***
AIRFLOW_CTX_DAG_ID=user_behaviour
AIRFLOW_CTX_TASK_ID=extract_user_purchase_data
AIRFLOW_CTX_EXECUTION_DATE=2024-10-09T17:08:48.300275+00:00
AIRFLOW_CTX_TRY_NUMBER=1
AIRFLOW_CTX_DAG_RUN_ID=manual__2024-10-09T17:08:48.300275+00:00
[2024-10-09 17:08:49,716] {crypto.py:82} WARNING - empty cryptography key - values will not be stored encrypted.
[2024-10-09 17:08:49,717] {base.py:68} INFO - Using connection ID 'postgres_default' for task execution.
[2024-10-09 17:08:49,721] {dbapi.py:213} INFO - Running statement: COPY (
       select invoice_number,
              stock_code,
              detail,
              quantity,
              invoice_date,
              unit_price,
              customer_id,
              country
       from retail.user_purchase -- we should have a date filter here to pull only required data
) TO '/temp/user_purchase.csv' WITH (FORMAT CSV, HEADER);, parameters: None
[2024-10-09 17:08:49,965] {dbapi.py:221} INFO - Rows affected: 541908
[2024-10-09 17:08:49,982] {taskinstance.py:1400} INFO - Marking task as SUCCESS. dag_id=user_behaviour, task_id=extract_user_purchase_data, execution_date=20241009T170848, start_date=20241009T170849, end_date=20241009T170849
[2024-10-09 17:08:50,013] {local_task_job.py:156} INFO - Task exited with return code 0
[2024-10-09 17:08:50,069] {local_task_job.py:273} INFO - 1 downstream tasks scheduled from follow-on schedule check
